{"/Users/nicklaye/Desktop/Cursor Projects/Health Check amoCRM/server/api.js": {"path":"/Users/nicklaye/Desktop/Cursor Projects/Health Check amoCRM/server/api.js","statementMap":{"0":{"start":{"line":1,"column":16},"end":{"line":1,"column":34}},"1":{"start":{"line":2,"column":17},"end":{"line":2,"column":38}},"2":{"start":{"line":3,"column":16},"end":{"line":3,"column":36}},"3":{"start":{"line":4,"column":42},"end":{"line":4,"column":70}},"4":{"start":{"line":5,"column":62},"end":{"line":5,"column":96}},"5":{"start":{"line":6,"column":25},"end":{"line":6,"column":50}},"6":{"start":{"line":7,"column":24},"end":{"line":7,"column":53}},"7":{"start":{"line":8,"column":16},"end":{"line":8,"column":36}},"8":{"start":{"line":10,"column":15},"end":{"line":10,"column":31}},"9":{"start":{"line":11,"column":15},"end":{"line":11,"column":34}},"10":{"start":{"line":14,"column":19},"end":{"line":14,"column":21}},"11":{"start":{"line":17,"column":31},"end":{"line":17,"column":36}},"12":{"start":{"line":18,"column":26},"end":{"line":18,"column":30}},"13":{"start":{"line":21,"column":0},"end":{"line":31,"column":4}},"14":{"start":{"line":22,"column":2},"end":{"line":30,"column":5}},"15":{"start":{"line":34,"column":0},"end":{"line":41,"column":4}},"16":{"start":{"line":35,"column":17},"end":{"line":35,"column":36}},"17":{"start":{"line":36,"column":2},"end":{"line":40,"column":5}},"18":{"start":{"line":44,"column":0},"end":{"line":54,"column":4}},"19":{"start":{"line":45,"column":36},"end":{"line":45,"column":45}},"20":{"start":{"line":47,"column":15},"end":{"line":47,"column":71}},"21":{"start":{"line":49,"column":2},"end":{"line":53,"column":5}},"22":{"start":{"line":57,"column":0},"end":{"line":66,"column":4}},"23":{"start":{"line":58,"column":25},"end":{"line":58,"column":34}},"24":{"start":{"line":59,"column":20},"end":{"line":59,"column":54}},"25":{"start":{"line":61,"column":2},"end":{"line":65,"column":5}},"26":{"start":{"line":69,"column":0},"end":{"line":157,"column":4}},"27":{"start":{"line":70,"column":25},"end":{"line":70,"column":34}},"28":{"start":{"line":72,"column":21},"end":{"line":72,"column":47}},"29":{"start":{"line":73,"column":16},"end":{"line":73,"column":18}},"30":{"start":{"line":75,"column":2},"end":{"line":150,"column":3}},"31":{"start":{"line":77,"column":26},"end":{"line":77,"column":80}},"32":{"start":{"line":80,"column":4},"end":{"line":107,"column":5}},"33":{"start":{"line":81,"column":6},"end":{"line":81,"column":100}},"34":{"start":{"line":82,"column":6},"end":{"line":105,"column":8}},"35":{"start":{"line":106,"column":6},"end":{"line":106,"column":15}},"36":{"start":{"line":109,"column":4},"end":{"line":149,"column":6}},"37":{"start":{"line":152,"column":2},"end":{"line":156,"column":5}},"38":{"start":{"line":160,"column":0},"end":{"line":188,"column":3}},"39":{"start":{"line":161,"column":20},"end":{"line":161,"column":46}},"40":{"start":{"line":162,"column":20},"end":{"line":162,"column":39}},"41":{"start":{"line":163,"column":17},"end":{"line":163,"column":33}},"42":{"start":{"line":165,"column":29},"end":{"line":165,"column":70}},"43":{"start":{"line":168,"column":2},"end":{"line":168,"column":46}},"44":{"start":{"line":170,"column":17},"end":{"line":177,"column":3}},"45":{"start":{"line":179,"column":21},"end":{"line":179,"column":42}},"46":{"start":{"line":180,"column":2},"end":{"line":183,"column":5}},"47":{"start":{"line":185,"column":2},"end":{"line":187,"column":3}},"48":{"start":{"line":186,"column":4},"end":{"line":186,"column":84}},"49":{"start":{"line":191,"column":0},"end":{"line":195,"column":4}},"50":{"start":{"line":192,"column":2},"end":{"line":192,"column":52}},"51":{"start":{"line":193,"column":22},"end":{"line":193,"column":48}},"52":{"start":{"line":194,"column":2},"end":{"line":194,"column":23}},"53":{"start":{"line":198,"column":0},"end":{"line":235,"column":3}},"54":{"start":{"line":200,"column":2},"end":{"line":200,"column":53}},"55":{"start":{"line":201,"column":2},"end":{"line":201,"column":45}},"56":{"start":{"line":202,"column":2},"end":{"line":202,"column":44}},"57":{"start":{"line":203,"column":2},"end":{"line":203,"column":52}},"58":{"start":{"line":206,"column":2},"end":{"line":206,"column":93}},"59":{"start":{"line":209,"column":19},"end":{"line":209,"column":29}},"60":{"start":{"line":210,"column":17},"end":{"line":210,"column":65}},"61":{"start":{"line":211,"column":2},"end":{"line":211,"column":26}},"62":{"start":{"line":213,"column":2},"end":{"line":213,"column":79}},"63":{"start":{"line":216,"column":2},"end":{"line":218,"column":3}},"64":{"start":{"line":217,"column":4},"end":{"line":217,"column":21}},"65":{"start":{"line":221,"column":2},"end":{"line":234,"column":5}},"66":{"start":{"line":222,"column":18},"end":{"line":222,"column":62}},"67":{"start":{"line":222,"column":44},"end":{"line":222,"column":61}},"68":{"start":{"line":223,"column":4},"end":{"line":225,"column":5}},"69":{"start":{"line":224,"column":6},"end":{"line":224,"column":34}},"70":{"start":{"line":226,"column":4},"end":{"line":226,"column":84}},"71":{"start":{"line":229,"column":4},"end":{"line":233,"column":5}},"72":{"start":{"line":230,"column":6},"end":{"line":230,"column":41}},"73":{"start":{"line":231,"column":6},"end":{"line":231,"column":33}},"74":{"start":{"line":232,"column":6},"end":{"line":232,"column":57}},"75":{"start":{"line":241,"column":2},"end":{"line":265,"column":29}},"76":{"start":{"line":242,"column":16},"end":{"line":242,"column":26}},"77":{"start":{"line":243,"column":24},"end":{"line":243,"column":26}},"78":{"start":{"line":245,"column":4},"end":{"line":253,"column":7}},"79":{"start":{"line":246,"column":6},"end":{"line":252,"column":7}},"80":{"start":{"line":247,"column":8},"end":{"line":247,"column":44}},"81":{"start":{"line":248,"column":8},"end":{"line":248,"column":35}},"82":{"start":{"line":250,"column":8},"end":{"line":250,"column":62}},"83":{"start":{"line":251,"column":8},"end":{"line":251,"column":32}},"84":{"start":{"line":256,"column":4},"end":{"line":260,"column":7}},"85":{"start":{"line":257,"column":21},"end":{"line":257,"column":38}},"86":{"start":{"line":258,"column":6},"end":{"line":258,"column":59}},"87":{"start":{"line":259,"column":6},"end":{"line":259,"column":34}},"88":{"start":{"line":262,"column":4},"end":{"line":264,"column":5}},"89":{"start":{"line":263,"column":6},"end":{"line":263,"column":73}},"90":{"start":{"line":267,"column":2},"end":{"line":267,"column":39}},"91":{"start":{"line":274,"column":2},"end":{"line":274,"column":38}},"92":{"start":{"line":274,"column":31},"end":{"line":274,"column":38}},"93":{"start":{"line":276,"column":18},"end":{"line":281,"column":4}},"94":{"start":{"line":283,"column":22},"end":{"line":283,"column":24}},"95":{"start":{"line":284,"column":2},"end":{"line":291,"column":5}},"96":{"start":{"line":285,"column":4},"end":{"line":290,"column":5}},"97":{"start":{"line":286,"column":6},"end":{"line":286,"column":47}},"98":{"start":{"line":288,"column":6},"end":{"line":288,"column":76}},"99":{"start":{"line":289,"column":6},"end":{"line":289,"column":30}},"100":{"start":{"line":294,"column":2},"end":{"line":297,"column":5}},"101":{"start":{"line":295,"column":4},"end":{"line":295,"column":63}},"102":{"start":{"line":296,"column":4},"end":{"line":296,"column":32}},"103":{"start":{"line":301,"column":0},"end":{"line":303,"column":3}},"104":{"start":{"line":302,"column":2},"end":{"line":302,"column":35}},"105":{"start":{"line":306,"column":100},"end":{"line":306,"column":133}},"106":{"start":{"line":308,"column":0},"end":{"line":321,"column":4}},"107":{"start":{"line":309,"column":52},"end":{"line":309,"column":61}},"108":{"start":{"line":311,"column":15},"end":{"line":311,"column":71}},"109":{"start":{"line":313,"column":2},"end":{"line":320,"column":3}},"110":{"start":{"line":314,"column":16},"end":{"line":314,"column":45}},"111":{"start":{"line":315,"column":4},"end":{"line":315,"column":46}},"112":{"start":{"line":316,"column":4},"end":{"line":316,"column":99}},"113":{"start":{"line":317,"column":4},"end":{"line":317,"column":18}},"114":{"start":{"line":319,"column":4},"end":{"line":319,"column":38}},"115":{"start":{"line":323,"column":0},"end":{"line":336,"column":4}},"116":{"start":{"line":324,"column":42},"end":{"line":324,"column":51}},"117":{"start":{"line":326,"column":15},"end":{"line":326,"column":49}},"118":{"start":{"line":328,"column":2},"end":{"line":335,"column":3}},"119":{"start":{"line":329,"column":16},"end":{"line":329,"column":42}},"120":{"start":{"line":330,"column":4},"end":{"line":330,"column":46}},"121":{"start":{"line":331,"column":4},"end":{"line":331,"column":95}},"122":{"start":{"line":332,"column":4},"end":{"line":332,"column":18}},"123":{"start":{"line":334,"column":4},"end":{"line":334,"column":38}},"124":{"start":{"line":338,"column":0},"end":{"line":371,"column":4}},"125":{"start":{"line":339,"column":41},"end":{"line":339,"column":50}},"126":{"start":{"line":341,"column":21},"end":{"line":341,"column":47}},"127":{"start":{"line":342,"column":24},"end":{"line":355,"column":4}},"128":{"start":{"line":343,"column":19},"end":{"line":343,"column":61}},"129":{"start":{"line":344,"column":20},"end":{"line":344,"column":75}},"130":{"start":{"line":345,"column":25},"end":{"line":345,"column":73}},"131":{"start":{"line":347,"column":4},"end":{"line":354,"column":6}},"132":{"start":{"line":352,"column":49},"end":{"line":352,"column":66}},"133":{"start":{"line":353,"column":45},"end":{"line":353,"column":64}},"134":{"start":{"line":357,"column":21},"end":{"line":357,"column":53}},"135":{"start":{"line":358,"column":16},"end":{"line":361,"column":8}},"136":{"start":{"line":359,"column":4},"end":{"line":359,"column":31}},"137":{"start":{"line":360,"column":4},"end":{"line":360,"column":15}},"138":{"start":{"line":363,"column":2},"end":{"line":370,"column":3}},"139":{"start":{"line":364,"column":16},"end":{"line":364,"column":39}},"140":{"start":{"line":365,"column":4},"end":{"line":365,"column":46}},"141":{"start":{"line":366,"column":4},"end":{"line":366,"column":91}},"142":{"start":{"line":367,"column":4},"end":{"line":367,"column":18}},"143":{"start":{"line":369,"column":4},"end":{"line":369,"column":45}},"144":{"start":{"line":373,"column":0},"end":{"line":409,"column":4}},"145":{"start":{"line":374,"column":25},"end":{"line":374,"column":34}},"146":{"start":{"line":376,"column":23},"end":{"line":376,"column":66}},"147":{"start":{"line":377,"column":20},"end":{"line":377,"column":52}},"148":{"start":{"line":379,"column":21},"end":{"line":379,"column":47}},"149":{"start":{"line":380,"column":24},"end":{"line":393,"column":4}},"150":{"start":{"line":381,"column":19},"end":{"line":381,"column":61}},"151":{"start":{"line":382,"column":20},"end":{"line":382,"column":75}},"152":{"start":{"line":383,"column":19},"end":{"line":383,"column":71}},"153":{"start":{"line":383,"column":44},"end":{"line":383,"column":70}},"154":{"start":{"line":385,"column":4},"end":{"line":392,"column":6}},"155":{"start":{"line":390,"column":43},"end":{"line":390,"column":60}},"156":{"start":{"line":391,"column":39},"end":{"line":391,"column":58}},"157":{"start":{"line":395,"column":21},"end":{"line":395,"column":53}},"158":{"start":{"line":396,"column":16},"end":{"line":399,"column":8}},"159":{"start":{"line":397,"column":4},"end":{"line":397,"column":31}},"160":{"start":{"line":398,"column":4},"end":{"line":398,"column":15}},"161":{"start":{"line":401,"column":17},"end":{"line":406,"column":4}},"162":{"start":{"line":408,"column":2},"end":{"line":408,"column":44}},"163":{"start":{"line":411,"column":0},"end":{"line":411,"column":24}}},"fnMap":{"0":{"name":"(anonymous_0)","decl":{"start":{"line":21,"column":35},"end":{"line":21,"column":36}},"loc":{"start":{"line":21,"column":55},"end":{"line":31,"column":1}},"line":21},"1":{"name":"(anonymous_1)","decl":{"start":{"line":34,"column":35},"end":{"line":34,"column":36}},"loc":{"start":{"line":34,"column":55},"end":{"line":41,"column":1}},"line":34},"2":{"name":"(anonymous_2)","decl":{"start":{"line":44,"column":53},"end":{"line":44,"column":54}},"loc":{"start":{"line":44,"column":73},"end":{"line":54,"column":1}},"line":44},"3":{"name":"(anonymous_3)","decl":{"start":{"line":57,"column":57},"end":{"line":57,"column":58}},"loc":{"start":{"line":57,"column":77},"end":{"line":66,"column":1}},"line":57},"4":{"name":"(anonymous_4)","decl":{"start":{"line":69,"column":49},"end":{"line":69,"column":50}},"loc":{"start":{"line":69,"column":69},"end":{"line":157,"column":1}},"line":69},"5":{"name":"(anonymous_5)","decl":{"start":{"line":160,"column":22},"end":{"line":160,"column":23}},"loc":{"start":{"line":160,"column":36},"end":{"line":188,"column":1}},"line":160},"6":{"name":"(anonymous_6)","decl":{"start":{"line":191,"column":36},"end":{"line":191,"column":37}},"loc":{"start":{"line":191,"column":56},"end":{"line":195,"column":1}},"line":191},"7":{"name":"(anonymous_7)","decl":{"start":{"line":198,"column":39},"end":{"line":198,"column":40}},"loc":{"start":{"line":198,"column":53},"end":{"line":235,"column":1}},"line":198},"8":{"name":"(anonymous_8)","decl":{"start":{"line":221,"column":18},"end":{"line":221,"column":19}},"loc":{"start":{"line":221,"column":24},"end":{"line":234,"column":3}},"line":221},"9":{"name":"(anonymous_9)","decl":{"start":{"line":222,"column":39},"end":{"line":222,"column":40}},"loc":{"start":{"line":222,"column":44},"end":{"line":222,"column":61}},"line":222},"10":{"name":"startHeartbeat","decl":{"start":{"line":240,"column":9},"end":{"line":240,"column":23}},"loc":{"start":{"line":240,"column":26},"end":{"line":268,"column":1}},"line":240},"11":{"name":"(anonymous_11)","decl":{"start":{"line":241,"column":36},"end":{"line":241,"column":37}},"loc":{"start":{"line":241,"column":42},"end":{"line":265,"column":3}},"line":241},"12":{"name":"(anonymous_12)","decl":{"start":{"line":245,"column":23},"end":{"line":245,"column":24}},"loc":{"start":{"line":245,"column":42},"end":{"line":253,"column":5}},"line":245},"13":{"name":"(anonymous_13)","decl":{"start":{"line":256,"column":34},"end":{"line":256,"column":35}},"loc":{"start":{"line":256,"column":43},"end":{"line":260,"column":5}},"line":256},"14":{"name":"broadcastUpdate","decl":{"start":{"line":273,"column":9},"end":{"line":273,"column":24}},"loc":{"start":{"line":273,"column":42},"end":{"line":298,"column":1}},"line":273},"15":{"name":"(anonymous_15)","decl":{"start":{"line":284,"column":21},"end":{"line":284,"column":22}},"loc":{"start":{"line":284,"column":40},"end":{"line":291,"column":3}},"line":284},"16":{"name":"(anonymous_16)","decl":{"start":{"line":294,"column":32},"end":{"line":294,"column":33}},"loc":{"start":{"line":294,"column":41},"end":{"line":297,"column":3}},"line":294},"17":{"name":"(anonymous_17)","decl":{"start":{"line":301,"column":20},"end":{"line":301,"column":21}},"loc":{"start":{"line":301,"column":41},"end":{"line":303,"column":1}},"line":301},"18":{"name":"(anonymous_18)","decl":{"start":{"line":308,"column":66},"end":{"line":308,"column":67}},"loc":{"start":{"line":308,"column":86},"end":{"line":321,"column":1}},"line":308},"19":{"name":"(anonymous_19)","decl":{"start":{"line":323,"column":64},"end":{"line":323,"column":65}},"loc":{"start":{"line":323,"column":84},"end":{"line":336,"column":1}},"line":323},"20":{"name":"(anonymous_20)","decl":{"start":{"line":338,"column":56},"end":{"line":338,"column":57}},"loc":{"start":{"line":338,"column":76},"end":{"line":371,"column":1}},"line":338},"21":{"name":"(anonymous_21)","decl":{"start":{"line":342,"column":39},"end":{"line":342,"column":40}},"loc":{"start":{"line":342,"column":60},"end":{"line":355,"column":3}},"line":342},"22":{"name":"(anonymous_22)","decl":{"start":{"line":352,"column":44},"end":{"line":352,"column":45}},"loc":{"start":{"line":352,"column":49},"end":{"line":352,"column":66}},"line":352},"23":{"name":"(anonymous_23)","decl":{"start":{"line":353,"column":40},"end":{"line":353,"column":41}},"loc":{"start":{"line":353,"column":45},"end":{"line":353,"column":64}},"line":353},"24":{"name":"(anonymous_24)","decl":{"start":{"line":358,"column":34},"end":{"line":358,"column":35}},"loc":{"start":{"line":358,"column":49},"end":{"line":361,"column":3}},"line":358},"25":{"name":"(anonymous_25)","decl":{"start":{"line":373,"column":42},"end":{"line":373,"column":43}},"loc":{"start":{"line":373,"column":62},"end":{"line":409,"column":1}},"line":373},"26":{"name":"(anonymous_26)","decl":{"start":{"line":380,"column":39},"end":{"line":380,"column":40}},"loc":{"start":{"line":380,"column":60},"end":{"line":393,"column":3}},"line":380},"27":{"name":"(anonymous_27)","decl":{"start":{"line":383,"column":39},"end":{"line":383,"column":40}},"loc":{"start":{"line":383,"column":44},"end":{"line":383,"column":70}},"line":383},"28":{"name":"(anonymous_28)","decl":{"start":{"line":390,"column":38},"end":{"line":390,"column":39}},"loc":{"start":{"line":390,"column":43},"end":{"line":390,"column":60}},"line":390},"29":{"name":"(anonymous_29)","decl":{"start":{"line":391,"column":34},"end":{"line":391,"column":35}},"loc":{"start":{"line":391,"column":39},"end":{"line":391,"column":58}},"line":391},"30":{"name":"(anonymous_30)","decl":{"start":{"line":396,"column":34},"end":{"line":396,"column":35}},"loc":{"start":{"line":396,"column":49},"end":{"line":399,"column":3}},"line":396}},"branchMap":{"0":{"loc":{"start":{"line":25,"column":17},"end":{"line":25,"column":45}},"type":"binary-expr","locations":[{"start":{"line":25,"column":17},"end":{"line":25,"column":39}},{"start":{"line":25,"column":43},"end":{"line":25,"column":45}}],"line":25},"1":{"loc":{"start":{"line":26,"column":21},"end":{"line":26,"column":66}},"type":"binary-expr","locations":[{"start":{"line":26,"column":21},"end":{"line":26,"column":57}},{"start":{"line":26,"column":61},"end":{"line":26,"column":66}}],"line":26},"2":{"loc":{"start":{"line":27,"column":14},"end":{"line":27,"column":45}},"type":"binary-expr","locations":[{"start":{"line":27,"column":14},"end":{"line":27,"column":39}},{"start":{"line":27,"column":43},"end":{"line":27,"column":45}}],"line":27},"3":{"loc":{"start":{"line":45,"column":21},"end":{"line":45,"column":31}},"type":"default-arg","locations":[{"start":{"line":45,"column":29},"end":{"line":45,"column":31}}],"line":45},"4":{"loc":{"start":{"line":47,"column":46},"end":{"line":47,"column":63}},"type":"binary-expr","locations":[{"start":{"line":47,"column":46},"end":{"line":47,"column":55}},{"start":{"line":47,"column":59},"end":{"line":47,"column":63}}],"line":47},"5":{"loc":{"start":{"line":58,"column":10},"end":{"line":58,"column":20}},"type":"default-arg","locations":[{"start":{"line":58,"column":18},"end":{"line":58,"column":20}}],"line":58},"6":{"loc":{"start":{"line":70,"column":10},"end":{"line":70,"column":20}},"type":"default-arg","locations":[{"start":{"line":70,"column":18},"end":{"line":70,"column":20}}],"line":70},"7":{"loc":{"start":{"line":80,"column":4},"end":{"line":107,"column":5}},"type":"if","locations":[{"start":{"line":80,"column":4},"end":{"line":107,"column":5}},{"start":{},"end":{}}],"line":80},"8":{"loc":{"start":{"line":144,"column":17},"end":{"line":146,"column":11}},"type":"cond-expr","locations":[{"start":{"line":145,"column":10},"end":{"line":145,"column":97}},{"start":{"line":146,"column":10},"end":{"line":146,"column":11}}],"line":144},"9":{"loc":{"start":{"line":165,"column":29},"end":{"line":165,"column":70}},"type":"cond-expr","locations":[{"start":{"line":165,"column":41},"end":{"line":165,"column":63}},{"start":{"line":165,"column":66},"end":{"line":165,"column":70}}],"line":165},"10":{"loc":{"start":{"line":171,"column":12},"end":{"line":171,"column":47}},"type":"cond-expr","locations":[{"start":{"line":171,"column":24},"end":{"line":171,"column":33}},{"start":{"line":171,"column":36},"end":{"line":171,"column":47}}],"line":171},"11":{"loc":{"start":{"line":179,"column":21},"end":{"line":179,"column":42}},"type":"cond-expr","locations":[{"start":{"line":179,"column":33},"end":{"line":179,"column":36}},{"start":{"line":179,"column":39},"end":{"line":179,"column":42}}],"line":179},"12":{"loc":{"start":{"line":185,"column":2},"end":{"line":187,"column":3}},"type":"if","locations":[{"start":{"line":185,"column":2},"end":{"line":187,"column":3}},{"start":{},"end":{}}],"line":185},"13":{"loc":{"start":{"line":216,"column":2},"end":{"line":218,"column":3}},"type":"if","locations":[{"start":{"line":216,"column":2},"end":{"line":218,"column":3}},{"start":{},"end":{}}],"line":216},"14":{"loc":{"start":{"line":216,"column":6},"end":{"line":216,"column":51}},"type":"binary-expr","locations":[{"start":{"line":216,"column":6},"end":{"line":216,"column":26}},{"start":{"line":216,"column":30},"end":{"line":216,"column":51}}],"line":216},"15":{"loc":{"start":{"line":223,"column":4},"end":{"line":225,"column":5}},"type":"if","locations":[{"start":{"line":223,"column":4},"end":{"line":225,"column":5}},{"start":{},"end":{}}],"line":223},"16":{"loc":{"start":{"line":229,"column":4},"end":{"line":233,"column":5}},"type":"if","locations":[{"start":{"line":229,"column":4},"end":{"line":233,"column":5}},{"start":{},"end":{}}],"line":229},"17":{"loc":{"start":{"line":229,"column":8},"end":{"line":229,"column":54}},"type":"binary-expr","locations":[{"start":{"line":229,"column":8},"end":{"line":229,"column":31}},{"start":{"line":229,"column":35},"end":{"line":229,"column":54}}],"line":229},"18":{"loc":{"start":{"line":262,"column":4},"end":{"line":264,"column":5}},"type":"if","locations":[{"start":{"line":262,"column":4},"end":{"line":264,"column":5}},{"start":{},"end":{}}],"line":262},"19":{"loc":{"start":{"line":274,"column":2},"end":{"line":274,"column":38}},"type":"if","locations":[{"start":{"line":274,"column":2},"end":{"line":274,"column":38}},{"start":{},"end":{}}],"line":274},"20":{"loc":{"start":{"line":309,"column":21},"end":{"line":309,"column":31}},"type":"default-arg","locations":[{"start":{"line":309,"column":29},"end":{"line":309,"column":31}}],"line":309},"21":{"loc":{"start":{"line":309,"column":33},"end":{"line":309,"column":47}},"type":"default-arg","locations":[{"start":{"line":309,"column":42},"end":{"line":309,"column":47}}],"line":309},"22":{"loc":{"start":{"line":311,"column":46},"end":{"line":311,"column":63}},"type":"binary-expr","locations":[{"start":{"line":311,"column":46},"end":{"line":311,"column":55}},{"start":{"line":311,"column":59},"end":{"line":311,"column":63}}],"line":311},"23":{"loc":{"start":{"line":313,"column":2},"end":{"line":320,"column":3}},"type":"if","locations":[{"start":{"line":313,"column":2},"end":{"line":320,"column":3}},{"start":{"line":318,"column":9},"end":{"line":320,"column":3}}],"line":313},"24":{"loc":{"start":{"line":324,"column":10},"end":{"line":324,"column":21}},"type":"default-arg","locations":[{"start":{"line":324,"column":18},"end":{"line":324,"column":21}}],"line":324},"25":{"loc":{"start":{"line":324,"column":23},"end":{"line":324,"column":37}},"type":"default-arg","locations":[{"start":{"line":324,"column":32},"end":{"line":324,"column":37}}],"line":324},"26":{"loc":{"start":{"line":328,"column":2},"end":{"line":335,"column":3}},"type":"if","locations":[{"start":{"line":328,"column":2},"end":{"line":335,"column":3}},{"start":{"line":333,"column":9},"end":{"line":335,"column":3}}],"line":328},"27":{"loc":{"start":{"line":339,"column":10},"end":{"line":339,"column":20}},"type":"default-arg","locations":[{"start":{"line":339,"column":18},"end":{"line":339,"column":20}}],"line":339},"28":{"loc":{"start":{"line":339,"column":22},"end":{"line":339,"column":36}},"type":"default-arg","locations":[{"start":{"line":339,"column":31},"end":{"line":339,"column":36}}],"line":339},"29":{"loc":{"start":{"line":363,"column":2},"end":{"line":370,"column":3}},"type":"if","locations":[{"start":{"line":363,"column":2},"end":{"line":370,"column":3}},{"start":{"line":368,"column":9},"end":{"line":370,"column":3}}],"line":363},"30":{"loc":{"start":{"line":374,"column":10},"end":{"line":374,"column":20}},"type":"default-arg","locations":[{"start":{"line":374,"column":18},"end":{"line":374,"column":20}}],"line":374}},"s":{"0":1,"1":1,"2":1,"3":1,"4":1,"5":1,"6":1,"7":1,"8":1,"9":1,"10":1,"11":1,"12":1,"13":1,"14":0,"15":1,"16":1,"17":1,"18":1,"19":4,"20":4,"21":3,"22":1,"23":2,"24":2,"25":2,"26":1,"27":2,"28":2,"29":2,"30":2,"31":10,"32":10,"33":10,"34":10,"35":10,"36":0,"37":2,"38":1,"39":2,"40":2,"41":2,"42":2,"43":2,"44":2,"45":2,"46":2,"47":2,"48":1,"49":1,"50":0,"51":0,"52":0,"53":1,"54":0,"55":0,"56":0,"57":0,"58":0,"59":0,"60":0,"61":0,"62":0,"63":0,"64":0,"65":0,"66":0,"67":0,"68":0,"69":0,"70":0,"71":0,"72":0,"73":0,"74":0,"75":0,"76":0,"77":0,"78":0,"79":0,"80":0,"81":0,"82":0,"83":0,"84":0,"85":0,"86":0,"87":0,"88":0,"89":0,"90":0,"91":0,"92":0,"93":0,"94":0,"95":0,"96":0,"97":0,"98":0,"99":0,"100":0,"101":0,"102":0,"103":1,"104":0,"105":1,"106":1,"107":0,"108":0,"109":0,"110":0,"111":0,"112":0,"113":0,"114":0,"115":1,"116":0,"117":0,"118":0,"119":0,"120":0,"121":0,"122":0,"123":0,"124":1,"125":0,"126":0,"127":0,"128":0,"129":0,"130":0,"131":0,"132":0,"133":0,"134":0,"135":0,"136":0,"137":0,"138":0,"139":0,"140":0,"141":0,"142":0,"143":0,"144":1,"145":0,"146":0,"147":0,"148":0,"149":0,"150":0,"151":0,"152":0,"153":0,"154":0,"155":0,"156":0,"157":0,"158":0,"159":0,"160":0,"161":0,"162":0,"163":1},"f":{"0":0,"1":1,"2":4,"3":2,"4":2,"5":2,"6":0,"7":0,"8":0,"9":0,"10":0,"11":0,"12":0,"13":0,"14":0,"15":0,"16":0,"17":0,"18":0,"19":0,"20":0,"21":0,"22":0,"23":0,"24":0,"25":0,"26":0,"27":0,"28":0,"29":0,"30":0},"b":{"0":[0,0],"1":[0,0],"2":[0,0],"3":[3],"4":[4,3],"5":[1],"6":[1],"7":[10,0],"8":[0,0],"9":[1,1],"10":[1,1],"11":[1,1],"12":[1,1],"13":[0,0],"14":[0,0],"15":[0,0],"16":[0,0],"17":[0,0],"18":[0,0],"19":[0,0],"20":[0],"21":[0],"22":[0,0],"23":[0,0],"24":[0],"25":[0],"26":[0,0],"27":[0],"28":[0],"29":[0,0],"30":[0]},"_coverageSchema":"1a1c01bbd47fc00a2c39e90264f33305004495a9","hash":"342d9ab09338ed07ab91344d7e72d45e99185fc6"}
,"/Users/nicklaye/Desktop/Cursor Projects/Health Check amoCRM/server/database.js": {"path":"/Users/nicklaye/Desktop/Cursor Projects/Health Check amoCRM/server/database.js","statementMap":{"0":{"start":{"line":1,"column":16},"end":{"line":1,"column":44}},"1":{"start":{"line":2,"column":13},"end":{"line":2,"column":28}},"2":{"start":{"line":3,"column":25},"end":{"line":3,"column":50}},"3":{"start":{"line":5,"column":16},"end":{"line":5,"column":62}},"4":{"start":{"line":6,"column":15},"end":{"line":6,"column":39}},"5":{"start":{"line":9,"column":29},"end":{"line":9,"column":67}},"6":{"start":{"line":13,"column":4},"end":{"line":13,"column":19}},"7":{"start":{"line":22,"column":4},"end":{"line":24,"column":5}},"8":{"start":{"line":23,"column":6},"end":{"line":23,"column":54}},"9":{"start":{"line":28,"column":4},"end":{"line":40,"column":7}},"10":{"start":{"line":29,"column":6},"end":{"line":39,"column":9}},"11":{"start":{"line":30,"column":8},"end":{"line":34,"column":9}},"12":{"start":{"line":31,"column":10},"end":{"line":31,"column":54}},"13":{"start":{"line":32,"column":10},"end":{"line":32,"column":22}},"14":{"start":{"line":33,"column":10},"end":{"line":33,"column":17}},"15":{"start":{"line":35,"column":8},"end":{"line":35,"column":52}},"16":{"start":{"line":36,"column":8},"end":{"line":38,"column":25}},"17":{"start":{"line":44,"column":4},"end":{"line":128,"column":7}},"18":{"start":{"line":45,"column":6},"end":{"line":127,"column":9}},"19":{"start":{"line":47,"column":8},"end":{"line":63,"column":11}},"20":{"start":{"line":58,"column":10},"end":{"line":62,"column":11}},"21":{"start":{"line":59,"column":12},"end":{"line":59,"column":68}},"22":{"start":{"line":60,"column":12},"end":{"line":60,"column":24}},"23":{"start":{"line":61,"column":12},"end":{"line":61,"column":19}},"24":{"start":{"line":66,"column":8},"end":{"line":82,"column":11}},"25":{"start":{"line":77,"column":10},"end":{"line":81,"column":11}},"26":{"start":{"line":78,"column":12},"end":{"line":78,"column":64}},"27":{"start":{"line":79,"column":12},"end":{"line":79,"column":24}},"28":{"start":{"line":80,"column":12},"end":{"line":80,"column":19}},"29":{"start":{"line":86,"column":8},"end":{"line":89,"column":11}},"30":{"start":{"line":91,"column":8},"end":{"line":94,"column":11}},"31":{"start":{"line":96,"column":8},"end":{"line":99,"column":11}},"32":{"start":{"line":103,"column":8},"end":{"line":106,"column":11}},"33":{"start":{"line":109,"column":8},"end":{"line":112,"column":11}},"34":{"start":{"line":115,"column":8},"end":{"line":126,"column":11}},"35":{"start":{"line":119,"column":10},"end":{"line":125,"column":11}},"36":{"start":{"line":120,"column":12},"end":{"line":120,"column":56}},"37":{"start":{"line":121,"column":12},"end":{"line":121,"column":24}},"38":{"start":{"line":123,"column":12},"end":{"line":123,"column":76}},"39":{"start":{"line":124,"column":12},"end":{"line":124,"column":22}},"40":{"start":{"line":133,"column":4},"end":{"line":148,"column":7}},"41":{"start":{"line":134,"column":24},"end":{"line":134,"column":34}},"42":{"start":{"line":135,"column":20},"end":{"line":136,"column":32}},"43":{"start":{"line":137,"column":21},"end":{"line":137,"column":79}},"44":{"start":{"line":139,"column":6},"end":{"line":139,"column":35}},"45":{"start":{"line":141,"column":6},"end":{"line":147,"column":9}},"46":{"start":{"line":142,"column":8},"end":{"line":146,"column":9}},"47":{"start":{"line":143,"column":10},"end":{"line":143,"column":22}},"48":{"start":{"line":145,"column":10},"end":{"line":145,"column":50}},"49":{"start":{"line":154,"column":4},"end":{"line":178,"column":7}},"50":{"start":{"line":155,"column":28},"end":{"line":155,"column":69}},"51":{"start":{"line":156,"column":18},"end":{"line":159,"column":7}},"52":{"start":{"line":160,"column":21},"end":{"line":160,"column":36}},"53":{"start":{"line":162,"column":6},"end":{"line":165,"column":7}},"54":{"start":{"line":163,"column":8},"end":{"line":163,"column":39}},"55":{"start":{"line":164,"column":8},"end":{"line":164,"column":31}},"56":{"start":{"line":167,"column":6},"end":{"line":167,"column":42}},"57":{"start":{"line":169,"column":6},"end":{"line":169,"column":35}},"58":{"start":{"line":171,"column":6},"end":{"line":177,"column":9}},"59":{"start":{"line":172,"column":8},"end":{"line":176,"column":9}},"60":{"start":{"line":173,"column":10},"end":{"line":173,"column":22}},"61":{"start":{"line":175,"column":10},"end":{"line":175,"column":24}},"62":{"start":{"line":183,"column":4},"end":{"line":204,"column":7}},"63":{"start":{"line":184,"column":28},"end":{"line":184,"column":69}},"64":{"start":{"line":185,"column":6},"end":{"line":203,"column":8}},"65":{"start":{"line":191,"column":10},"end":{"line":201,"column":11}},"66":{"start":{"line":192,"column":12},"end":{"line":192,"column":24}},"67":{"start":{"line":195,"column":30},"end":{"line":195,"column":73}},"68":{"start":{"line":196,"column":31},"end":{"line":196,"column":47}},"69":{"start":{"line":197,"column":12},"end":{"line":200,"column":15}},"70":{"start":{"line":209,"column":4},"end":{"line":238,"column":7}},"71":{"start":{"line":210,"column":28},"end":{"line":210,"column":69}},"72":{"start":{"line":211,"column":18},"end":{"line":217,"column":7}},"73":{"start":{"line":218,"column":21},"end":{"line":218,"column":36}},"74":{"start":{"line":220,"column":6},"end":{"line":223,"column":7}},"75":{"start":{"line":221,"column":8},"end":{"line":221,"column":39}},"76":{"start":{"line":222,"column":8},"end":{"line":222,"column":31}},"77":{"start":{"line":225,"column":6},"end":{"line":237,"column":9}},"78":{"start":{"line":226,"column":8},"end":{"line":236,"column":9}},"79":{"start":{"line":227,"column":10},"end":{"line":227,"column":22}},"80":{"start":{"line":229,"column":29},"end":{"line":229,"column":83}},"81":{"start":{"line":230,"column":10},"end":{"line":235,"column":13}},"82":{"start":{"line":243,"column":4},"end":{"line":256,"column":7}},"83":{"start":{"line":244,"column":6},"end":{"line":255,"column":8}},"84":{"start":{"line":249,"column":10},"end":{"line":253,"column":11}},"85":{"start":{"line":250,"column":12},"end":{"line":250,"column":24}},"86":{"start":{"line":252,"column":12},"end":{"line":252,"column":33}},"87":{"start":{"line":261,"column":4},"end":{"line":275,"column":7}},"88":{"start":{"line":262,"column":6},"end":{"line":274,"column":8}},"89":{"start":{"line":268,"column":10},"end":{"line":272,"column":11}},"90":{"start":{"line":269,"column":12},"end":{"line":269,"column":24}},"91":{"start":{"line":271,"column":12},"end":{"line":271,"column":22}},"92":{"start":{"line":280,"column":4},"end":{"line":294,"column":7}},"93":{"start":{"line":281,"column":6},"end":{"line":293,"column":8}},"94":{"start":{"line":287,"column":10},"end":{"line":291,"column":11}},"95":{"start":{"line":288,"column":12},"end":{"line":288,"column":24}},"96":{"start":{"line":290,"column":12},"end":{"line":290,"column":26}},"97":{"start":{"line":299,"column":4},"end":{"line":314,"column":7}},"98":{"start":{"line":300,"column":6},"end":{"line":313,"column":8}},"99":{"start":{"line":307,"column":10},"end":{"line":311,"column":11}},"100":{"start":{"line":308,"column":12},"end":{"line":308,"column":24}},"101":{"start":{"line":310,"column":12},"end":{"line":310,"column":25}},"102":{"start":{"line":319,"column":4},"end":{"line":333,"column":7}},"103":{"start":{"line":320,"column":6},"end":{"line":332,"column":8}},"104":{"start":{"line":326,"column":10},"end":{"line":330,"column":11}},"105":{"start":{"line":327,"column":12},"end":{"line":327,"column":24}},"106":{"start":{"line":329,"column":12},"end":{"line":329,"column":32}},"107":{"start":{"line":338,"column":4},"end":{"line":359,"column":7}},"108":{"start":{"line":339,"column":28},"end":{"line":339,"column":67}},"109":{"start":{"line":340,"column":6},"end":{"line":358,"column":9}},"110":{"start":{"line":341,"column":8},"end":{"line":344,"column":10}},"111":{"start":{"line":345,"column":8},"end":{"line":357,"column":10}},"112":{"start":{"line":349,"column":12},"end":{"line":355,"column":13}},"113":{"start":{"line":350,"column":14},"end":{"line":350,"column":62}},"114":{"start":{"line":351,"column":14},"end":{"line":351,"column":26}},"115":{"start":{"line":353,"column":14},"end":{"line":353,"column":70}},"116":{"start":{"line":354,"column":14},"end":{"line":354,"column":24}},"117":{"start":{"line":364,"column":4},"end":{"line":389,"column":7}},"118":{"start":{"line":365,"column":20},"end":{"line":365,"column":57}},"119":{"start":{"line":367,"column":6},"end":{"line":388,"column":9}},"120":{"start":{"line":373,"column":8},"end":{"line":376,"column":9}},"121":{"start":{"line":374,"column":10},"end":{"line":374,"column":22}},"122":{"start":{"line":375,"column":10},"end":{"line":375,"column":17}},"123":{"start":{"line":378,"column":8},"end":{"line":381,"column":9}},"124":{"start":{"line":379,"column":10},"end":{"line":379,"column":59}},"125":{"start":{"line":380,"column":10},"end":{"line":380,"column":17}},"126":{"start":{"line":383,"column":22},"end":{"line":383,"column":69}},"127":{"start":{"line":384,"column":8},"end":{"line":387,"column":11}},"128":{"start":{"line":394,"column":4},"end":{"line":435,"column":7}},"129":{"start":{"line":395,"column":20},"end":{"line":395,"column":57}},"130":{"start":{"line":397,"column":6},"end":{"line":434,"column":9}},"131":{"start":{"line":406,"column":8},"end":{"line":409,"column":9}},"132":{"start":{"line":407,"column":10},"end":{"line":407,"column":22}},"133":{"start":{"line":408,"column":10},"end":{"line":408,"column":17}},"134":{"start":{"line":412,"column":8},"end":{"line":433,"column":11}},"135":{"start":{"line":422,"column":10},"end":{"line":425,"column":11}},"136":{"start":{"line":423,"column":12},"end":{"line":423,"column":25}},"137":{"start":{"line":424,"column":12},"end":{"line":424,"column":19}},"138":{"start":{"line":426,"column":10},"end":{"line":432,"column":13}},"139":{"start":{"line":440,"column":4},"end":{"line":457,"column":7}},"140":{"start":{"line":441,"column":20},"end":{"line":441,"column":57}},"141":{"start":{"line":443,"column":6},"end":{"line":456,"column":9}},"142":{"start":{"line":448,"column":8},"end":{"line":451,"column":9}},"143":{"start":{"line":449,"column":10},"end":{"line":449,"column":22}},"144":{"start":{"line":450,"column":10},"end":{"line":450,"column":17}},"145":{"start":{"line":452,"column":8},"end":{"line":455,"column":11}},"146":{"start":{"line":462,"column":4},"end":{"line":491,"column":7}},"147":{"start":{"line":463,"column":20},"end":{"line":463,"column":57}},"148":{"start":{"line":465,"column":6},"end":{"line":490,"column":9}},"149":{"start":{"line":472,"column":8},"end":{"line":475,"column":9}},"150":{"start":{"line":473,"column":10},"end":{"line":473,"column":22}},"151":{"start":{"line":474,"column":10},"end":{"line":474,"column":17}},"152":{"start":{"line":477,"column":31},"end":{"line":477,"column":59}},"153":{"start":{"line":478,"column":8},"end":{"line":481,"column":9}},"154":{"start":{"line":479,"column":10},"end":{"line":479,"column":61}},"155":{"start":{"line":480,"column":10},"end":{"line":480,"column":17}},"156":{"start":{"line":483,"column":25},"end":{"line":483,"column":69}},"157":{"start":{"line":484,"column":21},"end":{"line":484,"column":52}},"158":{"start":{"line":486,"column":8},"end":{"line":489,"column":11}},"159":{"start":{"line":496,"column":4},"end":{"line":511,"column":7}},"160":{"start":{"line":497,"column":20},"end":{"line":497,"column":57}},"161":{"start":{"line":499,"column":6},"end":{"line":510,"column":9}},"162":{"start":{"line":505,"column":8},"end":{"line":508,"column":9}},"163":{"start":{"line":506,"column":10},"end":{"line":506,"column":22}},"164":{"start":{"line":507,"column":10},"end":{"line":507,"column":17}},"165":{"start":{"line":509,"column":8},"end":{"line":509,"column":33}},"166":{"start":{"line":516,"column":4},"end":{"line":531,"column":7}},"167":{"start":{"line":517,"column":20},"end":{"line":517,"column":57}},"168":{"start":{"line":519,"column":6},"end":{"line":530,"column":9}},"169":{"start":{"line":525,"column":8},"end":{"line":528,"column":9}},"170":{"start":{"line":526,"column":10},"end":{"line":526,"column":22}},"171":{"start":{"line":527,"column":10},"end":{"line":527,"column":17}},"172":{"start":{"line":529,"column":8},"end":{"line":529,"column":33}},"173":{"start":{"line":541,"column":4},"end":{"line":695,"column":7}},"174":{"start":{"line":542,"column":6},"end":{"line":694,"column":7}},"175":{"start":{"line":543,"column":30},"end":{"line":543,"column":71}},"176":{"start":{"line":546,"column":27},"end":{"line":557,"column":10}},"177":{"start":{"line":547,"column":10},"end":{"line":556,"column":12}},"178":{"start":{"line":555,"column":26},"end":{"line":555,"column":51}},"179":{"start":{"line":560,"column":30},"end":{"line":571,"column":10}},"180":{"start":{"line":561,"column":10},"end":{"line":570,"column":12}},"181":{"start":{"line":569,"column":26},"end":{"line":569,"column":51}},"182":{"start":{"line":574,"column":29},"end":{"line":583,"column":10}},"183":{"start":{"line":575,"column":10},"end":{"line":582,"column":12}},"184":{"start":{"line":581,"column":27},"end":{"line":581,"column":53}},"185":{"start":{"line":585,"column":20},"end":{"line":587,"column":13}},"186":{"start":{"line":588,"column":20},"end":{"line":590,"column":13}},"187":{"start":{"line":593,"column":30},"end":{"line":604,"column":10}},"188":{"start":{"line":594,"column":10},"end":{"line":603,"column":12}},"189":{"start":{"line":602,"column":26},"end":{"line":602,"column":51}},"190":{"start":{"line":607,"column":21},"end":{"line":609,"column":13}},"191":{"start":{"line":613,"column":35},"end":{"line":613,"column":62}},"192":{"start":{"line":614,"column":36},"end":{"line":614,"column":64}},"193":{"start":{"line":615,"column":28},"end":{"line":617,"column":21}},"194":{"start":{"line":618,"column":30},"end":{"line":618,"column":81}},"195":{"start":{"line":619,"column":21},"end":{"line":621,"column":21}},"196":{"start":{"line":624,"column":26},"end":{"line":636,"column":10}},"197":{"start":{"line":625,"column":10},"end":{"line":635,"column":12}},"198":{"start":{"line":634,"column":26},"end":{"line":634,"column":51}},"199":{"start":{"line":638,"column":27},"end":{"line":640,"column":15}},"200":{"start":{"line":643,"column":28},"end":{"line":643,"column":55}},"201":{"start":{"line":644,"column":29},"end":{"line":644,"column":57}},"202":{"start":{"line":645,"column":29},"end":{"line":645,"column":57}},"203":{"start":{"line":647,"column":23},"end":{"line":649,"column":15}},"204":{"start":{"line":651,"column":29},"end":{"line":651,"column":35}},"205":{"start":{"line":654,"column":28},"end":{"line":656,"column":15}},"206":{"start":{"line":659,"column":8},"end":{"line":690,"column":11}},"207":{"start":{"line":692,"column":8},"end":{"line":692,"column":69}},"208":{"start":{"line":693,"column":8},"end":{"line":693,"column":22}},"209":{"start":{"line":699,"column":4},"end":{"line":713,"column":7}},"210":{"start":{"line":700,"column":6},"end":{"line":712,"column":7}},"211":{"start":{"line":701,"column":8},"end":{"line":709,"column":11}},"212":{"start":{"line":702,"column":10},"end":{"line":708,"column":11}},"213":{"start":{"line":703,"column":12},"end":{"line":703,"column":56}},"214":{"start":{"line":704,"column":12},"end":{"line":704,"column":24}},"215":{"start":{"line":706,"column":12},"end":{"line":706,"column":54}},"216":{"start":{"line":707,"column":12},"end":{"line":707,"column":22}},"217":{"start":{"line":711,"column":8},"end":{"line":711,"column":18}},"218":{"start":{"line":717,"column":0},"end":{"line":717,"column":32}}},"fnMap":{"0":{"name":"(anonymous_0)","decl":{"start":{"line":12,"column":2},"end":{"line":12,"column":3}},"loc":{"start":{"line":12,"column":16},"end":{"line":14,"column":3}},"line":12},"1":{"name":"(anonymous_1)","decl":{"start":{"line":21,"column":2},"end":{"line":21,"column":3}},"loc":{"start":{"line":21,"column":31},"end":{"line":25,"column":3}},"line":21},"2":{"name":"(anonymous_2)","decl":{"start":{"line":27,"column":2},"end":{"line":27,"column":3}},"loc":{"start":{"line":27,"column":15},"end":{"line":41,"column":3}},"line":27},"3":{"name":"(anonymous_3)","decl":{"start":{"line":28,"column":23},"end":{"line":28,"column":24}},"loc":{"start":{"line":28,"column":44},"end":{"line":40,"column":5}},"line":28},"4":{"name":"(anonymous_4)","decl":{"start":{"line":29,"column":46},"end":{"line":29,"column":47}},"loc":{"start":{"line":29,"column":55},"end":{"line":39,"column":7}},"line":29},"5":{"name":"(anonymous_5)","decl":{"start":{"line":43,"column":2},"end":{"line":43,"column":3}},"loc":{"start":{"line":43,"column":17},"end":{"line":129,"column":3}},"line":43},"6":{"name":"(anonymous_6)","decl":{"start":{"line":44,"column":23},"end":{"line":44,"column":24}},"loc":{"start":{"line":44,"column":44},"end":{"line":128,"column":5}},"line":44},"7":{"name":"(anonymous_7)","decl":{"start":{"line":45,"column":24},"end":{"line":45,"column":25}},"loc":{"start":{"line":45,"column":30},"end":{"line":127,"column":7}},"line":45},"8":{"name":"(anonymous_8)","decl":{"start":{"line":57,"column":11},"end":{"line":57,"column":12}},"loc":{"start":{"line":57,"column":20},"end":{"line":63,"column":9}},"line":57},"9":{"name":"(anonymous_9)","decl":{"start":{"line":76,"column":11},"end":{"line":76,"column":12}},"loc":{"start":{"line":76,"column":20},"end":{"line":82,"column":9}},"line":76},"10":{"name":"(anonymous_10)","decl":{"start":{"line":118,"column":11},"end":{"line":118,"column":12}},"loc":{"start":{"line":118,"column":20},"end":{"line":126,"column":9}},"line":118},"11":{"name":"(anonymous_11)","decl":{"start":{"line":132,"column":2},"end":{"line":132,"column":3}},"loc":{"start":{"line":132,"column":74},"end":{"line":149,"column":3}},"line":132},"12":{"name":"(anonymous_12)","decl":{"start":{"line":133,"column":23},"end":{"line":133,"column":24}},"loc":{"start":{"line":133,"column":44},"end":{"line":148,"column":5}},"line":133},"13":{"name":"(anonymous_13)","decl":{"start":{"line":141,"column":33},"end":{"line":141,"column":34}},"loc":{"start":{"line":141,"column":47},"end":{"line":147,"column":7}},"line":141},"14":{"name":"(anonymous_14)","decl":{"start":{"line":153,"column":2},"end":{"line":153,"column":3}},"loc":{"start":{"line":153,"column":52},"end":{"line":179,"column":3}},"line":153},"15":{"name":"(anonymous_15)","decl":{"start":{"line":154,"column":23},"end":{"line":154,"column":24}},"loc":{"start":{"line":154,"column":44},"end":{"line":178,"column":5}},"line":154},"16":{"name":"(anonymous_16)","decl":{"start":{"line":171,"column":33},"end":{"line":171,"column":34}},"loc":{"start":{"line":171,"column":48},"end":{"line":177,"column":7}},"line":171},"17":{"name":"(anonymous_17)","decl":{"start":{"line":182,"column":2},"end":{"line":182,"column":3}},"loc":{"start":{"line":182,"column":52},"end":{"line":205,"column":3}},"line":182},"18":{"name":"(anonymous_18)","decl":{"start":{"line":183,"column":23},"end":{"line":183,"column":24}},"loc":{"start":{"line":183,"column":44},"end":{"line":204,"column":5}},"line":183},"19":{"name":"(anonymous_19)","decl":{"start":{"line":190,"column":8},"end":{"line":190,"column":9}},"loc":{"start":{"line":190,"column":22},"end":{"line":202,"column":9}},"line":190},"20":{"name":"(anonymous_20)","decl":{"start":{"line":208,"column":2},"end":{"line":208,"column":3}},"loc":{"start":{"line":208,"column":56},"end":{"line":239,"column":3}},"line":208},"21":{"name":"(anonymous_21)","decl":{"start":{"line":209,"column":23},"end":{"line":209,"column":24}},"loc":{"start":{"line":209,"column":44},"end":{"line":238,"column":5}},"line":209},"22":{"name":"(anonymous_22)","decl":{"start":{"line":225,"column":33},"end":{"line":225,"column":34}},"loc":{"start":{"line":225,"column":47},"end":{"line":237,"column":7}},"line":225},"23":{"name":"(anonymous_23)","decl":{"start":{"line":242,"column":2},"end":{"line":242,"column":3}},"loc":{"start":{"line":242,"column":48},"end":{"line":257,"column":3}},"line":242},"24":{"name":"(anonymous_24)","decl":{"start":{"line":243,"column":23},"end":{"line":243,"column":24}},"loc":{"start":{"line":243,"column":44},"end":{"line":256,"column":5}},"line":243},"25":{"name":"(anonymous_25)","decl":{"start":{"line":248,"column":8},"end":{"line":248,"column":9}},"loc":{"start":{"line":248,"column":22},"end":{"line":254,"column":9}},"line":248},"26":{"name":"(anonymous_26)","decl":{"start":{"line":260,"column":2},"end":{"line":260,"column":3}},"loc":{"start":{"line":260,"column":37},"end":{"line":276,"column":3}},"line":260},"27":{"name":"(anonymous_27)","decl":{"start":{"line":261,"column":23},"end":{"line":261,"column":24}},"loc":{"start":{"line":261,"column":44},"end":{"line":275,"column":5}},"line":261},"28":{"name":"(anonymous_28)","decl":{"start":{"line":267,"column":8},"end":{"line":267,"column":9}},"loc":{"start":{"line":267,"column":17},"end":{"line":273,"column":9}},"line":267},"29":{"name":"(anonymous_29)","decl":{"start":{"line":279,"column":2},"end":{"line":279,"column":3}},"loc":{"start":{"line":279,"column":27},"end":{"line":295,"column":3}},"line":279},"30":{"name":"(anonymous_30)","decl":{"start":{"line":280,"column":23},"end":{"line":280,"column":24}},"loc":{"start":{"line":280,"column":44},"end":{"line":294,"column":5}},"line":280},"31":{"name":"(anonymous_31)","decl":{"start":{"line":286,"column":8},"end":{"line":286,"column":9}},"loc":{"start":{"line":286,"column":23},"end":{"line":292,"column":9}},"line":286},"32":{"name":"(anonymous_32)","decl":{"start":{"line":298,"column":2},"end":{"line":298,"column":3}},"loc":{"start":{"line":298,"column":29},"end":{"line":315,"column":3}},"line":298},"33":{"name":"(anonymous_33)","decl":{"start":{"line":299,"column":23},"end":{"line":299,"column":24}},"loc":{"start":{"line":299,"column":44},"end":{"line":314,"column":5}},"line":299},"34":{"name":"(anonymous_34)","decl":{"start":{"line":306,"column":8},"end":{"line":306,"column":9}},"loc":{"start":{"line":306,"column":22},"end":{"line":312,"column":9}},"line":306},"35":{"name":"(anonymous_35)","decl":{"start":{"line":318,"column":2},"end":{"line":318,"column":3}},"loc":{"start":{"line":318,"column":24},"end":{"line":334,"column":3}},"line":318},"36":{"name":"(anonymous_36)","decl":{"start":{"line":319,"column":23},"end":{"line":319,"column":24}},"loc":{"start":{"line":319,"column":44},"end":{"line":333,"column":5}},"line":319},"37":{"name":"(anonymous_37)","decl":{"start":{"line":325,"column":8},"end":{"line":325,"column":9}},"loc":{"start":{"line":325,"column":23},"end":{"line":331,"column":9}},"line":325},"38":{"name":"(anonymous_38)","decl":{"start":{"line":337,"column":2},"end":{"line":337,"column":3}},"loc":{"start":{"line":337,"column":20},"end":{"line":360,"column":3}},"line":337},"39":{"name":"(anonymous_39)","decl":{"start":{"line":338,"column":23},"end":{"line":338,"column":24}},"loc":{"start":{"line":338,"column":44},"end":{"line":359,"column":5}},"line":338},"40":{"name":"(anonymous_40)","decl":{"start":{"line":340,"column":24},"end":{"line":340,"column":25}},"loc":{"start":{"line":340,"column":30},"end":{"line":358,"column":7}},"line":340},"41":{"name":"(anonymous_41)","decl":{"start":{"line":348,"column":10},"end":{"line":348,"column":11}},"loc":{"start":{"line":348,"column":19},"end":{"line":356,"column":11}},"line":348},"42":{"name":"(anonymous_42)","decl":{"start":{"line":363,"column":2},"end":{"line":363,"column":3}},"loc":{"start":{"line":363,"column":63},"end":{"line":390,"column":3}},"line":363},"43":{"name":"(anonymous_43)","decl":{"start":{"line":364,"column":23},"end":{"line":364,"column":24}},"loc":{"start":{"line":364,"column":44},"end":{"line":389,"column":5}},"line":364},"44":{"name":"(anonymous_44)","decl":{"start":{"line":372,"column":29},"end":{"line":372,"column":30}},"loc":{"start":{"line":372,"column":44},"end":{"line":388,"column":7}},"line":372},"45":{"name":"(anonymous_45)","decl":{"start":{"line":393,"column":2},"end":{"line":393,"column":3}},"loc":{"start":{"line":393,"column":41},"end":{"line":436,"column":3}},"line":393},"46":{"name":"(anonymous_46)","decl":{"start":{"line":394,"column":23},"end":{"line":394,"column":24}},"loc":{"start":{"line":394,"column":44},"end":{"line":435,"column":5}},"line":394},"47":{"name":"(anonymous_47)","decl":{"start":{"line":405,"column":29},"end":{"line":405,"column":30}},"loc":{"start":{"line":405,"column":44},"end":{"line":434,"column":7}},"line":405},"48":{"name":"(anonymous_48)","decl":{"start":{"line":421,"column":49},"end":{"line":421,"column":50}},"loc":{"start":{"line":421,"column":70},"end":{"line":433,"column":9}},"line":421},"49":{"name":"(anonymous_49)","decl":{"start":{"line":439,"column":2},"end":{"line":439,"column":3}},"loc":{"start":{"line":439,"column":28},"end":{"line":458,"column":3}},"line":439},"50":{"name":"(anonymous_50)","decl":{"start":{"line":440,"column":23},"end":{"line":440,"column":24}},"loc":{"start":{"line":440,"column":44},"end":{"line":457,"column":5}},"line":440},"51":{"name":"(anonymous_51)","decl":{"start":{"line":447,"column":29},"end":{"line":447,"column":30}},"loc":{"start":{"line":447,"column":43},"end":{"line":456,"column":7}},"line":447},"52":{"name":"(anonymous_52)","decl":{"start":{"line":461,"column":2},"end":{"line":461,"column":3}},"loc":{"start":{"line":461,"column":28},"end":{"line":492,"column":3}},"line":461},"53":{"name":"(anonymous_53)","decl":{"start":{"line":462,"column":23},"end":{"line":462,"column":24}},"loc":{"start":{"line":462,"column":44},"end":{"line":491,"column":5}},"line":462},"54":{"name":"(anonymous_54)","decl":{"start":{"line":471,"column":29},"end":{"line":471,"column":30}},"loc":{"start":{"line":471,"column":44},"end":{"line":490,"column":7}},"line":471},"55":{"name":"(anonymous_55)","decl":{"start":{"line":495,"column":2},"end":{"line":495,"column":3}},"loc":{"start":{"line":495,"column":55},"end":{"line":512,"column":3}},"line":495},"56":{"name":"(anonymous_56)","decl":{"start":{"line":496,"column":23},"end":{"line":496,"column":24}},"loc":{"start":{"line":496,"column":44},"end":{"line":511,"column":5}},"line":496},"57":{"name":"(anonymous_57)","decl":{"start":{"line":504,"column":40},"end":{"line":504,"column":41}},"loc":{"start":{"line":504,"column":54},"end":{"line":510,"column":7}},"line":504},"58":{"name":"(anonymous_58)","decl":{"start":{"line":515,"column":2},"end":{"line":515,"column":3}},"loc":{"start":{"line":515,"column":47},"end":{"line":532,"column":3}},"line":515},"59":{"name":"(anonymous_59)","decl":{"start":{"line":516,"column":23},"end":{"line":516,"column":24}},"loc":{"start":{"line":516,"column":44},"end":{"line":531,"column":5}},"line":516},"60":{"name":"(anonymous_60)","decl":{"start":{"line":524,"column":39},"end":{"line":524,"column":40}},"loc":{"start":{"line":524,"column":53},"end":{"line":530,"column":7}},"line":524},"61":{"name":"(anonymous_61)","decl":{"start":{"line":540,"column":2},"end":{"line":540,"column":3}},"loc":{"start":{"line":540,"column":51},"end":{"line":696,"column":3}},"line":540},"62":{"name":"(anonymous_62)","decl":{"start":{"line":541,"column":23},"end":{"line":541,"column":24}},"loc":{"start":{"line":541,"column":50},"end":{"line":695,"column":5}},"line":541},"63":{"name":"(anonymous_63)","decl":{"start":{"line":546,"column":45},"end":{"line":546,"column":46}},"loc":{"start":{"line":546,"column":59},"end":{"line":557,"column":9}},"line":546},"64":{"name":"(anonymous_64)","decl":{"start":{"line":555,"column":12},"end":{"line":555,"column":13}},"loc":{"start":{"line":555,"column":26},"end":{"line":555,"column":51}},"line":555},"65":{"name":"(anonymous_65)","decl":{"start":{"line":560,"column":48},"end":{"line":560,"column":49}},"loc":{"start":{"line":560,"column":62},"end":{"line":571,"column":9}},"line":560},"66":{"name":"(anonymous_66)","decl":{"start":{"line":569,"column":12},"end":{"line":569,"column":13}},"loc":{"start":{"line":569,"column":26},"end":{"line":569,"column":51}},"line":569},"67":{"name":"(anonymous_67)","decl":{"start":{"line":574,"column":47},"end":{"line":574,"column":48}},"loc":{"start":{"line":574,"column":61},"end":{"line":583,"column":9}},"line":574},"68":{"name":"(anonymous_68)","decl":{"start":{"line":581,"column":12},"end":{"line":581,"column":13}},"loc":{"start":{"line":581,"column":27},"end":{"line":581,"column":53}},"line":581},"69":{"name":"(anonymous_69)","decl":{"start":{"line":593,"column":48},"end":{"line":593,"column":49}},"loc":{"start":{"line":593,"column":62},"end":{"line":604,"column":9}},"line":593},"70":{"name":"(anonymous_70)","decl":{"start":{"line":602,"column":12},"end":{"line":602,"column":13}},"loc":{"start":{"line":602,"column":26},"end":{"line":602,"column":51}},"line":602},"71":{"name":"(anonymous_71)","decl":{"start":{"line":624,"column":44},"end":{"line":624,"column":45}},"loc":{"start":{"line":624,"column":58},"end":{"line":636,"column":9}},"line":624},"72":{"name":"(anonymous_72)","decl":{"start":{"line":634,"column":12},"end":{"line":634,"column":13}},"loc":{"start":{"line":634,"column":26},"end":{"line":634,"column":51}},"line":634},"73":{"name":"(anonymous_73)","decl":{"start":{"line":698,"column":2},"end":{"line":698,"column":3}},"loc":{"start":{"line":698,"column":10},"end":{"line":714,"column":3}},"line":698},"74":{"name":"(anonymous_74)","decl":{"start":{"line":699,"column":23},"end":{"line":699,"column":24}},"loc":{"start":{"line":699,"column":44},"end":{"line":713,"column":5}},"line":699},"75":{"name":"(anonymous_75)","decl":{"start":{"line":701,"column":22},"end":{"line":701,"column":23}},"loc":{"start":{"line":701,"column":31},"end":{"line":709,"column":9}},"line":701}},"branchMap":{"0":{"loc":{"start":{"line":21,"column":18},"end":{"line":21,"column":29}},"type":"default-arg","locations":[{"start":{"line":21,"column":27},"end":{"line":21,"column":29}}],"line":21},"1":{"loc":{"start":{"line":22,"column":4},"end":{"line":24,"column":5}},"type":"if","locations":[{"start":{"line":22,"column":4},"end":{"line":24,"column":5}},{"start":{},"end":{}}],"line":22},"2":{"loc":{"start":{"line":30,"column":8},"end":{"line":34,"column":9}},"type":"if","locations":[{"start":{"line":30,"column":8},"end":{"line":34,"column":9}},{"start":{},"end":{}}],"line":30},"3":{"loc":{"start":{"line":58,"column":10},"end":{"line":62,"column":11}},"type":"if","locations":[{"start":{"line":58,"column":10},"end":{"line":62,"column":11}},{"start":{},"end":{}}],"line":58},"4":{"loc":{"start":{"line":77,"column":10},"end":{"line":81,"column":11}},"type":"if","locations":[{"start":{"line":77,"column":10},"end":{"line":81,"column":11}},{"start":{},"end":{}}],"line":77},"5":{"loc":{"start":{"line":119,"column":10},"end":{"line":125,"column":11}},"type":"if","locations":[{"start":{"line":119,"column":10},"end":{"line":125,"column":11}},{"start":{"line":122,"column":17},"end":{"line":125,"column":11}}],"line":119},"6":{"loc":{"start":{"line":132,"column":53},"end":{"line":132,"column":72}},"type":"default-arg","locations":[{"start":{"line":132,"column":68},"end":{"line":132,"column":72}}],"line":132},"7":{"loc":{"start":{"line":142,"column":8},"end":{"line":146,"column":9}},"type":"if","locations":[{"start":{"line":142,"column":8},"end":{"line":146,"column":9}},{"start":{"line":144,"column":15},"end":{"line":146,"column":9}}],"line":142},"8":{"loc":{"start":{"line":153,"column":18},"end":{"line":153,"column":34}},"type":"default-arg","locations":[{"start":{"line":153,"column":30},"end":{"line":153,"column":34}}],"line":153},"9":{"loc":{"start":{"line":153,"column":36},"end":{"line":153,"column":50}},"type":"default-arg","locations":[{"start":{"line":153,"column":48},"end":{"line":153,"column":50}}],"line":153},"10":{"loc":{"start":{"line":162,"column":6},"end":{"line":165,"column":7}},"type":"if","locations":[{"start":{"line":162,"column":6},"end":{"line":165,"column":7}},{"start":{},"end":{}}],"line":162},"11":{"loc":{"start":{"line":172,"column":8},"end":{"line":176,"column":9}},"type":"if","locations":[{"start":{"line":172,"column":8},"end":{"line":176,"column":9}},{"start":{"line":174,"column":15},"end":{"line":176,"column":9}}],"line":172},"12":{"loc":{"start":{"line":182,"column":36},"end":{"line":182,"column":50}},"type":"default-arg","locations":[{"start":{"line":182,"column":48},"end":{"line":182,"column":50}}],"line":182},"13":{"loc":{"start":{"line":191,"column":10},"end":{"line":201,"column":11}},"type":"if","locations":[{"start":{"line":191,"column":10},"end":{"line":201,"column":11}},{"start":{"line":193,"column":17},"end":{"line":201,"column":11}}],"line":191},"14":{"loc":{"start":{"line":195,"column":30},"end":{"line":195,"column":73}},"type":"cond-expr","locations":[{"start":{"line":195,"column":45},"end":{"line":195,"column":69}},{"start":{"line":195,"column":72},"end":{"line":195,"column":73}}],"line":195},"15":{"loc":{"start":{"line":208,"column":22},"end":{"line":208,"column":38}},"type":"default-arg","locations":[{"start":{"line":208,"column":34},"end":{"line":208,"column":38}}],"line":208},"16":{"loc":{"start":{"line":208,"column":40},"end":{"line":208,"column":54}},"type":"default-arg","locations":[{"start":{"line":208,"column":52},"end":{"line":208,"column":54}}],"line":208},"17":{"loc":{"start":{"line":220,"column":6},"end":{"line":223,"column":7}},"type":"if","locations":[{"start":{"line":220,"column":6},"end":{"line":223,"column":7}},{"start":{},"end":{}}],"line":220},"18":{"loc":{"start":{"line":226,"column":8},"end":{"line":236,"column":9}},"type":"if","locations":[{"start":{"line":226,"column":8},"end":{"line":236,"column":9}},{"start":{"line":228,"column":15},"end":{"line":236,"column":9}}],"line":226},"19":{"loc":{"start":{"line":229,"column":29},"end":{"line":229,"column":83}},"type":"cond-expr","locations":[{"start":{"line":229,"column":45},"end":{"line":229,"column":77}},{"start":{"line":229,"column":80},"end":{"line":229,"column":83}}],"line":229},"20":{"loc":{"start":{"line":249,"column":10},"end":{"line":253,"column":11}},"type":"if","locations":[{"start":{"line":249,"column":10},"end":{"line":253,"column":11}},{"start":{"line":251,"column":17},"end":{"line":253,"column":11}}],"line":249},"21":{"loc":{"start":{"line":268,"column":10},"end":{"line":272,"column":11}},"type":"if","locations":[{"start":{"line":268,"column":10},"end":{"line":272,"column":11}},{"start":{"line":270,"column":17},"end":{"line":272,"column":11}}],"line":268},"22":{"loc":{"start":{"line":279,"column":15},"end":{"line":279,"column":25}},"type":"default-arg","locations":[{"start":{"line":279,"column":23},"end":{"line":279,"column":25}}],"line":279},"23":{"loc":{"start":{"line":287,"column":10},"end":{"line":291,"column":11}},"type":"if","locations":[{"start":{"line":287,"column":10},"end":{"line":291,"column":11}},{"start":{"line":289,"column":17},"end":{"line":291,"column":11}}],"line":287},"24":{"loc":{"start":{"line":307,"column":10},"end":{"line":311,"column":11}},"type":"if","locations":[{"start":{"line":307,"column":10},"end":{"line":311,"column":11}},{"start":{"line":309,"column":17},"end":{"line":311,"column":11}}],"line":307},"25":{"loc":{"start":{"line":326,"column":10},"end":{"line":330,"column":11}},"type":"if","locations":[{"start":{"line":326,"column":10},"end":{"line":330,"column":11}},{"start":{"line":328,"column":17},"end":{"line":330,"column":11}}],"line":326},"26":{"loc":{"start":{"line":329,"column":20},"end":{"line":329,"column":30}},"type":"binary-expr","locations":[{"start":{"line":329,"column":20},"end":{"line":329,"column":24}},{"start":{"line":329,"column":28},"end":{"line":329,"column":30}}],"line":329},"27":{"loc":{"start":{"line":349,"column":12},"end":{"line":355,"column":13}},"type":"if","locations":[{"start":{"line":349,"column":12},"end":{"line":355,"column":13}},{"start":{"line":352,"column":19},"end":{"line":355,"column":13}}],"line":349},"28":{"loc":{"start":{"line":363,"column":46},"end":{"line":363,"column":61}},"type":"default-arg","locations":[{"start":{"line":363,"column":59},"end":{"line":363,"column":61}}],"line":363},"29":{"loc":{"start":{"line":373,"column":8},"end":{"line":376,"column":9}},"type":"if","locations":[{"start":{"line":373,"column":8},"end":{"line":376,"column":9}},{"start":{},"end":{}}],"line":373},"30":{"loc":{"start":{"line":378,"column":8},"end":{"line":381,"column":9}},"type":"if","locations":[{"start":{"line":378,"column":8},"end":{"line":381,"column":9}},{"start":{},"end":{}}],"line":378},"31":{"loc":{"start":{"line":406,"column":8},"end":{"line":409,"column":9}},"type":"if","locations":[{"start":{"line":406,"column":8},"end":{"line":409,"column":9}},{"start":{},"end":{}}],"line":406},"32":{"loc":{"start":{"line":422,"column":10},"end":{"line":425,"column":11}},"type":"if","locations":[{"start":{"line":422,"column":10},"end":{"line":425,"column":11}},{"start":{},"end":{}}],"line":422},"33":{"loc":{"start":{"line":427,"column":17},"end":{"line":427,"column":37}},"type":"binary-expr","locations":[{"start":{"line":427,"column":17},"end":{"line":427,"column":29}},{"start":{"line":427,"column":33},"end":{"line":427,"column":37}}],"line":427},"34":{"loc":{"start":{"line":428,"column":17},"end":{"line":428,"column":37}},"type":"binary-expr","locations":[{"start":{"line":428,"column":17},"end":{"line":428,"column":29}},{"start":{"line":428,"column":33},"end":{"line":428,"column":37}}],"line":428},"35":{"loc":{"start":{"line":429,"column":17},"end":{"line":429,"column":37}},"type":"binary-expr","locations":[{"start":{"line":429,"column":17},"end":{"line":429,"column":29}},{"start":{"line":429,"column":33},"end":{"line":429,"column":37}}],"line":429},"36":{"loc":{"start":{"line":430,"column":20},"end":{"line":430,"column":45}},"type":"binary-expr","locations":[{"start":{"line":430,"column":20},"end":{"line":430,"column":37}},{"start":{"line":430,"column":41},"end":{"line":430,"column":45}}],"line":430},"37":{"loc":{"start":{"line":431,"column":19},"end":{"line":431,"column":38}},"type":"binary-expr","locations":[{"start":{"line":431,"column":19},"end":{"line":431,"column":33}},{"start":{"line":431,"column":37},"end":{"line":431,"column":38}}],"line":431},"38":{"loc":{"start":{"line":448,"column":8},"end":{"line":451,"column":9}},"type":"if","locations":[{"start":{"line":448,"column":8},"end":{"line":451,"column":9}},{"start":{},"end":{}}],"line":448},"39":{"loc":{"start":{"line":453,"column":16},"end":{"line":453,"column":33}},"type":"binary-expr","locations":[{"start":{"line":453,"column":16},"end":{"line":453,"column":25}},{"start":{"line":453,"column":29},"end":{"line":453,"column":33}}],"line":453},"40":{"loc":{"start":{"line":454,"column":21},"end":{"line":454,"column":40}},"type":"binary-expr","locations":[{"start":{"line":454,"column":21},"end":{"line":454,"column":35}},{"start":{"line":454,"column":39},"end":{"line":454,"column":40}}],"line":454},"41":{"loc":{"start":{"line":472,"column":8},"end":{"line":475,"column":9}},"type":"if","locations":[{"start":{"line":472,"column":8},"end":{"line":475,"column":9}},{"start":{},"end":{}}],"line":472},"42":{"loc":{"start":{"line":477,"column":31},"end":{"line":477,"column":59}},"type":"binary-expr","locations":[{"start":{"line":477,"column":31},"end":{"line":477,"column":54}},{"start":{"line":477,"column":58},"end":{"line":477,"column":59}}],"line":477},"43":{"loc":{"start":{"line":478,"column":8},"end":{"line":481,"column":9}},"type":"if","locations":[{"start":{"line":478,"column":8},"end":{"line":481,"column":9}},{"start":{},"end":{}}],"line":478},"44":{"loc":{"start":{"line":505,"column":8},"end":{"line":508,"column":9}},"type":"if","locations":[{"start":{"line":505,"column":8},"end":{"line":508,"column":9}},{"start":{},"end":{}}],"line":505},"45":{"loc":{"start":{"line":509,"column":16},"end":{"line":509,"column":31}},"type":"binary-expr","locations":[{"start":{"line":509,"column":16},"end":{"line":509,"column":26}},{"start":{"line":509,"column":30},"end":{"line":509,"column":31}}],"line":509},"46":{"loc":{"start":{"line":525,"column":8},"end":{"line":528,"column":9}},"type":"if","locations":[{"start":{"line":525,"column":8},"end":{"line":528,"column":9}},{"start":{},"end":{}}],"line":525},"47":{"loc":{"start":{"line":529,"column":16},"end":{"line":529,"column":31}},"type":"binary-expr","locations":[{"start":{"line":529,"column":16},"end":{"line":529,"column":26}},{"start":{"line":529,"column":30},"end":{"line":529,"column":31}}],"line":529},"48":{"loc":{"start":{"line":540,"column":35},"end":{"line":540,"column":49}},"type":"default-arg","locations":[{"start":{"line":540,"column":47},"end":{"line":540,"column":49}}],"line":540},"49":{"loc":{"start":{"line":555,"column":26},"end":{"line":555,"column":51}},"type":"cond-expr","locations":[{"start":{"line":555,"column":32},"end":{"line":555,"column":40}},{"start":{"line":555,"column":43},"end":{"line":555,"column":51}}],"line":555},"50":{"loc":{"start":{"line":569,"column":26},"end":{"line":569,"column":51}},"type":"cond-expr","locations":[{"start":{"line":569,"column":32},"end":{"line":569,"column":40}},{"start":{"line":569,"column":43},"end":{"line":569,"column":51}}],"line":569},"51":{"loc":{"start":{"line":581,"column":27},"end":{"line":581,"column":53}},"type":"cond-expr","locations":[{"start":{"line":581,"column":33},"end":{"line":581,"column":41}},{"start":{"line":581,"column":44},"end":{"line":581,"column":53}}],"line":581},"52":{"loc":{"start":{"line":585,"column":20},"end":{"line":587,"column":13}},"type":"cond-expr","locations":[{"start":{"line":586,"column":12},"end":{"line":586,"column":84}},{"start":{"line":587,"column":12},"end":{"line":587,"column":13}}],"line":585},"53":{"loc":{"start":{"line":586,"column":12},"end":{"line":586,"column":84}},"type":"binary-expr","locations":[{"start":{"line":586,"column":12},"end":{"line":586,"column":79}},{"start":{"line":586,"column":83},"end":{"line":586,"column":84}}],"line":586},"54":{"loc":{"start":{"line":588,"column":20},"end":{"line":590,"column":13}},"type":"cond-expr","locations":[{"start":{"line":589,"column":12},"end":{"line":589,"column":84}},{"start":{"line":590,"column":12},"end":{"line":590,"column":13}}],"line":588},"55":{"loc":{"start":{"line":589,"column":12},"end":{"line":589,"column":84}},"type":"binary-expr","locations":[{"start":{"line":589,"column":12},"end":{"line":589,"column":79}},{"start":{"line":589,"column":83},"end":{"line":589,"column":84}}],"line":589},"56":{"loc":{"start":{"line":602,"column":26},"end":{"line":602,"column":51}},"type":"cond-expr","locations":[{"start":{"line":602,"column":32},"end":{"line":602,"column":40}},{"start":{"line":602,"column":43},"end":{"line":602,"column":51}}],"line":602},"57":{"loc":{"start":{"line":607,"column":21},"end":{"line":609,"column":13}},"type":"cond-expr","locations":[{"start":{"line":608,"column":12},"end":{"line":608,"column":67}},{"start":{"line":609,"column":12},"end":{"line":609,"column":13}}],"line":607},"58":{"loc":{"start":{"line":607,"column":21},"end":{"line":607,"column":67}},"type":"binary-expr","locations":[{"start":{"line":607,"column":21},"end":{"line":607,"column":34}},{"start":{"line":607,"column":38},"end":{"line":607,"column":67}}],"line":607},"59":{"loc":{"start":{"line":613,"column":35},"end":{"line":613,"column":62}},"type":"binary-expr","locations":[{"start":{"line":613,"column":35},"end":{"line":613,"column":57}},{"start":{"line":613,"column":61},"end":{"line":613,"column":62}}],"line":613},"60":{"loc":{"start":{"line":614,"column":36},"end":{"line":614,"column":64}},"type":"binary-expr","locations":[{"start":{"line":614,"column":36},"end":{"line":614,"column":59}},{"start":{"line":614,"column":63},"end":{"line":614,"column":64}}],"line":614},"61":{"loc":{"start":{"line":615,"column":28},"end":{"line":617,"column":21}},"type":"cond-expr","locations":[{"start":{"line":616,"column":12},"end":{"line":616,"column":66}},{"start":{"line":617,"column":12},"end":{"line":617,"column":21}}],"line":615},"62":{"loc":{"start":{"line":618,"column":30},"end":{"line":618,"column":81}},"type":"binary-expr","locations":[{"start":{"line":618,"column":31},"end":{"line":618,"column":44}},{"start":{"line":618,"column":48},"end":{"line":618,"column":75}},{"start":{"line":618,"column":80},"end":{"line":618,"column":81}}],"line":618},"63":{"loc":{"start":{"line":619,"column":21},"end":{"line":621,"column":21}},"type":"cond-expr","locations":[{"start":{"line":620,"column":12},"end":{"line":620,"column":64}},{"start":{"line":621,"column":12},"end":{"line":621,"column":21}}],"line":619},"64":{"loc":{"start":{"line":634,"column":26},"end":{"line":634,"column":51}},"type":"cond-expr","locations":[{"start":{"line":634,"column":32},"end":{"line":634,"column":40}},{"start":{"line":634,"column":43},"end":{"line":634,"column":51}}],"line":634},"65":{"loc":{"start":{"line":638,"column":27},"end":{"line":640,"column":15}},"type":"cond-expr","locations":[{"start":{"line":639,"column":12},"end":{"line":639,"column":121}},{"start":{"line":640,"column":12},"end":{"line":640,"column":15}}],"line":638},"66":{"loc":{"start":{"line":638,"column":27},"end":{"line":638,"column":59}},"type":"binary-expr","locations":[{"start":{"line":638,"column":27},"end":{"line":638,"column":36}},{"start":{"line":638,"column":40},"end":{"line":638,"column":59}}],"line":638},"67":{"loc":{"start":{"line":639,"column":26},"end":{"line":639,"column":50}},"type":"binary-expr","locations":[{"start":{"line":639,"column":26},"end":{"line":639,"column":45}},{"start":{"line":639,"column":49},"end":{"line":639,"column":50}}],"line":639},"68":{"loc":{"start":{"line":639,"column":56},"end":{"line":639,"column":81}},"type":"binary-expr","locations":[{"start":{"line":639,"column":56},"end":{"line":639,"column":76}},{"start":{"line":639,"column":80},"end":{"line":639,"column":81}}],"line":639},"69":{"loc":{"start":{"line":643,"column":28},"end":{"line":643,"column":55}},"type":"binary-expr","locations":[{"start":{"line":643,"column":28},"end":{"line":643,"column":50}},{"start":{"line":643,"column":54},"end":{"line":643,"column":55}}],"line":643},"70":{"loc":{"start":{"line":644,"column":29},"end":{"line":644,"column":57}},"type":"binary-expr","locations":[{"start":{"line":644,"column":29},"end":{"line":644,"column":52}},{"start":{"line":644,"column":56},"end":{"line":644,"column":57}}],"line":644},"71":{"loc":{"start":{"line":645,"column":29},"end":{"line":645,"column":57}},"type":"binary-expr","locations":[{"start":{"line":645,"column":29},"end":{"line":645,"column":52}},{"start":{"line":645,"column":56},"end":{"line":645,"column":57}}],"line":645},"72":{"loc":{"start":{"line":647,"column":23},"end":{"line":649,"column":15}},"type":"cond-expr","locations":[{"start":{"line":648,"column":12},"end":{"line":648,"column":71}},{"start":{"line":649,"column":12},"end":{"line":649,"column":15}}],"line":647},"73":{"loc":{"start":{"line":654,"column":28},"end":{"line":656,"column":15}},"type":"cond-expr","locations":[{"start":{"line":655,"column":12},"end":{"line":655,"column":71}},{"start":{"line":656,"column":12},"end":{"line":656,"column":15}}],"line":654},"74":{"loc":{"start":{"line":676,"column":27},"end":{"line":678,"column":15}},"type":"cond-expr","locations":[{"start":{"line":677,"column":14},"end":{"line":677,"column":55}},{"start":{"line":678,"column":14},"end":{"line":678,"column":15}}],"line":676},"75":{"loc":{"start":{"line":679,"column":27},"end":{"line":679,"column":61}},"type":"binary-expr","locations":[{"start":{"line":679,"column":27},"end":{"line":679,"column":56}},{"start":{"line":679,"column":60},"end":{"line":679,"column":61}}],"line":679},"76":{"loc":{"start":{"line":680,"column":27},"end":{"line":680,"column":61}},"type":"binary-expr","locations":[{"start":{"line":680,"column":27},"end":{"line":680,"column":56}},{"start":{"line":680,"column":60},"end":{"line":680,"column":61}}],"line":680},"77":{"loc":{"start":{"line":685,"column":24},"end":{"line":685,"column":81}},"type":"binary-expr","locations":[{"start":{"line":685,"column":25},"end":{"line":685,"column":38}},{"start":{"line":685,"column":42},"end":{"line":685,"column":72}},{"start":{"line":685,"column":77},"end":{"line":685,"column":81}}],"line":685},"78":{"loc":{"start":{"line":700,"column":6},"end":{"line":712,"column":7}},"type":"if","locations":[{"start":{"line":700,"column":6},"end":{"line":712,"column":7}},{"start":{"line":710,"column":13},"end":{"line":712,"column":7}}],"line":700},"79":{"loc":{"start":{"line":702,"column":10},"end":{"line":708,"column":11}},"type":"if","locations":[{"start":{"line":702,"column":10},"end":{"line":708,"column":11}},{"start":{"line":705,"column":17},"end":{"line":708,"column":11}}],"line":702}},"s":{"0":2,"1":2,"2":2,"3":2,"4":2,"5":2,"6":2,"7":0,"8":0,"9":0,"10":0,"11":0,"12":0,"13":0,"14":0,"15":0,"16":0,"17":0,"18":0,"19":0,"20":0,"21":0,"22":0,"23":0,"24":0,"25":0,"26":0,"27":0,"28":0,"29":0,"30":0,"31":0,"32":0,"33":0,"34":0,"35":0,"36":0,"37":0,"38":0,"39":0,"40":0,"41":0,"42":0,"43":0,"44":0,"45":0,"46":0,"47":0,"48":0,"49":0,"50":0,"51":0,"52":0,"53":0,"54":0,"55":0,"56":0,"57":0,"58":0,"59":0,"60":0,"61":0,"62":0,"63":0,"64":0,"65":0,"66":0,"67":0,"68":0,"69":0,"70":0,"71":0,"72":0,"73":0,"74":0,"75":0,"76":0,"77":0,"78":0,"79":0,"80":0,"81":0,"82":0,"83":0,"84":0,"85":0,"86":0,"87":0,"88":0,"89":0,"90":0,"91":0,"92":0,"93":0,"94":0,"95":0,"96":0,"97":0,"98":0,"99":0,"100":0,"101":0,"102":0,"103":0,"104":0,"105":0,"106":0,"107":0,"108":0,"109":0,"110":0,"111":0,"112":0,"113":0,"114":0,"115":0,"116":0,"117":0,"118":0,"119":0,"120":0,"121":0,"122":0,"123":0,"124":0,"125":0,"126":0,"127":0,"128":0,"129":0,"130":0,"131":0,"132":0,"133":0,"134":0,"135":0,"136":0,"137":0,"138":0,"139":0,"140":0,"141":0,"142":0,"143":0,"144":0,"145":0,"146":0,"147":0,"148":0,"149":0,"150":0,"151":0,"152":0,"153":0,"154":0,"155":0,"156":0,"157":0,"158":0,"159":0,"160":0,"161":0,"162":0,"163":0,"164":0,"165":0,"166":0,"167":0,"168":0,"169":0,"170":0,"171":0,"172":0,"173":0,"174":0,"175":0,"176":0,"177":0,"178":0,"179":0,"180":0,"181":0,"182":0,"183":0,"184":0,"185":0,"186":0,"187":0,"188":0,"189":0,"190":0,"191":0,"192":0,"193":0,"194":0,"195":0,"196":0,"197":0,"198":0,"199":0,"200":0,"201":0,"202":0,"203":0,"204":0,"205":0,"206":0,"207":0,"208":0,"209":0,"210":0,"211":0,"212":0,"213":0,"214":0,"215":0,"216":0,"217":0,"218":2},"f":{"0":2,"1":0,"2":0,"3":0,"4":0,"5":0,"6":0,"7":0,"8":0,"9":0,"10":0,"11":0,"12":0,"13":0,"14":0,"15":0,"16":0,"17":0,"18":0,"19":0,"20":0,"21":0,"22":0,"23":0,"24":0,"25":0,"26":0,"27":0,"28":0,"29":0,"30":0,"31":0,"32":0,"33":0,"34":0,"35":0,"36":0,"37":0,"38":0,"39":0,"40":0,"41":0,"42":0,"43":0,"44":0,"45":0,"46":0,"47":0,"48":0,"49":0,"50":0,"51":0,"52":0,"53":0,"54":0,"55":0,"56":0,"57":0,"58":0,"59":0,"60":0,"61":0,"62":0,"63":0,"64":0,"65":0,"66":0,"67":0,"68":0,"69":0,"70":0,"71":0,"72":0,"73":0,"74":0,"75":0},"b":{"0":[0],"1":[0,0],"2":[0,0],"3":[0,0],"4":[0,0],"5":[0,0],"6":[0],"7":[0,0],"8":[0],"9":[0],"10":[0,0],"11":[0,0],"12":[0],"13":[0,0],"14":[0,0],"15":[0],"16":[0],"17":[0,0],"18":[0,0],"19":[0,0],"20":[0,0],"21":[0,0],"22":[0],"23":[0,0],"24":[0,0],"25":[0,0],"26":[0,0],"27":[0,0],"28":[0],"29":[0,0],"30":[0,0],"31":[0,0],"32":[0,0],"33":[0,0],"34":[0,0],"35":[0,0],"36":[0,0],"37":[0,0],"38":[0,0],"39":[0,0],"40":[0,0],"41":[0,0],"42":[0,0],"43":[0,0],"44":[0,0],"45":[0,0],"46":[0,0],"47":[0,0],"48":[0],"49":[0,0],"50":[0,0],"51":[0,0],"52":[0,0],"53":[0,0],"54":[0,0],"55":[0,0],"56":[0,0],"57":[0,0],"58":[0,0],"59":[0,0],"60":[0,0],"61":[0,0],"62":[0,0,0],"63":[0,0],"64":[0,0],"65":[0,0],"66":[0,0],"67":[0,0],"68":[0,0],"69":[0,0],"70":[0,0],"71":[0,0],"72":[0,0],"73":[0,0],"74":[0,0],"75":[0,0],"76":[0,0],"77":[0,0,0],"78":[0,0],"79":[0,0]},"_coverageSchema":"1a1c01bbd47fc00a2c39e90264f33305004495a9","hash":"fddd15d4ea6b2caace83b63fca1228a063e3ecc3"}
,"/Users/nicklaye/Desktop/Cursor Projects/Health Check amoCRM/server/monitor.js": {"path":"/Users/nicklaye/Desktop/Cursor Projects/Health Check amoCRM/server/monitor.js","statementMap":{"0":{"start":{"line":1,"column":14},"end":{"line":1,"column":30}},"1":{"start":{"line":4,"column":42},"end":{"line":4,"column":71}},"2":{"start":{"line":5,"column":31},"end":{"line":5,"column":64}},"3":{"start":{"line":6,"column":25},"end":{"line":6,"column":50}},"4":{"start":{"line":7,"column":81},"end":{"line":7,"column":112}},"5":{"start":{"line":10,"column":17},"end":{"line":10,"column":38}},"6":{"start":{"line":11,"column":22},"end":{"line":11,"column":48}},"7":{"start":{"line":12,"column":21},"end":{"line":12,"column":47}},"8":{"start":{"line":13,"column":16},"end":{"line":13,"column":36}},"9":{"start":{"line":16,"column":15},"end":{"line":16,"column":38}},"10":{"start":{"line":24,"column":4},"end":{"line":24,"column":44}},"11":{"start":{"line":25,"column":4},"end":{"line":25,"column":87}},"12":{"start":{"line":26,"column":4},"end":{"line":26,"column":96}},"13":{"start":{"line":27,"column":4},"end":{"line":27,"column":27}},"14":{"start":{"line":28,"column":4},"end":{"line":28,"column":28}},"15":{"start":{"line":29,"column":4},"end":{"line":29,"column":24}},"16":{"start":{"line":32,"column":4},"end":{"line":39,"column":7}},"17":{"start":{"line":33,"column":6},"end":{"line":38,"column":8}},"18":{"start":{"line":41,"column":4},"end":{"line":41,"column":91}},"19":{"start":{"line":54,"column":4},"end":{"line":54,"column":34}},"20":{"start":{"line":55,"column":4},"end":{"line":55,"column":69}},"21":{"start":{"line":64,"column":4},"end":{"line":70,"column":7}},"22":{"start":{"line":65,"column":6},"end":{"line":69,"column":7}},"23":{"start":{"line":66,"column":8},"end":{"line":66,"column":34}},"24":{"start":{"line":68,"column":8},"end":{"line":68,"column":56}},"25":{"start":{"line":75,"column":4},"end":{"line":81,"column":5}},"26":{"start":{"line":76,"column":6},"end":{"line":76,"column":49}},"27":{"start":{"line":78,"column":6},"end":{"line":78,"column":56}},"28":{"start":{"line":80,"column":6},"end":{"line":80,"co
[...]
ToCSV","decl":{"start":{"line":39,"column":9},"end":{"line":39,"column":32}},"loc":{"start":{"line":39,"column":47},"end":{"line":51,"column":1}},"line":39},"4":{"name":"(anonymous_4)","decl":{"start":{"line":42,"column":37},"end":{"line":42,"column":38}},"loc":{"start":{"line":42,"column":47},"end":{"line":48,"column":3}},"line":42},"5":{"name":"exportIncidentsToCSV","decl":{"start":{"line":58,"column":9},"end":{"line":58,"column":29}},"loc":{"start":{"line":58,"column":41},"end":{"line":71,"column":1}},"line":58},"6":{"name":"(anonymous_6)","decl":{"start":{"line":61,"column":34},"end":{"line":61,"column":35}},"loc":{"start":{"line":61,"column":47},"end":{"line":68,"column":3}},"line":61},"7":{"name":"exportStatsToCSV","decl":{"start":{"line":78,"column":9},"end":{"line":78,"column":25}},"loc":{"start":{"line":78,"column":33},"end":{"line":91,"column":1}},"line":78},"8":{"name":"(anonymous_8)","decl":{"start":{"line":81,"column":46},"end":{"line":81,"column":47}},"loc":{"start":{"line":81,"column":70},"end":{"line":88,"column":3}},"line":81},"9":{"name":"toJSON","decl":{"start":{"line":99,"column":9},"end":{"line":99,"column":15}},"loc":{"start":{"line":99,"column":37},"end":{"line":101,"column":1}},"line":99},"10":{"name":"generateReport","decl":{"start":{"line":112,"column":9},"end":{"line":112,"column":23}},"loc":{"start":{"line":112,"column":32},"end":{"line":131,"column":1}},"line":112},"11":{"name":"calculateOverallUptime","decl":{"start":{"line":138,"column":9},"end":{"line":138,"column":31}},"loc":{"start":{"line":138,"column":39},"end":{"line":143,"column":1}},"line":138},"12":{"name":"(anonymous_12)","decl":{"start":{"line":139,"column":43},"end":{"line":139,"column":44}},"loc":{"start":{"line":139,"column":48},"end":{"line":139,"column":61}},"line":139},"13":{"name":"(anonymous_13)","decl":{"start":{"line":141,"column":21},"end":{"line":141,"column":22}},"loc":{"start":{"line":141,"column":31},"end":{"line":141,"column":36}},"line":141},"14":{"name":"calculateAvgResponseTime","decl":{"start":{"line":150,"column":9},"end":{"line":150,"column":33}},"loc":{"start":{"line":150,"column":41},"end":{"line":155,"column":1}},"line":150},"15":{"name":"(anonymous_15)","decl":{"start":{"line":151,"column":41},"end":{"line":151,"column":42}},"loc":{"start":{"line":151,"column":46},"end":{"line":151,"column":68}},"line":151},"16":{"name":"(anonymous_16)","decl":{"start":{"line":153,"column":19},"end":{"line":153,"column":20}},"loc":{"start":{"line":153,"column":29},"end":{"line":153,"column":34}},"line":153}},"branchMap":{"0":{"loc":{"start":{"line":12,"column":2},"end":{"line":14,"column":3}},"type":"if","locations":[{"start":{"line":12,"column":2},"end":{"line":14,"column":3}},{"start":{},"end":{}}],"line":12},"1":{"loc":{"start":{"line":12,"column":6},"end":{"line":12,"column":32}},"type":"binary-expr","locations":[{"start":{"line":12,"column":6},"end":{"line":12,"column":11}},{"start":{"line":12,"column":15},"end":{"line":12,"column":32}}],"line":12},"2":{"loc":{"start":{"line":24,"column":6},"end":{"line":26,"column":7}},"type":"if","locations":[{"start":{"line":24,"column":6},"end":{"line":26,"column":7}},{"start":{},"end":{}}],"line":24},"3":{"loc":{"start":{"line":24,"column":10},"end":{"line":24,"column":85}},"type":"binary-expr","locations":[{"start":{"line":24,"column":10},"end":{"line":24,"column":15}},{"start":{"line":24,"column":20},"end":{"line":24,"column":50}},{"start":{"line":24,"column":54},"end":{"line":24,"column":84}}],"line":24},"4":{"loc":{"start":{"line":27,"column":13},"end":{"line":27,"column":24}},"type":"binary-expr","locations":[{"start":{"line":27,"column":13},"end":{"line":27,"column":18}},{"start":{"line":27,"column":22},"end":{"line":27,"column":24}}],"line":27},"5":{"loc":{"start":{"line":47,"column":19},"end":{"line":47,"column":44}},"type":"binary-expr","locations":[{"start":{"line":47,"column":19},"end":{"line":47,"column":38}},{"start":{"line":47,"column":42},"end":{"line":47,"column":44}}],"line":47},"6":{"loc":{"start":{"line":65,"column":14},"end":{"line":65,"column":87}},"type":"cond-expr","locations":[{"start":{"line":65,"column":34},"end":{"line":65,"column":75}},{"start":{"line":65,"column":78},"end":{"line":65,"column":87}}],"line":65},"7":{"loc":{"start":{"line":66,"column":14},"end":{"line":66,"column":95}},"type":"cond-expr","locations":[{"start":{"line":66,"column":34},"end":{"line":66,"column":83}},{"start":{"line":66,"column":86},"end":{"line":66,"column":95}}],"line":66},"8":{"loc":{"start":{"line":67,"column":19},"end":{"line":67,"column":47}},"type":"binary-expr","locations":[{"start":{"line":67,"column":19},"end":{"line":67,"column":41}},{"start":{"line":67,"column":45},"end":{"line":67,"column":47}}],"line":67},"9":{"loc":{"start":{"line":85,"column":18},"end":{"line":85,"column":39}},"type":"binary-expr","locations":[{"start":{"line":85,"column":18},"end":{"line":85,"column":34}},{"start":{"line":85,"column":38},"end":{"line":85,"column":39}}],"line":85},"10":{"loc":{"start":{"line":86,"column":23},"end":{"line":86,"column":49}},"type":"binary-expr","locations":[{"start":{"line":86,"column":23},"end":{"line":86,"column":44}},{"start":{"line":86,"column":48},"end":{"line":86,"column":49}}],"line":86},"11":{"loc":{"start":{"line":87,"column":19},"end":{"line":87,"column":41}},"type":"binary-expr","locations":[{"start":{"line":87,"column":19},"end":{"line":87,"column":36}},{"start":{"line":87,"column":40},"end":{"line":87,"column":41}}],"line":87},"12":{"loc":{"start":{"line":99,"column":22},"end":{"line":99,"column":35}},"type":"default-arg","locations":[{"start":{"line":99,"column":31},"end":{"line":99,"column":35}}],"line":99},"13":{"loc":{"start":{"line":100,"column":36},"end":{"line":100,"column":50}},"type":"cond-expr","locations":[{"start":{"line":100,"column":45},"end":{"line":100,"column":46}},{"start":{"line":100,"column":49},"end":{"line":100,"column":50}}],"line":100},"14":{"loc":{"start":{"line":139,"column":48},"end":{"line":139,"column":61}},"type":"binary-expr","locations":[{"start":{"line":139,"column":48},"end":{"line":139,"column":56}},{"start":{"line":139,"column":60},"end":{"line":139,"column":61}}],"line":139},"15":{"loc":{"start":{"line":140,"column":9},"end":{"line":142,"column":7}},"type":"cond-expr","locations":[{"start":{"line":141,"column":6},"end":{"line":141,"column":57}},{"start":{"line":142,"column":6},"end":{"line":142,"column":7}}],"line":140},"16":{"loc":{"start":{"line":151,"column":46},"end":{"line":151,"column":68}},"type":"binary-expr","locations":[{"start":{"line":151,"column":46},"end":{"line":151,"column":63}},{"start":{"line":151,"column":67},"end":{"line":151,"column":68}}],"line":151},"17":{"loc":{"start":{"line":152,"column":9},"end":{"line":154,"column":7}},"type":"cond-expr","locations":[{"start":{"line":153,"column":6},"end":{"line":153,"column":53}},{"start":{"line":154,"column":6},"end":{"line":154,"column":7}}],"line":152}},"s":{"0":0,"1":0,"2":0,"3":0,"4":0,"5":0,"6":0,"7":0,"8":0,"9":0,"10":0,"11":0,"12":0,"13":0,"14":0,"15":0,"16":0,"17":0,"18":0,"19":0,"20":0,"21":0,"22":0,"23":0,"24":0,"25":0,"26":0,"27":0,"28":0,"29":0,"30":0,"31":0,"32":0,"33":1},"f":{"0":0,"1":0,"2":0,"3":0,"4":0,"5":0,"6":0,"7":0,"8":0,"9":0,"10":0,"11":0,"12":0,"13":0,"14":0,"15":0,"16":0},"b":{"0":[0,0],"1":[0,0],"2":[0,0],"3":[0,0,0],"4":[0,0],"5":[0,0],"6":[0,0],"7":[0,0],"8":[0,0],"9":[0,0],"10":[0,0],"11":[0,0],"12":[0],"13":[0,0],"14":[0,0],"15":[0,0],"16":[0,0],"17":[0,0]},"_coverageSchema":"1a1c01bbd47fc00a2c39e90264f33305004495a9","hash":"3f5cee5f8396f4b2bee4da2c9cff5e0be01ad3cc"}
,"/Users/nicklaye/Desktop/Cursor Projects/Health Check amoCRM/server/utils/http-helpers.js": {"path":"/Users/nicklaye/Desktop/Cursor Projects/Health Check amoCRM/server/utils/http-helpers.js","statementMap":{"0":{"start":{"line":6,"column":24},"end":{"line":6,"column":54}},"1":{"start":{"line":14,"column":2},"end":{"line":14,"column":88}},"2":{"start":{"line":23,"column":2},"end":{"line":23,"column":97}},"3":{"start":{"line":32,"column":2},"end":{"line":32,"column":52}},"4":{"start":{"line":42,"column":19},"end":{"line":42,"column":59}},"5":{"start":{"line":43,"column":2},"end":{"line":43,"column":40}},"6":{"start":{"line":53,"column":2},"end":{"line":60,"column":4}},"7":{"start":{"line":59,"column":26},"end":{"line":59,"column":30}},"8":{"start":{"line":69,"column":2},"end":{"line":71,"column":3}},"9":{"start":{"line":70,"column":4},"end":{"line":70,"column":73}},"10":{"start":{"line":72,"column":2},"end":{"line":74,"column":3}},"11":{"start":{"line":73,"column":4},"end":{"line":73,"column":29}},"12":{"start":{"line":75,"column":2},"end":{"line":77,"column":3}},"13":{"start":{"line":76,"column":4},"end":{"line":76,"column":30}},"14":{"start":{"line":78,"column":2},"end":{"line":78,"column":42}},"15":{"start":{"line":81,"column":0},"end":{"line":88,"column":2}}},"fnMap":{"0":{"name":"isSuccessStatus","decl":{"start":{"line":13,"column":9},"end":{"line":13,"column":24}},"loc":{"start":{"line":13,"column":37},"end":{"line":15,"column":1}},"line":13},"1":{"name":"isClientError","decl":{"start":{"line":22,"column":9},"end":{"line":22,"column":22}},"loc":{"start":{"line":22,"column":35},"end":{"line":24,"column":1}},"line":22},"2":{"name":"isServerError","decl":{"start":{"line":31,"column":9},"end":{"line":31,"column":22}},"loc":{"start":{"line":31,"column":35},"end":{"line":33,"column":1}},"line":31},"3":{"name":"buildAmoCRMUrl","decl":{"start":{"line":41,"column":9},"end":{"line":41,"column":23}},"loc":{"start":{"line":41,"column":38},"end":{"line":44,"column":1}},"line":41},"4":{"name":"createAuthConfig","decl":{"start":{"line":52,"column":9},"end":{"line":52,"column":25}},"loc":{"start":{"line":52,"column":56},"end":{"line":61,"column":1}},"line":52},"5":{"name":"(anonymous_5)","decl":{"start":{"line":59,"column":20},"end":{"line":59,"column":21}},"loc":{"start":{"line":59,"column":26},"end":{"line":59,"column":30}},"line":59},"6":{"name":"extractErrorMessage","decl":{"start":{"line":68,"column":9},"end":{"line":68,"column":28}},"loc":{"start":{"line":68,"column":36},"end":{"line":79,"column":1}},"line":68}},"branchMap":{"0":{"loc":{"start":{"line":14,"column":9},"end":{"line":14,"column":87}},"type":"binary-expr","locations":[{"start":{"line":14,"column":9},"end":{"line":14,"column":46}},{"start":{"line":14,"column":50},"end":{"line":14,"column":87}}],"line":14},"1":{"loc":{"start":{"line":23,"column":9},"end":{"line":23,"column":96}},"type":"binary-expr","locations":[{"start":{"line":23,"column":9},"end":{"line":23,"column":51}},{"start":{"line":23,"column":55},"end":{"line":23,"column":96}}],"line":23},"2":{"loc":{"start":{"line":42,"column":19},"end":{"line":42,"column":59}},"type":"cond-expr","locations":[{"start":{"line":42,"column":42},"end":{"line":42,"column":46}},{"start":{"line":42,"column":49},"end":{"line":42,"column":59}}],"line":42},"3":{"loc":{"start":{"line":52,"column":39},"end":{"line":52,"column":54}},"type":"default-arg","locations":[{"start":{"line":52,"column":49},"end":{"line":52,"column":54}}],"line":52},"4":{"loc":{"start":{"line":69,"column":2},"end":{"line":71,"column":3}},"type":"if","locations":[{"start":{"line":69,"column":2},"end":{"line":71,"column":3}},{"start":{},"end":{}}],"line":69},"5":{"loc":{"start":{"line":72,"column":2},"end":{"line":74,"column":3}},"type":"if","locations":[{"start":{"line":72,"column":2},"end":{"line":74,"column":3}},{"start":{},"end":{}}],"line":72},"6":{"loc":{"start":{"line":75,"column":2},"end":{"line":77,"column":3}},"type":"if","locations":[{"start":{"line":75,"column":2},"end":{"line":77,"column":3}},{"start":{},"end":{}}],"line":75},"7":{"loc":{"start":{"line":78,"column":9},"end":{"line":78,"column":41}},"type":"binary-expr","locations":[{"start":{"line":78,"column":9},"end":{"line":78,"column":22}},{"start":{"line":78,"column":26},"end":{"line":78,"column":41}}],"line":78}},"s":{"0":21,"1":0,"2":0,"3":6,"4":2,"5":2,"6":1,"7":0,"8":3,"9":1,"10":2,"11":1,"12":1,"13":0,"14":1,"15":21},"f":{"0":0,"1":0,"2":6,"3":2,"4":1,"5":0,"6":3},"b":{"0":[0,0],"1":[0,0],"2":[1,1],"3":[0],"4":[1,2],"5":[1,1],"6":[0,1],"7":[1,0]},"_coverageSchema":"1a1c01bbd47fc00a2c39e90264f33305004495a9","hash":"d72a1b03c9d7df844c9f158ce68c59e8cc275a1b"}
,"/Users/nicklaye/Desktop/Cursor Projects/Health Check amoCRM/server/utils/logger.js": {"path":"/Users/nicklaye/Desktop/Cursor Projects/Health Check amoCRM/server/utils/logger.js","statementMap":{"0":{"start":{"line":6,"column":16},"end":{"line":6,"column":34}},"1":{"start":{"line":7,"column":24},"end":{"line":7,"column":60}},"2":{"start":{"line":8,"column":13},"end":{"line":8,"column":28}},"3":{"start":{"line":9,"column":11},"end":{"line":9,"column":24}},"4":{"start":{"line":12,"column":16},"end":{"line":12,"column":50}},"5":{"start":{"line":13,"column":0},"end":{"line":15,"column":1}},"6":{"start":{"line":14,"column":2},"end":{"line":14,"column":45}},"7":{"start":{"line":18,"column":18},"end":{"line":37,"column":1}},"8":{"start":{"line":23,"column":14},"end":{"line":23,"column":55}},"9":{"start":{"line":24,"column":4},"end":{"line":26,"column":5}},"10":{"start":{"line":25,"column":6},"end":{"line":25,"column":29}},"11":{"start":{"line":27,"column":4},"end":{"line":27,"column":25}},"12":{"start":{"line":30,"column":21},"end":{"line":30,"column":38}},"13":{"start":{"line":31,"column":4},"end":{"line":33,"column":5}},"14":{"start":{"line":32,"column":6},"end":{"line":32,"column":40}},"15":{"start":{"line":35,"column":4},"end":{"line":35,"column":15}},"16":{"start":{"line":40,"column":23},"end":{"line":47,"column":2}},"17":{"start":{"line":50,"column":26},"end":{"line":56,"column":2}},"18":{"start":{"line":59,"column":25},"end":{"line":64,"column":2}},"19":{"start":{"line":67,"column":19},"end":{"line":76,"column":2}},"20":{"start":{"line":79,"column":0},"end":{"line":81,"column":1}},"21":{"start":{"line":80,"column":2},"end":{"line":80,"column":35}},"22":{"start":{"line":84,"column":0},"end":{"line":92,"column":2}},"23":{"start":{"line":95,"column":0},"end":{"line":103,"column":2}},"24":{"start":{"line":110,"column":4},"end":{"line":110,"column":27}},"25":{"start":{"line":119,"column":4},"end":{"line":119,"column":65}},"26":{"start":{"line":128,"column":4},"end":{"line":128,"column":65}},"27":{"start":{"line":137,"column":4},"end":{"line":147,"column":5}},"28":{"start":{"line":138,"column":6},"end":{"line":142,"column":9}},"29":{"start":{"line":143,"column":11},"end":{"line":147,"column":5}},"30":{"start":{"line":144,"column":6},"end":{"line":144,"column":69}},"31":{"start":{"line":146,"column":6},"end":{"line":146,"column":59}},"32":{"start":{"line":156,"column":4},"end":{"line":156,"column":66}},"33":{"start":{"line":167,"column":4},"end":{"line":173,"column":7}},"34":{"start":{"line":183,"column":2},"end":{"line":183,"column":29}},"35":{"start":{"line":192,"column":2},"end":{"line":192,"column":20}},"36":{"start":{"line":195,"column":0},"end":{"line":199,"column":2}}},"fnMap":{"0":{"name":"(anonymous_0)","decl":{"start":{"line":22,"column":24},"end":{"line":22,"column":25}},"loc":{"start":{"line":22,"column":77},"end":{"line":36,"column":3}},"line":22},"1":{"name":"(anonymous_1)","decl":{"start":{"line":109,"column":2},"end":{"line":109,"column":3}},"loc":{"start":{"line":109,"column":23},"end":{"line":111,"column":3}},"line":109},"2":{"name":"(anonymous_2)","decl":{"start":{"line":118,"column":2},"end":{"line":118,"column":3}},"loc":{"start":{"line":118,"column":27},"end":{"line":120,"column":3}},"line":118},"3":{"name":"(anonymous_3)","decl":{"start":{"line":127,"column":2},"end":{"line":127,"column":3}},"loc":{"start":{"line":127,"column":27},"end":{"line":129,"column":3}},"line":127},"4":{"name":"(anonymous_4)","decl":{"start":{"line":136,"column":2},"end":{"line":136,"column":3}},"loc":{"start":{"line":136,"column":31},"end":{"line":148,"column":3}},"line":136},"5":{"name":"(anonymous_5)","decl":{"start":{"line":155,"column":2},"end":{"line":155,"column":3}},"loc":{"start":{"line":155,"column":28},"end":{"line":157,"column":3}},"line":155},"6":{"name":"(anonymous_6)","decl":{"start":{"line":166,"column":2},"end":{"line":166,"column":3}},"loc":{"start":{"line":166,"column":46},"end":{"line":174,"column":3}},"line":166},"7":{"name":"createLogger","decl":{"start":{"line":182,"column":9},"end":{"line":182,"column":21}},"loc":{"start":{"line":182,"column":31},"end":{"line":184,"column":1}},"line":182},"8":{"name":"getWinstonLogger","decl":{"start":{"line":191,"column":9},"end":{"line":191,"column":25}},"loc":{"start":{"line":191,"column":28},"end":{"line":193,"column":1}},"line":191}},"branchMap":{"0":{"loc":{"start":{"line":13,"column":0},"end":{"line":15,"column":1}},"type":"if","locations":[{"start":{"line":13,"column":0},"end":{"line":15,"column":1}},{"start":{},"end":{}}],"line":13},"1":{"loc":{"start":{"line":24,"column":4},"end":{"line":26,"column":5}},"type":"if","locations":[{"start":{"line":24,"column":4},"end":{"line":26,"column":5}},{"start":{},"end":{}}],"line":24},"2":{"loc":{"start":{"line":31,"column":4},"end":{"line":33,"column":5}},"type":"if","locations":[{"start":{"line":31,"column":4},"end":{"line":33,"column":5}},{"start":{},"end":{}}],"line":31},"3":{"loc":{"start":{"line":68,"column":9},"end":{"line":68,"column":92}},"type":"binary-expr","locations":[{"start":{"line":68,"column":9},"end":{"line":68,"column":30}},{"start":{"line":68,"column":35},"end":{"line":68,"column":91}}],"line":68},"4":{"loc":{"start":{"line":68,"column":35},"end":{"line":68,"column":91}},"type":"cond-expr","locations":[{"start":{"line":68,"column":75},"end":{"line":68,"column":81}},{"start":{"line":68,"column":84},"end":{"line":68,"column":91}}],"line":68},"5":{"loc":{"start":{"line":79,"column":0},"end":{"line":81,"column":1}},"type":"if","locations":[{"start":{"line":79,"column":0},"end":{"line":81,"column":1}},{"start":{},"end":{}}],"line":79},"6":{"loc":{"start":{"line":79,"column":4},"end":{"line":79,"column":80}},"type":"binary-expr","locations":[{"start":{"line":79,"column":4},"end":{"line":79,"column":41}},{"start":{"line":79,"column":45},"end":{"line":79,"column":80}}],"line":79},"7":{"loc":{"start":{"line":118,"column":16},"end":{"line":118,"column":25}},"type":"default-arg","locations":[{"start":{"line":118,"column":23},"end":{"line":118,"column":25}}],"line":118},"8":{"loc":{"start":{"line":127,"column":16},"end":{"line":127,"column":25}},"type":"default-arg","locations":[{"start":{"line":127,"column":23},"end":{"line":127,"column":25}}],"line":127},"9":{"loc":{"start":{"line":136,"column":17},"end":{"line":136,"column":29}},"type":"default-arg","locations":[{"start":{"line":136,"column":25},"end":{"line":136,"column":29}}],"line":136},"10":{"loc":{"start":{"line":137,"column":4},"end":{"line":147,"column":5}},"type":"if","locations":[{"start":{"line":137,"column":4},"end":{"line":147,"column":5}},{"start":{"line":143,"column":11},"end":{"line":147,"column":5}}],"line":137},"11":{"loc":{"start":{"line":143,"column":11},"end":{"line":147,"column":5}},"type":"if","locations":[{"start":{"line":143,"column":11},"end":{"line":147,"column":5}},{"start":{"line":145,"column":11},"end":{"line":147,"column":5}}],"line":143},"12":{"loc":{"start":{"line":155,"column":17},"end":{"line":155,"column":26}},"type":"default-arg","locations":[{"start":{"line":155,"column":24},"end":{"line":155,"column":26}}],"line":155}},"s":{"0":1,"1":1,"2":1,"3":1,"4":1,"5":1,"6":0,"7":1,"8":0,"9":0,"10":0,"11":0,"12":0,"13":0,"14":0,"15":0,"16":1,"17":1,"18":1,"19":1,"20":1,"21":1,"22":1,"23":1,"24":9,"25":2,"26":1,"27":2,"28":1,"29":1,"30":0,"31":1,"32":1,"33":1,"34":9,"35":9,"36":1},"f":{"0":0,"1":9,"2":2,"3":1,"4":2,"5":1,"6":1,"7":9,"8":9},"b":{"0":[0,1],"1":[0,0],"2":[0,0],"3":[1,1],"4":[0,1],"5":[1,0],"6":[1,0],"7":[1],"8":[1],"9":[1],"10":[1,1],"11":[0,1],"12":[1]},"_coverageSchema":"1a1c01bbd47fc00a2c39e90264f33305004495a9","hash":"b6f2701a1b4c913c67aa0d030b224811177f74bf"}
}
