{"/Users/nicklaye/Desktop/Cursor Projects/Health Check amoCRM/server/aggregator.js": {"path":"/Users/nicklaye/Desktop/Cursor Projects/Health Check amoCRM/server/aggregator.js","statementMap":{"0":{"start":{"line":1,"column":56},"end":{"line":1,"column":85}},"1":{"start":{"line":2,"column":23},"end":{"line":2,"column":58}},"2":{"start":{"line":3,"column":17},"end":{"line":3,"column":38}},"3":{"start":{"line":4,"column":25},"end":{"line":4,"column":50}},"4":{"start":{"line":6,"column":15},"end":{"line":6,"column":41}},"5":{"start":{"line":8,"column":29},"end":{"line":11,"column":1}},"6":{"start":{"line":15,"column":4},"end":{"line":15,"column":21}},"7":{"start":{"line":16,"column":4},"end":{"line":16,"column":25}},"8":{"start":{"line":20,"column":4},"end":{"line":22,"column":5}},"9":{"start":{"line":21,"column":6},"end":{"line":21,"column":18}},"10":{"start":{"line":24,"column":25},"end":{"line":30,"column":68}},"11":{"start":{"line":24,"column":31},"end":{"line":30,"column":68}},"12":{"start":{"line":25,"column":6},"end":{"line":29,"column":8}},"13":{"start":{"line":30,"column":19},"end":{"line":30,"column":67}},"14":{"start":{"line":32,"column":24},"end":{"line":38,"column":67}},"15":{"start":{"line":32,"column":30},"end":{"line":38,"column":67}},"16":{"start":{"line":33,"column":6},"end":{"line":37,"column":8}},"17":{"start":{"line":38,"column":19},"end":{"line":38,"column":66}},"18":{"start":{"line":41,"column":4},"end":{"line":41,"column":63}},"19":{"start":{"line":44,"column":4},"end":{"line":44,"column":63}},"20":{"start":{"line":46,"column":4},"end":{"line":53,"column":75}},"21":{"start":{"line":48,"column":8},"end":{"line":48,"column":93}},"22":{"start":{"line":51,"column":8},"end":{"line":51,"column":92}},"23":{"start":{"line":53,"column":20},"end":{"line":53,"column":73}},"24":{"start":{"line":55,"column":4},"end":{"line":55,"column":24}},"25":{"start":{"line":56,"column":4},"end":{"line":56,"column":51}},"26":{"start":{"line":60,"column":4},"end":{"line":60,"column":55}},"27":{"start":{"line":60,"column":33},"end":{"line":60,"column":53}},"28":{"start":{"line":61,"column":4},"end":{"line":61,"column":21}},"29":{"start":{"line":62,"column":4},"end":{"line":62,"column":25}},"30":{"start":{"line":63,"column":4},"end":{"line":63,"column":51}},"31":{"start":{"line":67,"column":22},"end":{"line":67,"column":51}},"32":{"start":{"line":68,"column":4},"end":{"line":70,"column":5}},"33":{"start":{"line":69,"column":6},"end":{"line":69,"column":31}},"34":{"start":{"line":71,"column":4},"end":{"line":71,"column":69}},"35":{"start":{"line":71,"column":49},"end":{"line":71,"column":66}},"36":{"start":{"line":86,"column":4},"end":{"line":88,"column":5}},"37":{"start":{"line":87,"column":6},"end":{"line":87,"column":63}},"38":{"start":{"line":90,"column":23},"end":{"line":90,"column":55}},"39":{"start":{"line":91,"column":16},"end":{"line":91,"column":26}},"40":{"start":{"line":92,"column":22},"end":{"line":92,"column":31}},"41":{"start":{"line":93,"column":24},"end":{"line":93,"column":74}},"42":{"start":{"line":95,"column":25},"end":{"line":95,"column":68}},"43":{"start":{"line":96,"column":23},"end":{"line":96,"column":77}},"44":{"start":{"line":98,"column":4},"end":{"line":109,"column":5}},"45":{"start":{"line":98,"column":27},"end":{"line":98,"column":39}},"46":{"start":{"line":99,"column":24},"end":{"line":99,"column":48}},"47":{"start":{"line":100,"column":6},"end":{"line":108,"column":7}},"48":{"start":{"line":101,"column":8},"end":{"line":107,"column":11}},"49":{"start":{"line":113,"column":17},"end":{"line":118,"column":6}},"50":{"start":{"line":120,"column":18},"end":{"line":120,"column":43}},"51":{"start":{"line":122,"column":4},"end":{"line":137,"column":7}},"52":{"start":{"line":141,"column":4},"end":{"line":154,"column":5}},"53":{"start":{"line":142,"column":6},"end":{"line":153,"column":8}},"54":{"start":{"line":156,"column":26},"end":{"line":159,"column":28}},"55":{"start":{"line":157,"column":18},"end":{"line":157,"column":43}},"56":{"start":{"line":158,"column":23},"end":{"line":158,"column":45}},"57":{"start":{"line":159,"column":22},"end":{"line":159,"column":27}},"58":{"start":{"line":161,"column":23},"end":{"line":161,"column":75}},"59":{"start":{"line":161,"column":60},"end":{"line":161,"column":71}},"60":{"start":{"line":163,"column":25},"end":{"line":173,"column":58}},"61":{"start":{"line":164,"column":21},"end":{"line":164,"column":44}},"62":{"start":{"line":165,"column":6},"end":{"line":171,"column":7}},"63":{"start":{"line":166,"column":8},"end":{"line":166,"column":30}},"64":{"start":{"line":167,"column":13},"end":{"line":171,"column":7}},"65":{"start":{"line":168,"column":8},"end":{"line":168,"column":30}},"66":{"start":{"line":169,"column":13},"end":{"line":171,"column":7}},"67":{"start":{"line":170,"column":8},"end":{"line":170,"column":27}},"68":{"start":{"line":172,"column":6},"end":{"line":172,"column":17}},"69":{"start":{"line":175,"column":4},"end":{"line":186,"column":6}},"70":{"start":{"line":190,"column":4},"end":{"line":192,"column":5}},"71":{"start":{"line":191,"column":6},"end":{"line":191,"column":18}},"72":{"start":{"line":193,"column":18},"end":{"line":196,"column":5}},"73":{"start":{"line":197,"column":4},"end":{"line":197,"column":31}},"74":{"start":{"line":201,"column":4},"end":{"line":201,"column":59}},"75":{"start":{"line":205,"column":4},"end":{"line":207,"column":5}},"76":{"start":{"line":206,"column":6},"end":{"line":206,"column":63}},"77":{"start":{"line":208,"column":4},"end":{"line":208,"column":44}},"78":{"start":{"line":212,"column":0},"end":{"line":212,"column":45}}},"fnMap":{"0":{"name":"(anonymous_0)","decl":{"start":{"line":14,"column":2},"end":{"line":14,"column":3}},"loc":{"start":{"line":14,"column":16},"end":{"line":17,"column":3}},"line":14},"1":{"name":"(anonymous_1)","decl":{"start":{"line":19,"column":2},"end":{"line":19,"column":3}},"loc":{"start":{"line":19,"column":10},"end":{"line":57,"column":3}},"line":19},"2":{"name":"(anonymous_2)","decl":{"start":{"line":24,"column":25},"end":{"line":24,"column":26}},"loc":{"start":{"line":24,"column":31},"end":{"line":30,"column":68}},"line":24},"3":{"name":"(anonymous_3)","decl":{"start":{"line":24,"column":53},"end":{"line":24,"column":54}},"loc":{"start":{"line":25,"column":6},"end":{"line":29,"column":8}},"line":25},"4":{"name":"(anonymous_4)","decl":{"start":{"line":30,"column":12},"end":{"line":30,"column":13}},"loc":{"start":{"line":30,"column":19},"end":{"line":30,"column":67}},"line":30},"5":{"name":"(anonymous_5)","decl":{"start":{"line":32,"column":24},"end":{"line":32,"column":25}},"loc":{"start":{"line":32,"column":30},"end":{"line":38,"column":67}},"line":32},"6":{"name":"(anonymous_6)","decl":{"start":{"line":32,"column":52},"end":{"line":32,"column":53}},"loc":{"start":{"line":33,"column":6},"end":{"line":37,"column":8}},"line":33},"7":{"name":"(anonymous_7)","decl":{"start":{"line":38,"column":12},"end":{"line":38,"column":13}},"loc":{"start":{"line":38,"column":19},"end":{"line":38,"column":66}},"line":38},"8":{"name":"(anonymous_8)","decl":{"start":{"line":47,"column":28},"end":{"line":47,"column":29}},"loc":{"start":{"line":48,"column":8},"end":{"line":48,"column":93}},"line":48},"9":{"name":"(anonymous_9)","decl":{"start":{"line":50,"column":28},"end":{"line":50,"column":29}},"loc":{"start":{"line":51,"column":8},"end":{"line":51,"column":92}},"line":51},"10":{"name":"(anonymous_10)","decl":{"start":{"line":53,"column":13},"end":{"line":53,"column":14}},"loc":{"start":{"line":53,"column":20},"end":{"line":53,"column":73}},"line":53},"11":{"name":"(anonymous_11)","decl":{"start":{"line":59,"column":2},"end":{"line":59,"column":3}},"loc":{"start":{"line":59,"column":9},"end":{"line":64,"column":3}},"line":59},"12":{"name":"(anonymous_12)","decl":{"start":{"line":60,"column":24},"end":{"line":60,"column":25}},"loc":{"start":{"line":60,"column":33},"end":{"line":60,"column":53}},"line":60},"13":{"name":"(anonymous_13)","decl":{"start":{"line":66,"column":2},"end":{"line":66,"column":3}},"loc":{"start":{"line":66,"column":28},"end":{"line":72,"column":3}},"line":66},"14":{"name":"(anonymous_14)","decl":{"start":{"line":71,"column":37},"end":{"line":71,"column":38}},"loc":{"start":{"line":71,"column":49},"end":{"line":71,"column":66}},"line":71},"15":{"name":"(anonymous_15)","decl":{"start":{"line":78,"column":2},"end":{"line":78,"column":3}},"loc":{"start":{"line":85,"column":5},"end":{"line":110,"column":3}},"line":85},"16":{"name":"(anonymous_16)","decl":{"start":{"line":112,"column":2},"end":{"line":112,"column":3}},"loc":{"start":{"line":112,"column":83},"end":{"line":138,"column":3}},"line":112},"17":{"name":"(anonymous_17)","decl":{"start":{"line":140,"column":2},"end":{"line":140,"column":3}},"loc":{"start":{"line":140,"column":23},"end":{"line":187,"column":3}},"line":140},"18":{"name":"(anonymous_18)","decl":{"start":{"line":157,"column":11},"end":{"line":157,"column":12}},"loc":{"start":{"line":157,"column":18},"end":{"line":157,"column":43}},"line":157},"19":{"name":"(anonymous_19)","decl":{"start":{"line":158,"column":14},"end":{"line":158,"column":15}},"loc":{"start":{"line":158,"column":23},"end":{"line":158,"column":45}},"line":158},"20":{"name":"(anonymous_20)","decl":{"start":{"line":159,"column":12},"end":{"line":159,"column":13}},"loc":{"start":{"line":159,"column":22},"end":{"line":159,"column":27}},"line":159},"21":{"name":"(anonymous_21)","decl":{"start":{"line":161,"column":44},"end":{"line":161,"column":45}},"loc":{"start":{"line":161,"column":60},"end":{"line":161,"column":71}},"line":161},"22":{"name":"(anonymous_22)","decl":{"start":{"line":163,"column":37},"end":{"line":163,"column":38}},"loc":{"start":{"line":163,"column":51},"end":{"line":173,"column":5}},"line":163},"23":{"name":"(anonymous_23)","decl":{"start":{"line":189,"column":2},"end":{"line":189,"column":3}},"loc":{"start":{"line":189,"column":46},"end":{"line":198,"column":3}},"line":189},"24":{"name":"(anonymous_24)","decl":{"start":{"line":200,"column":2},"end":{"line":200,"column":3}},"loc":{"start":{"line":200,"column":39},"end":{"line":202,"column":3}},"line":200},"25":{"name":"(anonymous_25)","decl":{"start":{"line":204,"column":2},"end":{"line":204,"column":3}},"loc":{"start":{"line":204,"column":28},"end":{"line":209,"column":3}},"line":204}},"branchMap":{"0":{"loc":{"start":{"line":20,"column":4},"end":{"line":22,"column":5}},"type":"if","locations":[{"start":{"line":20,"column":4},"end":{"line":22,"column":5}},{"start":{},"end":{}}],"line":20},"1":{"loc":{"start":{"line":68,"column":4},"end":{"line":70,"column":5}},"type":"if","locations":[{"start":{"line":68,"column":4},"end":{"line":70,"column":5}},{"start":{},"end":{}}],"line":68},"2":{"loc":{"start":{"line":80,"column":4},"end":{"line":80,"column":32}},"type":"default-arg","locations":[{"start":{"line":80,"column":15},"end":{"line":80,"column":32}}],"line":80},"3":{"loc":{"start":{"line":81,"column":4},"end":{"line":81,"column":15}},"type":"default-arg","locations":[{"start":{"line":81,"column":11},"end":{"line":81,"column":15}}],"line":81},"4":{"loc":{"start":{"line":82,"column":4},"end":{"line":82,"column":13}},"type":"default-arg","locations":[{"start":{"line":82,"column":9},"end":{"line":82,"column":13}}],"line":82},"5":{"loc":{"start":{"line":83,"column":4},"end":{"line":83,"column":23}},"type":"default-arg","locations":[{"start":{"line":83,"column":22},"end":{"line":83,"column":23}}],"line":83},"6":{"loc":{"start":{"line":84,"column":4},"end":{"line":84,"column":43}},"type":"default-arg","locations":[{"start":{"line":84,"column":17},"end":{"line":84,"column":43}}],"line":84},"7":{"loc":{"start":{"line":86,"column":4},"end":{"line":88,"column":5}},"type":"if","locations":[{"start":{"line":86,"column":4},"end":{"line":88,"column":5}},{"start":{},"end":{}}],"line":86},"8":{"loc":{"start":{"line":86,"column":8},"end":{"line":86,"column":56}},"type":"binary-expr","locations":[{"start":{"line":86,"column":8},"end":{"line":86,"column":19}},{"start":{"line":86,"column":23},"end":{"line":86,"column":56}}],"line":86},"9":{"loc":{"start":{"line":92,"column":22},"end":{"line":92,"column":31}},"type":"binary-expr","locations":[{"start":{"line":92,"column":22},"end":{"line":92,"column":24}},{"start":{"line":92,"column":28},"end":{"line":92,"column":31}}],"line":92},"10":{"loc":{"start":{"line":93,"column":24},"end":{"line":93,"column":74}},"type":"binary-expr","locations":[{"start":{"line":93,"column":24},"end":{"line":93,"column":28}},{"start":{"line":93,"column":33},"end":{"line":93,"column":73}}],"line":93},"11":{"loc":{"start":{"line":141,"column":4},"end":{"line":154,"column":5}},"type":"if","locations":[{"start":{"line":141,"column":4},"end":{"line":154,"column":5}},{"start":{},"end":{}}],"line":141},"12":{"loc":{"start":{"line":141,"column":8},"end":{"line":141,"column":34}},"type":"binary-expr","locations":[{"start":{"line":141,"column":8},"end":{"line":141,"column":13}},{"start":{"line":141,"column":17},"end":{"line":141,"column":34}}],"line":141},"13":{"loc":{"start":{"line":164,"column":21},"end":{"line":164,"column":44}},"type":"binary-expr","locations":[{"start":{"line":164,"column":21},"end":{"line":164,"column":31}},{"start":{"line":164,"column":35},"end":{"line":164,"column":44}}],"line":164},"14":{"loc":{"start":{"line":165,"column":6},"end":{"line":171,"column":7}},"type":"if","locations":[{"start":{"line":165,"column":6},"end":{"line":171,"column":7}},{"start":{"line":167,"column":13},"end":{"line":171,"column":7}}],"line":165},"15":{"loc":{"start":{"line":167,"column":13},"end":{"line":171,"column":7}},"type":"if","locations":[{"start":{"line":167,"column":13},"end":{"line":171,"column":7}},{"start":{"line":169,"column":13},"end":{"line":171,"column":7}}],"line":167},"16":{"loc":{"start":{"line":169,"column":13},"end":{"line":171,"column":7}},"type":"if","locations":[{"start":{"line":169,"column":13},"end":{"line":171,"column":7}},{"start":{},"end":{}}],"line":169},"17":{"loc":{"start":{"line":176,"column":23},"end":{"line":176,"column":98}},"type":"cond-expr","locations":[{"start":{"line":176,"column":46},"end":{"line":176,"column":91}},{"start":{"line":176,"column":94},"end":{"line":176,"column":98}}],"line":176},"18":{"loc":{"start":{"line":180,"column":11},"end":{"line":180,"column":57}},"type":"cond-expr","locations":[{"start":{"line":180,"column":34},"end":{"line":180,"column":50}},{"start":{"line":180,"column":53},"end":{"line":180,"column":57}}],"line":180},"19":{"loc":{"start":{"line":181,"column":11},"end":{"line":181,"column":80}},"type":"cond-expr","locations":[{"start":{"line":181,"column":34},"end":{"line":181,"column":73}},{"start":{"line":181,"column":76},"end":{"line":181,"column":80}}],"line":181},"20":{"loc":{"start":{"line":190,"column":4},"end":{"line":192,"column":5}},"type":"if","locations":[{"start":{"line":190,"column":4},"end":{"line":192,"column":5}},{"start":{},"end":{}}],"line":190},"21":{"loc":{"start":{"line":205,"column":4},"end":{"line":207,"column":5}},"type":"if","locations":[{"start":{"line":205,"column":4},"end":{"line":207,"column":5}},{"start":{},"end":{}}],"line":205}},"s":{"0":0,"1":0,"2":0,"3":0,"4":0,"5":0,"6":0,"7":0,"8":0,"9":0,"10":0,"11":0,"12":0,"13":0,"14":0,"15":0,"16":0,"17":0,"18":0,"19":0,"20":0,"21":0,"22":0,"23":0,"24":0,"25":0,"26":0,"27":0,"28":0,"29":0,"30":0,"31":0,"32":0,"33":0,"34":0,"35":0,"36":0,"37":0,"38":0,"39":0,"40":0,"41":0,"42":0,"43":0,"44":0,"45":0,"46":0,"47":0,"48":0,"49":0,"50":0,"51":0,"52":0,"53":0,"54":0,"55":0,"56":0,"57":0,"58":0,"59":0,"60":0,"61":0,"62":0,"63":0,"64":0,"65":0,"66":0,"67":0,"68":0,"69":0,"70":0,"71":0,"72":0,"73":0,"74":0,"75":0,"76":0,"77":0,"78":0},"f":{"0":0,"1":0,"2":0,"3":0,"4":0,"5":0,"6":0,"7":0,"8":0,"9":0,"10":0,"11":0,"12":0,"13":0,"14":0,"15":0,"16":0,"17":0,"18":0,"19":0,"20":0,"21":0,"22":0,"23":0,"24":0,"25":0},"b":{"0":[0,0],"1":[0,0],"2":[0],"3":[0],"4":[0],"5":[0],"6":[0],"7":[0,0],"8":[0,0],"9":[0,0],"10":[0,0],"11":[0,0],"12":[0,0],"13":[0,0],"14":[0,0],"15":[0,0],"16":[0,0],"17":[0,0],"18":[0,0],"19":[0,0],"20":[0,0],"21":[0,0]}}
,"/Users/nicklaye/Desktop/Cursor Projects/Health Check amoCRM/server/api.js": {"path":"/Users/nicklaye/Desktop/Cursor Projects/Health Check amoCRM/server/api.js","statementMap":{"0":{"start":{"line":1,"column":16},"end":{"line":1,"column":34}},"1":{"start":{"line":2,"column":18},"end":{"line":2,"column":47}},"2":{"start":{"line":3,"column":13},"end":{"line":3,"column":30}},"3":{"start":{"line":4,"column":13},"end":{"line":4,"column":28}},"4":{"start":{"line":5,"column":16},"end":{"line":5,"column":49}},"5":{"start":{"line":6,"column":16},"end":{"line":6,"column":36}},"6":{"start":{"line":7,"column":25},"end":{"line":7,"column":50}},"7":{"start":{"line":8,"column":21},"end":{"line":8,"column":47}},"8":{"start":{"line":11,"column":22},"end":{"line":11,"column":53}},"9":{"start":{"line":12,"column":23},"end":{"line":12,"column":55}},"10":{"start":{"line":13,"column":21},"end":{"line":13,"column":51}},"11":{"start":{"line":14,"column":22},"end":{"line":14,"column":53}},"12":{"start":{"line":15,"column":24},"end":{"line":15,"column":57}},"13":{"start":{"line":16,"column":20},"end":{"line":16,"column":49}},"14":{"start":{"line":17,"column":23},"end":{"line":17,"column":55}},"15":{"start":{"line":18,"column":21},"end":{"line":18,"column":51}},"16":{"start":{"line":19,"column":18},"end":{"line":19,"column":45}},"17":{"start":{"line":21,"column":15},"end":{"line":21,"column":31}},"18":{"start":{"line":22,"column":15},"end":{"line":22,"column":34}},"19":{"start":{"line":25,"column":20},"end":{"line":25,"column":64}},"20":{"start":{"line":26,"column":24},"end":{"line":26,"column":46}},"21":{"start":{"line":29,"column":23},"end":{"line":33,"column":1}},"22":{"start":{"line":36,"column":0},"end":{"line":36,"column":37}},"23":{"start":{"line":37,"column":0},"end":{"line":37,"column":70}},"24":{"start":{"line":40,"column":0},"end":{"line":40,"column":36}},"25":{"start":{"line":41,"column":0},"end":{"line":41,"column":38}},"26":{"start":{"line":42,"column":0},"end":{"line":42,"column":40}},"27":{"start":{"line":43,"column":0},"end":{"line":43,"column":36}},"28":{"start":{"line":44,"column":0},"end":{"line":44,"column":38}},"29":{"start":{"line":45,"column":0},"end":{"line":45,"column":42}},"30":{"start":{"line":46,"column":0},"end":{"line":46,"column":34}},"31":{"start":{"line":47,"column":0},"end":{"line":47,"column":39}},"32":{"start":{"line":48,"column":0},"end":{"line":48,"column":40}},"33":{"start":{"line":49,"column":0},"end":{"line":49,"column":36}},"34":{"start":{"line":52,"column":0},"end":{"line":52,"column":27}},"35":{"start":{"line":58,"column":0},"end":{"line":86,"column":3}},"36":{"start":{"line":59,"column":20},"end":{"line":59,"column":46}},"37":{"start":{"line":60,"column":20},"end":{"line":60,"column":39}},"38":{"start":{"line":61,"column":17},"end":{"line":61,"column":33}},"39":{"start":{"line":63,"column":29},"end":{"line":63,"column":70}},"40":{"start":{"line":66,"column":2},"end":{"line":66,"column":58}},"41":{"start":{"line":68,"column":17},"end":{"line":75,"column":3}},"42":{"start":{"line":77,"column":21},"end":{"line":77,"column":42}},"43":{"start":{"line":78,"column":2},"end":{"line":81,"column":5}},"44":{"start":{"line":83,"column":2},"end":{"line":85,"column":3}},"45":{"start":{"line":84,"column":4},"end":{"line":84,"column":84}},"46":{"start":{"line":89,"column":0},"end":{"line":98,"column":3}},"47":{"start":{"line":90,"column":2},"end":{"line":97,"column":3}},"48":{"start":{"line":91,"column":4},"end":{"line":91,"column":54}},"49":{"start":{"line":92,"column":24},"end":{"line":92,"column":50}},"50":{"start":{"line":93,"column":4},"end":{"line":93,"column":25}},"51":{"start":{"line":95,"column":4},"end":{"line":95,"column":49}},"52":{"start":{"line":96,"column":4},"end":{"line":96,"column":50}},"53":{"start":{"line":100,"column":0},"end":{"line":100,"column":24}}},"fnMap":{"0":{"name":"(anonymous_0)","decl":{"start":{"line":58,"column":22},"end":{"line":58,"column":23}},"loc":{"start":{"line":58,"column":36},"end":{"line":86,"column":1}},"line":58},"1":{"name":"(anonymous_1)","decl":{"start":{"line":89,"column":23},"end":{"line":89,"column":24}},"loc":{"start":{"line":89,"column":43},"end":{"line":98,"column":1}},"line":89}},"branchMap":{"0":{"loc":{"start":{"line":63,"column":29},"end":{"line":63,"column":70}},"type":"cond-expr","locations":[{"start":{"line":63,"column":41},"end":{"line":63,"column":63}},{"start":{"line":63,"column":66},"end":{"line":63,"column":70}}],"line":63},"1":{"loc":{"start":{"line":69,"column":12},"end":{"line":69,"column":47}},"type":"cond-expr","locations":[{"start":{"line":69,"column":24},"end":{"line":69,"column":33}},{"start":{"line":69,"column":36},"end":{"line":69,"column":47}}],"line":69},"2":{"loc":{"start":{"line":77,"column":21},"end":{"line":77,"column":42}},"type":"cond-expr","locations":[{"start":{"line":77,"column":33},"end":{"line":77,"column":36}},{"start":{"line":77,"column":39},"end":{"line":77,"column":42}}],"line":77},"3":{"loc":{"start":{"line":83,"column":2},"end":{"line":85,"column":3}},"type":"if","locations":[{"start":{"line":83,"column":2},"end":{"line":85,"column":3}},{"start":{},"end":{}}],"line":83}},"s":{"0":0,"1":0,"2":0,"3":0,"4":0,"5":0,"6":0,"7":0,"8":0,"9":0,"10":0,"11":0,"12":0,"13":0,"14":0,"15":0,"16":0,"17":0,"18":0,"19":0,"20":0,"21":0,"22":0,"23":0,"24":0,"25":0,"26":0,"27":0,"28":0,"29":0,"30":0,"31":0,"32":0,"33":0,"34":0,"35":0,"36":0,"37":0,"38":0,"39":0,"40":0,"41":0,"42":0,"43":0,"44":0,"45":0,"46":0,"47":0,"48":0,"49":0,"50":0,"51":0,"52":0,"53":0},"f":{"0":0,"1":0},"b":{"0":[0,0],"1":[0,0],"2":[0,0],"3":[0,0]}}
,"/Users/nicklaye/Desktop/Cursor Projects/Health Check amoCRM/server/app-server.js": {"path":"/Users/nicklaye/Desktop/Cursor Projects/Health Check amoCRM/server/app-server.js","statementMap":{"0":{"start":{"line":1,"column":16},"end":{"line":1,"column":34}},"1":{"start":{"line":2,"column":15},"end":{"line":2,"column":32}},"2":{"start":{"line":3,"column":13},"end":{"line":3,"column":28}},"3":{"start":{"line":4,"column":13},"end":{"line":4,"column":28}},"4":{"start":{"line":5,"column":11},"end":{"line":5,"column":24}},"5":{"start":{"line":6,"column":20},"end":{"line":6,"column":42}},"6":{"start":{"line":7,"column":18},"end":{"line":7,"column":47}},"7":{"start":{"line":8,"column":18},"end":{"line":8,"column":47}},"8":{"start":{"line":10,"column":21},"end":{"line":10,"column":50}},"9":{"start":{"line":11,"column":31},"end":{"line":11,"column":64}},"10":{"start":{"line":12,"column":25},"end":{"line":12,"column":50}},"11":{"start":{"line":13,"column":20},"end":{"line":13,"column":56}},"12":{"start":{"line":14,"column":18},"end":{"line":14,"column":34}},"13":{"start":{"line":18,"column":8},"end":{"line":18,"column":29}},"14":{"start":{"line":19,"column":8},"end":{"line":19,"column":48}},"15":{"start":{"line":20,"column":8},"end":{"line":20,"column":48}},"16":{"start":{"line":21,"column":8},"end":{"line":21,"column":56}},"17":{"start":{"line":24,"column":8},"end":{"line":28,"column":10}},"18":{"start":{"line":29,"column":8},"end":{"line":29,"column":118}},"19":{"start":{"line":33,"column":8},"end":{"line":33,"column":39}},"20":{"start":{"line":34,"column":8},"end":{"line":34,"column":31}},"21":{"start":{"line":35,"column":8},"end":{"line":35,"column":39}},"22":{"start":{"line":36,"column":8},"end":{"line":36,"column":36}},"23":{"start":{"line":37,"column":8},"end":{"line":37,"column":35}},"24":{"start":{"line":38,"column":8},"end":{"line":38,"column":33}},"25":{"start":{"line":39,"column":8},"end":{"line":39,"column":27}},"26":{"start":{"line":40,"column":8},"end":{"line":40,"column":34}},"27":{"start":{"line":41,"column":8},"end":{"line":41,"column":34}},"28":{"start":{"line":43,"column":8},"end":{"line":43,"column":24}},"29":{"start":{"line":47,"column":8},"end":{"line":52,"column":9}},"30":{"start":{"line":48,"column":12},"end":{"line":48,"column":92}},"31":{"start":{"line":51,"column":12},"end":{"line":51,"column":57}},"32":{"start":{"line":56,"column":8},"end":{"line":56,"column":39}},"33":{"start":{"line":60,"column":8},"end":{"line":74,"column":12}},"34":{"start":{"line":78,"column":8},"end":{"line":78,"column":29}},"35":{"start":{"line":79,"column":8},"end":{"line":79,"column":36}},"36":{"start":{"line":80,"column":8},"end":{"line":80,"column":37}},"37":{"start":{"line":84,"column":36},"end":{"line":87,"column":10}},"38":{"start":{"line":140,"column":8},"end":{"line":145,"column":11}},"39":{"start":{"line":147,"column":8},"end":{"line":157,"column":11}},"40":{"start":{"line":148,"column":12},"end":{"line":150,"column":13}},"41":{"start":{"line":149,"column":16},"end":{"line":149,"column":30}},"42":{"start":{"line":153,"column":12},"end":{"line":156,"column":15}},"43":{"start":{"line":154,"column":16},"end":{"line":154,"column":42}},"44":{"start":{"line":154,"column":25},"end":{"line":154,"column":42}},"45":{"start":{"line":155,"column":16},"end":{"line":155,"column":52}},"46":{"start":{"line":161,"column":8},"end":{"line":163,"column":9}},"47":{"start":{"line":162,"column":12},"end":{"line":162,"column":28}},"48":{"start":{"line":165,"column":27},"end":{"line":165,"column":56}},"49":{"start":{"line":166,"column":8},"end":{"line":168,"column":9}},"50":{"start":{"line":167,"column":12},"end":{"line":167,"column":25}},"51":{"start":{"line":170,"column":23},"end":{"line":170,"column":45}},"52":{"start":{"line":171,"column":8},"end":{"line":174,"column":9}},"53":{"start":{"line":172,"column":12},"end":{"line":172,"column":106}},"54":{"start":{"line":173,"column":12},"end":{"line":173,"column":28}},"55":{"start":{"line":176,"column":8},"end":{"line":176,"column":22}},"56":{"start":{"line":180,"column":34},"end":{"line":180,"column":112}},"57":{"start":{"line":181,"column":31},"end":{"line":181,"column":101}},"58":{"start":{"line":182,"column":36},"end":{"line":185,"column":9}},"59":{"start":{"line":187,"column":27},"end":{"line":197,"column":10}},"60":{"start":{"line":200,"column":8},"end":{"line":205,"column":11}},"61":{"start":{"line":201,"column":12},"end":{"line":203,"column":13}},"62":{"start":{"line":202,"column":16},"end":{"line":202,"column":30}},"63":{"start":{"line":204,"column":12},"end":{"line":204,"column":39}},"64":{"start":{"line":209,"column":8},"end":{"line":209,"column":40}},"65":{"start":{"line":212,"column":8},"end":{"line":214,"column":11}},"66":{"start":{"line":213,"column":12},"end":{"line":213,"column":62}},"67":{"start":{"line":218,"column":8},"end":{"line":237,"column":9}},"68":{"start":{"line":219,"column":35},"end":{"line":223,"column":13}},"69":{"start":{"line":225,"column":30},"end":{"line":225,"column":90}},"70":{"start":{"line":225,"column":65},"end":{"line":225,"column":89}},"71":{"start":{"line":227,"column":12},"end":{"line":236,"column":13}},"72":{"start":{"line":228,"column":16},"end":{"line":228,"column":76}},"73":{"start":{"line":229,"column":16},"end":{"line":229,"column":56}},"74":{"start":{"line":231,"column":16},"end":{"line":233,"column":19}},"75":{"start":{"line":232,"column":20},"end":{"line":232,"column":69}},"76":{"start":{"line":235,"column":16},"end":{"line":235,"column":100}},"77":{"start":{"line":241,"column":8},"end":{"line":247,"column":11}},"78":{"start":{"line":242,"column":12},"end":{"line":242,"column":52}},"79":{"start":{"line":243,"column":12},"end":{"line":246,"column":15}},"80":{"start":{"line":251,"column":0},"end":{"line":251,"column":27}}},"fnMap":{"0":{"name":"(anonymous_0)","decl":{"start":{"line":17,"column":4},"end":{"line":17,"column":5}},"loc":{"start":{"line":17,"column":18},"end":{"line":30,"column":5}},"line":17},"1":{"name":"(anonymous_1)","decl":{"start":{"line":32,"column":4},"end":{"line":32,"column":5}},"loc":{"start":{"line":32,"column":17},"end":{"line":44,"column":5}},"line":32},"2":{"name":"(anonymous_2)","decl":{"start":{"line":46,"column":4},"end":{"line":46,"column":5}},"loc":{"start":{"line":46,"column":30},"end":{"line":53,"column":5}},"line":46},"3":{"name":"(anonymous_3)","decl":{"start":{"line":55,"column":4},"end":{"line":55,"column":5}},"loc":{"start":{"line":55,"column":22},"end":{"line":57,"column":5}},"line":55},"4":{"name":"(anonymous_4)","decl":{"start":{"line":59,"column":4},"end":{"line":59,"column":5}},"loc":{"start":{"line":59,"column":30},"end":{"line":75,"column":5}},"line":59},"5":{"name":"(anonymous_5)","decl":{"start":{"line":77,"column":4},"end":{"line":77,"column":5}},"loc":{"start":{"line":77,"column":27},"end":{"line":81,"column":5}},"line":77},"6":{"name":"(anonymous_6)","decl":{"start":{"line":83,"column":4},"end":{"line":83,"column":5}},"loc":{"start":{"line":83,"column":26},"end":{"line":158,"column":5}},"line":83},"7":{"name":"(anonymous_7)","decl":{"start":{"line":147,"column":21},"end":{"line":147,"column":22}},"loc":{"start":{"line":147,"column":41},"end":{"line":157,"column":9}},"line":147},"8":{"name":"(anonymous_8)","decl":{"start":{"line":153,"column":34},"end":{"line":153,"column":35}},"loc":{"start":{"line":153,"column":43},"end":{"line":156,"column":13}},"line":153},"9":{"name":"(anonymous_9)","decl":{"start":{"line":160,"column":4},"end":{"line":160,"column":5}},"loc":{"start":{"line":160,"column":42},"end":{"line":177,"column":5}},"line":160},"10":{"name":"(anonymous_10)","decl":{"start":{"line":179,"column":4},"end":{"line":179,"column":5}},"loc":{"start":{"line":179,"column":24},"end":{"line":206,"column":5}},"line":179},"11":{"name":"(anonymous_11)","decl":{"start":{"line":200,"column":30},"end":{"line":200,"column":31}},"loc":{"start":{"line":200,"column":50},"end":{"line":205,"column":9}},"line":200},"12":{"name":"(anonymous_12)","decl":{"start":{"line":208,"column":4},"end":{"line":208,"column":5}},"loc":{"start":{"line":208,"column":18},"end":{"line":215,"column":5}},"line":208},"13":{"name":"(anonymous_13)","decl":{"start":{"line":212,"column":32},"end":{"line":212,"column":33}},"loc":{"start":{"line":212,"column":46},"end":{"line":214,"column":9}},"line":212},"14":{"name":"(anonymous_14)","decl":{"start":{"line":217,"column":4},"end":{"line":217,"column":5}},"loc":{"start":{"line":217,"column":25},"end":{"line":238,"column":5}},"line":217},"15":{"name":"(anonymous_15)","decl":{"start":{"line":225,"column":50},"end":{"line":225,"column":51}},"loc":{"start":{"line":225,"column":65},"end":{"line":225,"column":89}},"line":225},"16":{"name":"(anonymous_16)","decl":{"start":{"line":231,"column":34},"end":{"line":231,"column":35}},"loc":{"start":{"line":231,"column":48},"end":{"line":233,"column":17}},"line":231},"17":{"name":"(anonymous_17)","decl":{"start":{"line":240,"column":4},"end":{"line":240,"column":5}},"loc":{"start":{"line":240,"column":25},"end":{"line":248,"column":5}},"line":240},"18":{"name":"(anonymous_18)","decl":{"start":{"line":241,"column":21},"end":{"line":241,"column":22}},"loc":{"start":{"line":241,"column":46},"end":{"line":247,"column":9}},"line":241}},"branchMap":{"0":{"loc":{"start":{"line":29,"column":35},"end":{"line":29,"column":117}},"type":"cond-expr","locations":[{"start":{"line":29,"column":71},"end":{"line":29,"column":90}},{"start":{"line":29,"column":93},"end":{"line":29,"column":117}}],"line":29},"1":{"loc":{"start":{"line":29,"column":36},"end":{"line":29,"column":67}},"type":"binary-expr","locations":[{"start":{"line":29,"column":36},"end":{"line":29,"column":44}},{"start":{"line":29,"column":48},"end":{"line":29,"column":67}}],"line":29},"2":{"loc":{"start":{"line":47,"column":8},"end":{"line":52,"column":9}},"type":"if","locations":[{"start":{"line":47,"column":8},"end":{"line":52,"column":9}},{"start":{},"end":{}}],"line":47},"3":{"loc":{"start":{"line":47,"column":12},"end":{"line":47,"column":50}},"type":"binary-expr","locations":[{"start":{"line":47,"column":12},"end":{"line":47,"column":27}},{"start":{"line":47,"column":31},"end":{"line":47,"column":50}}],"line":47},"4":{"loc":{"start":{"line":67,"column":43},"end":{"line":67,"column":74}},"type":"binary-expr","locations":[{"start":{"line":67,"column":43},"end":{"line":67,"column":68}},{"start":{"line":67,"column":72},"end":{"line":67,"column":74}}],"line":67},"5":{"loc":{"start":{"line":148,"column":12},"end":{"line":150,"column":13}},"type":"if","locations":[{"start":{"line":148,"column":12},"end":{"line":150,"column":13}},{"start":{},"end":{}}],"line":148},"6":{"loc":{"start":{"line":154,"column":16},"end":{"line":154,"column":42}},"type":"if","locations":[{"start":{"line":154,"column":16},"end":{"line":154,"column":42}},{"start":{},"end":{}}],"line":154},"7":{"loc":{"start":{"line":161,"column":8},"end":{"line":163,"column":9}},"type":"if","locations":[{"start":{"line":161,"column":8},"end":{"line":163,"column":9}},{"start":{},"end":{}}],"line":161},"8":{"loc":{"start":{"line":166,"column":8},"end":{"line":168,"column":9}},"type":"if","locations":[{"start":{"line":166,"column":8},"end":{"line":168,"column":9}},{"start":{},"end":{}}],"line":166},"9":{"loc":{"start":{"line":171,"column":8},"end":{"line":174,"column":9}},"type":"if","locations":[{"start":{"line":171,"column":8},"end":{"line":174,"column":9}},{"start":{},"end":{}}],"line":171},"10":{"loc":{"start":{"line":201,"column":12},"end":{"line":203,"column":13}},"type":"if","locations":[{"start":{"line":201,"column":12},"end":{"line":203,"column":13}},{"start":{},"end":{}}],"line":201},"11":{"loc":{"start":{"line":218,"column":8},"end":{"line":237,"column":9}},"type":"if","locations":[{"start":{"line":218,"column":8},"end":{"line":237,"column":9}},{"start":{},"end":{}}],"line":218},"12":{"loc":{"start":{"line":227,"column":12},"end":{"line":236,"column":13}},"type":"if","locations":[{"start":{"line":227,"column":12},"end":{"line":236,"column":13}},{"start":{"line":234,"column":19},"end":{"line":236,"column":13}}],"line":227},"13":{"loc":{"start":{"line":245,"column":23},"end":{"line":245,"column":61}},"type":"binary-expr","locations":[{"start":{"line":245,"column":23},"end":{"line":245,"column":34}},{"start":{"line":245,"column":38},"end":{"line":245,"column":61}}],"line":245}},"s":{"0":0,"1":0,"2":0,"3":0,"4":0,"5":0,"6":0,"7":0,"8":0,"9":0,"10":0,"11":0,"12":0,"13":0,"14":0,"15":0,"16":0,"17":0,"18":0,"19":0,"20":0,"21":0,"22":0,"23":0,"24":0,"25":0,"26":0,"27":0,"28":0,"29":0,"30":0,"31":0,"32":0,"33":0,"34":0,"35":0,"36":0,"37":0,"38":0,"39":0,"40":0,"41":0,"42":0,"43":0,"44":0,"45":0,"46":0,"47":0,"48":0,"49":0,"50":0,"51":0,"52":0,"53":0,"54":0,"55":0,"56":0,"57":0,"58":0,"59":0,"60":0,"61":0,"62":0,"63":0,"64":0,"65":0,"66":0,"67":0,"68":0,"69":0,"70":0,"71":0,"72":0,"73":0,"74":0,"75":0,"76":0,"77":0,"78":0,"79":0,"80":0},"f":{"0":0,"1":0,"2":0,"3":0,"4":0,"5":0,"6":0,"7":0,"8":0,"9":0,"10":0,"11":0,"12":0,"13":0,"14":0,"15":0,"16":0,"17":0,"18":0},"b":{"0":[0,0],"1":[0,0],"2":[0,0],"3":[0,0],"4":[0,0],"5":[0,0],"6":[0,0],"7":[0,0],"8":[0,0],"9":[0,0],"10":[0,0],"11":[0,0],"12":[0,0],"13":[0,0]}}
,"/Users/nicklaye/Desktop/Cursor Projects/Health Check amoCRM/server/database.js": {"path":"/Users/nicklaye/Desktop/Cursor Projects/Health Check amoCRM/server/database.js","statementMap":{"0":{"start":{"line":1,"column":16},"end":{"line":1,"column":44}},"1":{"start":{"line":2,"column":13},"end":{"line":2,"column":28}},"2":{"start":{"line":3,"column":25},"end":{"line":3,"column":50}},"3":{"start":{"line":4,"column":30},"end":{"line":4,"column":59}},"4":{"start":{"line":6,"column":16},"end":{"line":6,"column":62}},"5":{"start":{"line":7,"column":15},"end":{"line":7,"column":39}},"6":{"start":{"line":10,"column":29},"end":{"line":10,"column":67}},"7":{"start":{"line":14,"column":4},"end":{"line":14,"column":19}},"8":{"start":{"line":37,"column":8},"end":{"line":37,"column":15}},"9":{"start":{"line":39,"column":4},"end":{"line":41,"column":5}},"10":{"start":{"line":40,"column":6},"end":{"line":40,"column":102}},"11":{"start":{"line":43,"column":18},"end":{"line":74,"column":5}},"12":{"start":{"line":76,"column":19},"end":{"line":91,"column":5}},"13":{"start":{"line":93,"column":4},"end":{"line":93,"column":33}},"14":{"start":{"line":95,"column":4},"end":{"line":103,"column":7}},"15":{"start":{"line":96,"column":6},"end":{"line":102,"column":9}},"16":{"start":{"line":97,"column":8},"end":{"line":101,"column":9}},"17":{"start":{"line":98,"column":10},"end":{"line":98,"column":22}},"18":{"start":{"line":100,"column":10},"end":{"line":100,"column":45}},"19":{"start":{"line":110,"column":4},"end":{"line":147,"column":7}},"20":{"start":{"line":111,"column":6},"end":{"line":114,"column":7}},"21":{"start":{"line":112,"column":8},"end":{"line":112,"column":52}},"22":{"start":{"line":113,"column":8},"end":{"line":113,"column":15}},"23":{"start":{"line":116,"column":21},"end":{"line":116,"column":43}},"24":{"start":{"line":117,"column":18},"end":{"line":120,"column":7}},"25":{"start":{"line":122,"column":6},"end":{"line":125,"column":7}},"26":{"start":{"line":123,"column":8},"end":{"line":123,"column":39}},"27":{"start":{"line":124,"column":8},"end":{"line":124,"column":31}},"28":{"start":{"line":127,"column":6},"end":{"line":130,"column":7}},"29":{"start":{"line":128,"column":8},"end":{"line":128,"column":42}},"30":{"start":{"line":129,"column":8},"end":{"line":129,"column":26}},"31":{"start":{"line":132,"column":6},"end":{"line":135,"column":7}},"32":{"start":{"line":133,"column":8},"end":{"line":133,"column":41}},"33":{"start":{"line":134,"column":8},"end":{"line":134,"column":24}},"34":{"start":{"line":137,"column":6},"end":{"line":137,"column":44}},"35":{"start":{"line":138,"column":6},"end":{"line":138,"column":35}},"36":{"start":{"line":140,"column":6},"end":{"line":146,"column":9}},"37":{"start":{"line":141,"column":8},"end":{"line":145,"column":9}},"38":{"start":{"line":142,"column":10},"end":{"line":142,"column":22}},"39":{"start":{"line":144,"column":10},"end":{"line":144,"column":30}},"40":{"start":{"line":154,"column":4},"end":{"line":176,"column":7}},"41":{"start":{"line":155,"column":6},"end":{"line":158,"column":7}},"42":{"start":{"line":156,"column":8},"end":{"line":156,"column":82}},"43":{"start":{"line":157,"column":8},"end":{"line":157,"column":15}},"44":{"start":{"line":160,"column":20},"end":{"line":165,"column":7}},"45":{"start":{"line":166,"column":21},"end":{"line":166,"column":54}},"46":{"start":{"line":167,"column":6},"end":{"line":167,"column":35}},"47":{"start":{"line":169,"column":6},"end":{"line":175,"column":9}},"48":{"start":{"line":170,"column":8},"end":{"line":174,"column":9}},"49":{"start":{"line":171,"column":10},"end":{"line":171,"column":22}},"50":{"start":{"line":173,"column":10},"end":{"line":173,"column":31}},"51":{"start":{"line":183,"column":4},"end":{"line":185,"column":5}},"52":{"start":{"line":184,"column":6},"end":{"line":184,"column":106}},"53":{"start":{"line":187,"column":18},"end":{"line":190,"column":5}},"54":{"start":{"line":191,"column":19},"end":{"line":191,"column":39}},"55":{"start":{"line":192,"column":4},"end":{"line":192,"column":33}},"56":{"start":{"line":194,"column":4},"end":{"line":202,"column":7}},"57":{"start":{"line":195,"column":6},"end":{"line":201,"column":9}},"58":{"start":{"line":196,"column":8},"end":{"line":200,"column":9}},"59":{"start":{"line":197,"column":10},"end":{"line":197,"column":22}},"60":{"start":{"line":199,"column":10},"end":{"line":199,"column":45}},"61":{"start":{"line":211,"column":4},"end":{"line":213,"column":5}},"62":{"start":{"line":212,"column":6},"end":{"line":212,"column":18}},"63":{"start":{"line":215,"column":4},"end":{"line":224,"column":5}},"64":{"start":{"line":216,"column":18},"end":{"line":218,"column":33}},"65":{"start":{"line":219,"column":25},"end":{"line":219,"column":30}},"66":{"start":{"line":220,"column":6},"end":{"line":220,"column":70}},"67":{"start":{"line":222,"column":6},"end":{"line":222,"column":75}},"68":{"start":{"line":223,"column":6},"end":{"line":223,"column":18}},"69":{"start":{"line":233,"column":4},"end":{"line":235,"column":5}},"70":{"start":{"line":234,"column":6},"end":{"line":234,"column":54}},"71":{"start":{"line":239,"column":4},"end":{"line":261,"column":7}},"72":{"start":{"line":240,"column":6},"end":{"line":260,"column":9}},"73":{"start":{"line":241,"column":8},"end":{"line":245,"column":9}},"74":{"start":{"line":242,"column":10},"end":{"line":242,"column":54}},"75":{"start":{"line":243,"column":10},"end":{"line":243,"column":22}},"76":{"start":{"line":244,"column":10},"end":{"line":244,"column":17}},"77":{"start":{"line":246,"column":8},"end":{"line":246,"column":52}},"78":{"start":{"line":249,"column":8},"end":{"line":259,"column":11}},"79":{"start":{"line":250,"column":10},"end":{"line":254,"column":11}},"80":{"start":{"line":251,"column":12},"end":{"line":251,"column":70}},"81":{"start":{"line":253,"column":12},"end":{"line":253,"column":52}},"82":{"start":{"line":256,"column":10},"end":{"line":258,"column":27}},"83":{"start":{"line":265,"column":4},"end":{"line":404,"column":7}},"84":{"start":{"line":266,"column":6},"end":{"line":403,"column":9}},"85":{"start":{"line":268,"column":8},"end":{"line":288,"column":11}},"86":{"start":{"line":283,"column":10},"end":{"line":287,"column":11}},"87":{"start":{"line":284,"column":12},"end":{"line":284,"column":68}},"88":{"start":{"line":285,"column":12},"end":{"line":285,"column":24}},"89":{"start":{"line":286,"column":12},"end":{"line":286,"column":19}},"90":{"start":{"line":291,"column":8},"end":{"line":308,"column":11}},"91":{"start":{"line":303,"column":10},"end":{"line":307,"column":11}},"92":{"start":{"line":304,"column":12},"end":{"line":304,"column":64}},"93":{"start":{"line":305,"column":12},"end":{"line":305,"column":24}},"94":{"start":{"line":306,"column":12},"end":{"line":306,"column":19}},"95":{"start":{"line":312,"column":8},"end":{"line":315,"column":11}},"96":{"start":{"line":317,"column":8},"end":{"line":343,"column":11}},"97":{"start":{"line":338,"column":10},"end":{"line":342,"column":11}},"98":{"start":{"line":339,"column":12},"end":{"line":339,"column":78}},"99":{"start":{"line":340,"column":12},"end":{"line":340,"column":24}},"100":{"start":{"line":341,"column":12},"end":{"line":341,"column":19}},"101":{"start":{"line":345,"column":8},"end":{"line":348,"column":11}},"102":{"start":{"line":350,"column":8},"end":{"line":353,"column":11}},"103":{"start":{"line":355,"column":8},"end":{"line":358,"column":11}},"104":{"start":{"line":360,"column":8},"end":{"line":363,"column":11}},"105":{"start":{"line":367,"column":8},"end":{"line":370,"column":11}},"106":{"start":{"line":373,"column":8},"end":{"line":376,"column":11}},"107":{"start":{"line":379,"column":8},"end":{"line":382,"column":11}},"108":{"start":{"line":384,"column":8},"end":{"line":402,"column":11}},"109":{"start":{"line":388,"column":10},"end":{"line":401,"column":11}},"110":{"start":{"line":389,"column":12},"end":{"line":389,"column":56}},"111":{"start":{"line":390,"column":12},"end":{"line":390,"column":24}},"112":{"start":{"line":392,"column":12},"end":{"line":400,"column":17}},"113":{"start":{"line":394,"column":16},"end":{"line":394,"column":80}},"114":{"start":{"line":395,"column":16},"end":{"line":395,"column":26}},"115":{"start":{"line":398,"column":16},"end":{"line":398,"column":81}},"116":{"start":{"line":399,"column":16},"end":{"line":399,"column":28}},"117":{"start":{"line":408,"column":4},"end":{"line":436,"column":7}},"118":{"start":{"line":409,"column":6},"end":{"line":435,"column":9}},"119":{"start":{"line":410,"column":8},"end":{"line":413,"column":9}},"120":{"start":{"line":411,"column":10},"end":{"line":411,"column":22}},"121":{"start":{"line":412,"column":10},"end":{"line":412,"column":17}},"122":{"start":{"line":414,"column":26},"end":{"line":414,"column":91}},"123":{"start":{"line":414,"column":66},"end":{"line":414,"column":90}},"124":{"start":{"line":415,"column":8},"end":{"line":418,"column":9}},"125":{"start":{"line":416,"column":10},"end":{"line":416,"column":20}},"126":{"start":{"line":417,"column":10},"end":{"line":417,"column":17}},"127":{"start":{"line":420,"column":27},"end":{"line":423,"column":9}},"128":{"start":{"line":424,"column":8},"end":{"line":434,"column":11}},"129":{"start":{"line":425,"column":10},"end":{"line":433,"column":11}},"130":{"start":{"line":426,"column":12},"end":{"line":430,"column":13}},"131":{"start":{"line":427,"column":14},"end":{"line":427,"column":24}},"132":{"start":{"line":429,"column":14},"end":{"line":429,"column":31}},"133":{"start":{"line":432,"column":12},"end":{"line":432,"column":22}},"134":{"start":{"line":447,"column":8},"end":{"line":447,"column":15}},"135":{"start":{"line":449,"column":4},"end":{"line":485,"column":7}},"136":{"start":{"line":450,"column":24},"end":{"line":450,"column":34}},"137":{"start":{"line":451,"column":20},"end":{"line":461,"column":45}},"138":{"start":{"line":463,"column":32},"end":{"line":463,"column":71}},"139":{"start":{"line":464,"column":21},"end":{"line":474,"column":7}},"140":{"start":{"line":476,"column":6},"end":{"line":476,"column":35}},"141":{"start":{"line":478,"column":6},"end":{"line":484,"column":9}},"142":{"start":{"line":479,"column":8},"end":{"line":483,"column":9}},"143":{"start":{"line":480,"column":10},"end":{"line":480,"column":22}},"144":{"start":{"line":482,"column":10},"end":{"line":482,"column":50}},"145":{"start":{"line":491,"column":4},"end":{"line":520,"column":7}},"146":{"start":{"line":492,"column":28},"end":{"line":492,"column":69}},"147":{"start":{"line":493,"column":18},"end":{"line":496,"column":7}},"148":{"start":{"line":497,"column":21},"end":{"line":497,"column":36}},"149":{"start":{"line":499,"column":6},"end":{"line":502,"column":7}},"150":{"start":{"line":500,"column":8},"end":{"line":500,"column":39}},"151":{"start":{"line":501,"column":8},"end":{"line":501,"column":31}},"152":{"start":{"line":504,"column":6},"end":{"line":507,"column":7}},"153":{"start":{"line":505,"column":8},"end":{"line":505,"column":38}},"154":{"start":{"line":506,"column":8},"end":{"line":506,"column":30}},"155":{"start":{"line":509,"column":6},"end":{"line":509,"column":42}},"156":{"start":{"line":511,"column":6},"end":{"line":511,"column":35}},"157":{"start":{"line":513,"column":6},"end":{"line":519,"column":9}},"158":{"start":{"line":514,"column":8},"end":{"line":518,"column":9}},"159":{"start":{"line":515,"column":10},"end":{"line":515,"column":22}},"160":{"start":{"line":517,"column":10},"end":{"line":517,"column":24}},"161":{"start":{"line":533,"column":4},"end":{"line":565,"column":7}},"162":{"start":{"line":534,"column":6},"end":{"line":537,"column":7}},"163":{"start":{"line":535,"column":8},"end":{"line":535,"column":77}},"164":{"start":{"line":536,"column":8},"end":{"line":536,"column":15}},"165":{"start":{"line":539,"column":21},"end":{"line":539,"column":31}},"166":{"start":{"line":540,"column":18},"end":{"line":543,"column":7}},"167":{"start":{"line":545,"column":6},"end":{"line":548,"column":7}},"168":{"start":{"line":546,"column":8},"end":{"line":546,"column":39}},"169":{"start":{"line":547,"column":8},"end":{"line":547,"column":31}},"170":{"start":{"line":550,"column":6},"end":{"line":553,"column":7}},"171":{"start":{"line":551,"column":8},"end":{"line":551,"column":38}},"172":{"start":{"line":552,"column":8},"end":{"line":552,"column":30}},"173":{"start":{"line":555,"column":6},"end":{"line":555,"column":41}},"174":{"start":{"line":556,"column":6},"end":{"line":556,"column":35}},"175":{"start":{"line":558,"column":6},"end":{"line":564,"column":9}},"176":{"start":{"line":559,"column":8},"end":{"line":563,"column":9}},"177":{"start":{"line":560,"column":10},"end":{"line":560,"column":22}},"178":{"start":{"line":562,"column":10},"end":{"line":562,"column":30}},"179":{"start":{"line":570,"column":4},"end":{"line":591,"column":7}},"180":{"start":{"line":571,"column":28},"end":{"line":571,"column":69}},"181":{"start":{"line":572,"column":6},"end":{"line":590,"column":8}},"182":{"start":{"line":578,"column":10},"end":{"line":588,"column":11}},"183":{"start":{"line":579,"column":12},"end":{"line":579,"column":24}},"184":{"start":{"line":582,"column":30},"end":{"line":582,"column":73}},"185":{"start":{"line":583,"column":31},"end":{"line":583,"column":47}},"186":{"start":{"line":584,"column":12},"end":{"line":587,"column":15}},"187":{"start":{"line":596,"column":4},"end":{"line":625,"column":7}},"188":{"start":{"line":597,"column":28},"end":{"line":597,"column":69}},"189":{"start":{"line":598,"column":18},"end":{"line":604,"column":7}},"190":{"start":{"line":605,"column":21},"end":{"line":605,"column":36}},"191":{"start":{"line":607,"column":6},"end":{"line":610,"column":7}},"192":{"start":{"line":608,"column":8},"end":{"line":608,"column":39}},"193":{"start":{"line":609,"column":8},"end":{"line":609,"column":31}},"194":{"start":{"line":612,"column":6},"end":{"line":624,"column":9}},"195":{"start":{"line":613,"column":8},"end":{"line":623,"column":9}},"196":{"start":{"line":614,"column":10},"end":{"line":614,"column":22}},"197":{"start":{"line":616,"column":29},"end":{"line":616,"column":83}},"198":{"start":{"line":617,"column":10},"end":{"line":622,"column":13}},"199":{"start":{"line":630,"column":4},"end":{"line":643,"column":7}},"200":{"start":{"line":631,"column":6},"end":{"line":642,"column":8}},"201":{"start":{"line":636,"column":10},"end":{"line":640,"column":11}},"202":{"start":{"line":637,"column":12},"end":{"line":637,"column":24}},"203":{"start":{"line":639,"column":12},"end":{"line":639,"column":33}},"204":{"start":{"line":648,"column":4},"end":{"line":662,"column":7}},"205":{"start":{"line":649,"column":6},"end":{"line":661,"column":8}},"206":{"start":{"line":655,"column":10},"end":{"line":659,"column":11}},"207":{"start":{"line":656,"column":12},"end":{"line":656,"column":24}},"208":{"start":{"line":658,"column":12},"end":{"line":658,"column":22}},"209":{"start":{"line":667,"column":4},"end":{"line":692,"column":7}},"210":{"start":{"line":668,"column":18},"end":{"line":672,"column":7}},"211":{"start":{"line":673,"column":21},"end":{"line":673,"column":28}},"212":{"start":{"line":675,"column":6},"end":{"line":683,"column":7}},"213":{"start":{"line":676,"column":8},"end":{"line":681,"column":10}},"214":{"start":{"line":682,"column":8},"end":{"line":682,"column":33}},"215":{"start":{"line":685,"column":6},"end":{"line":691,"column":9}},"216":{"start":{"line":686,"column":8},"end":{"line":690,"column":9}},"217":{"start":{"line":687,"column":10},"end":{"line":687,"column":22}},"218":{"start":{"line":689,"column":10},"end":{"line":689,"column":24}},"219":{"start":{"line":697,"column":4},"end":{"line":712,"column":7}},"220":{"start":{"line":698,"column":6},"end":{"line":711,"column":8}},"221":{"start":{"line":705,"column":10},"end":{"line":709,"column":11}},"222":{"start":{"line":706,"column":12},"end":{"line":706,"column":24}},"223":{"start":{"line":708,"column":12},"end":{"line":708,"column":25}},"224":{"start":{"line":717,"column":4},"end":{"line":741,"column":7}},"225":{"start":{"line":718,"column":18},"end":{"line":722,"column":7}},"226":{"start":{"line":723,"column":21},"end":{"line":723,"column":23}},"227":{"start":{"line":725,"column":6},"end":{"line":732,"column":7}},"228":{"start":{"line":726,"column":8},"end":{"line":730,"column":10}},"229":{"start":{"line":731,"column":8},"end":{"line":731,"column":30}},"230":{"start":{"line":734,"column":6},"end":{"line":740,"column":9}},"231":{"start":{"line":735,"column":8},"end":{"line":739,"column":9}},"232":{"start":{"line":736,"column":10},"end":{"line":736,"column":22}},"233":{"start":{"line":738,"column":10},"end":{"line":738,"column":30}},"234":{"start":{"line":746,"column":4},"end":{"line":767,"column":7}},"235":{"start":{"line":747,"column":28},"end":{"line":747,"column":67}},"236":{"start":{"line":748,"column":6},"end":{"line":766,"column":9}},"237":{"start":{"line":749,"column":8},"end":{"line":752,"column":10}},"238":{"start":{"line":753,"column":8},"end":{"line":765,"column":10}},"239":{"start":{"line":757,"column":12},"end":{"line":763,"column":13}},"240":{"start":{"line":758,"column":14},"end":{"line":758,"column":62}},"241":{"start":{"line":759,"column":14},"end":{"line":759,"column":26}},"242":{"start":{"line":761,"column":14},"end":{"line":761,"column":70}},"243":{"start":{"line":762,"column":14},"end":{"line":762,"column":24}},"244":{"start":{"line":772,"column":4},"end":{"line":797,"column":7}},"245":{"start":{"line":773,"column":20},"end":{"line":773,"column":57}},"246":{"start":{"line":775,"column":6},"end":{"line":796,"column":9}},"247":{"start":{"line":781,"column":8},"end":{"line":784,"column":9}},"248":{"start":{"line":782,"column":10},"end":{"line":782,"column":22}},"249":{"start":{"line":783,"column":10},"end":{"line":783,"column":17}},"250":{"start":{"line":786,"column":8},"end":{"line":789,"column":9}},"251":{"start":{"line":787,"column":10},"end":{"line":787,"column":59}},"252":{"start":{"line":788,"column":10},"end":{"line":788,"column":17}},"253":{"start":{"line":791,"column":22},"end":{"line":791,"column":69}},"254":{"start":{"line":792,"column":8},"end":{"line":795,"column":11}},"255":{"start":{"line":802,"column":4},"end":{"line":843,"column":7}},"256":{"start":{"line":803,"column":20},"end":{"line":803,"column":57}},"257":{"start":{"line":805,"column":6},"end":{"line":842,"column":9}},"258":{"start":{"line":814,"column":8},"end":{"line":817,"column":9}},"259":{"start":{"line":815,"column":10},"end":{"line":815,"column":22}},"260":{"start":{"line":816,"column":10},"end":{"line":816,"column":17}},"261":{"start":{"line":820,"column":8},"end":{"line":841,"column":11}},"262":{"start":{"line":830,"column":10},"end":{"line":833,"column":11}},"263":{"start":{"line":831,"column":12},"end":{"line":831,"column":25}},"264":{"start":{"line":832,"column":12},"end":{"line":832,"column":19}},"265":{"start":{"line":834,"column":10},"end":{"line":840,"column":13}},"266":{"start":{"line":848,"column":4},"end":{"line":865,"column":7}},"267":{"start":{"line":849,"column":20},"end":{"line":849,"column":57}},"268":{"start":{"line":851,"column":6},"end":{"line":864,"column":9}},"269":{"start":{"line":856,"column":8},"end":{"line":859,"column":9}},"270":{"start":{"line":857,"column":10},"end":{"line":857,"column":22}},"271":{"start":{"line":858,"column":10},"end":{"line":858,"column":17}},"272":{"start":{"line":860,"column":8},"end":{"line":863,"column":11}},"273":{"start":{"line":870,"column":4},"end":{"line":899,"column":7}},"274":{"start":{"line":871,"column":20},"end":{"line":871,"column":57}},"275":{"start":{"line":873,"column":6},"end":{"line":898,"column":9}},"276":{"start":{"line":880,"column":8},"end":{"line":883,"column":9}},"277":{"start":{"line":881,"column":10},"end":{"line":881,"column":22}},"278":{"start":{"line":882,"column":10},"end":{"line":882,"column":17}},"279":{"start":{"line":885,"column":31},"end":{"line":885,"column":59}},"280":{"start":{"line":886,"column":8},"end":{"line":889,"column":9}},"281":{"start":{"line":887,"column":10},"end":{"line":887,"column":61}},"282":{"start":{"line":888,"column":10},"end":{"line":888,"column":17}},"283":{"start":{"line":891,"column":25},"end":{"line":891,"column":69}},"284":{"start":{"line":892,"column":21},"end":{"line":892,"column":52}},"285":{"start":{"line":894,"column":8},"end":{"line":897,"column":11}},"286":{"start":{"line":904,"column":4},"end":{"line":919,"column":7}},"287":{"start":{"line":905,"column":20},"end":{"line":905,"column":57}},"288":{"start":{"line":907,"column":6},"end":{"line":918,"column":9}},"289":{"start":{"line":913,"column":8},"end":{"line":916,"column":9}},"290":{"start":{"line":914,"column":10},"end":{"line":914,"column":22}},"291":{"start":{"line":915,"column":10},"end":{"line":915,"column":17}},"292":{"start":{"line":917,"column":8},"end":{"line":917,"column":33}},"293":{"start":{"line":924,"column":4},"end":{"line":939,"column":7}},"294":{"start":{"line":925,"column":20},"end":{"line":925,"column":57}},"295":{"start":{"line":927,"column":6},"end":{"line":938,"column":9}},"296":{"start":{"line":933,"column":8},"end":{"line":936,"column":9}},"297":{"start":{"line":934,"column":10},"end":{"line":934,"column":22}},"298":{"start":{"line":935,"column":10},"end":{"line":935,"column":17}},"299":{"start":{"line":937,"column":8},"end":{"line":937,"column":33}},"300":{"start":{"line":949,"column":4},"end":{"line":1105,"column":7}},"301":{"start":{"line":950,"column":6},"end":{"line":1104,"column":7}},"302":{"start":{"line":951,"column":30},"end":{"line":951,"column":71}},"303":{"start":{"line":954,"column":27},"end":{"line":966,"column":10}},"304":{"start":{"line":955,"column":10},"end":{"line":965,"column":12}},"305":{"start":{"line":964,"column":26},"end":{"line":964,"column":51}},"306":{"start":{"line":969,"column":30},"end":{"line":980,"column":10}},"307":{"start":{"line":970,"column":10},"end":{"line":979,"column":12}},"308":{"start":{"line":978,"column":26},"end":{"line":978,"column":51}},"309":{"start":{"line":983,"column":29},"end":{"line":992,"column":10}},"310":{"start":{"line":984,"column":10},"end":{"line":991,"column":12}},"311":{"start":{"line":990,"column":27},"end":{"line":990,"column":53}},"312":{"start":{"line":994,"column":20},"end":{"line":996,"column":13}},"313":{"start":{"line":997,"column":20},"end":{"line":999,"column":13}},"314":{"start":{"line":1002,"column":30},"end":{"line":1013,"column":10}},"315":{"start":{"line":1003,"column":10},"end":{"line":1012,"column":12}},"316":{"start":{"line":1011,"column":26},"end":{"line":1011,"column":51}},"317":{"start":{"line":1016,"column":21},"end":{"line":1018,"column":13}},"318":{"start":{"line":1022,"column":35},"end":{"line":1022,"column":62}},"319":{"start":{"line":1023,"column":36},"end":{"line":1023,"column":64}},"320":{"start":{"line":1024,"column":28},"end":{"line":1026,"column":21}},"321":{"start":{"line":1027,"column":30},"end":{"line":1027,"column":81}},"322":{"start":{"line":1028,"column":21},"end":{"line":1030,"column":21}},"323":{"start":{"line":1033,"column":26},"end":{"line":1045,"column":10}},"324":{"start":{"line":1034,"column":10},"end":{"line":1044,"column":12}},"325":{"start":{"line":1043,"column":26},"end":{"line":1043,"column":51}},"326":{"start":{"line":1047,"column":27},"end":{"line":1049,"column":15}},"327":{"start":{"line":1052,"column":28},"end":{"line":1052,"column":55}},"328":{"start":{"line":1053,"column":29},"end":{"line":1053,"column":57}},"329":{"start":{"line":1054,"column":29},"end":{"line":1054,"column":57}},"330":{"start":{"line":1056,"column":23},"end":{"line":1058,"column":15}},"331":{"start":{"line":1060,"column":29},"end":{"line":1060,"column":35}},"332":{"start":{"line":1063,"column":28},"end":{"line":1065,"column":15}},"333":{"start":{"line":1068,"column":8},"end":{"line":1100,"column":11}},"334":{"start":{"line":1102,"column":8},"end":{"line":1102,"column":69}},"335":{"start":{"line":1103,"column":8},"end":{"line":1103,"column":22}},"336":{"start":{"line":1114,"column":26},"end":{"line":1114,"column":83}},"337":{"start":{"line":1115,"column":4},"end":{"line":1117,"column":5}},"338":{"start":{"line":1116,"column":6},"end":{"line":1116,"column":75}},"339":{"start":{"line":1119,"column":4},"end":{"line":1128,"column":7}},"340":{"start":{"line":1120,"column":20},"end":{"line":1120,"column":64}},"341":{"start":{"line":1121,"column":6},"end":{"line":1127,"column":9}},"342":{"start":{"line":1122,"column":8},"end":{"line":1126,"column":9}},"343":{"start":{"line":1123,"column":10},"end":{"line":1123,"column":22}},"344":{"start":{"line":1125,"column":10},"end":{"line":1125,"column":35}},"345":{"start":{"line":1132,"column":4},"end":{"line":1146,"column":7}},"346":{"start":{"line":1133,"column":6},"end":{"line":1145,"column":7}},"347":{"start":{"line":1134,"column":8},"end":{"line":1142,"column":11}},"348":{"start":{"line":1135,"column":10},"end":{"line":1141,"column":11}},"349":{"start":{"line":1136,"column":12},"end":{"line":1136,"column":56}},"350":{"start":{"line":1137,"column":12},"end":{"line":1137,"column":24}},"351":{"start":{"line":1139,"column":12},"end":{"line":1139,"column":54}},"352":{"start":{"line":1140,"column":12},"end":{"line":1140,"column":22}},"353":{"start":{"line":1144,"column":8},"end":{"line":1144,"column":18}},"354":{"start":{"line":1150,"column":0},"end":{"line":1150,"column":32}}},"fnMap":{"0":{"name":"(anonymous_0)","decl":{"start":{"line":13,"column":2},"end":{"line":13,"column":3}},"loc":{"start":{"line":13,"column":16},"end":{"line":15,"column":3}},"line":13},"1":{"name":"(anonymous_1)","decl":{"start":{"line":21,"column":2},"end":{"line":21,"column":3}},"loc":{"start":{"line":21,"column":27},"end":{"line":104,"column":3}},"line":21},"2":{"name":"(anonymous_2)","decl":{"start":{"line":95,"column":23},"end":{"line":95,"column":24}},"loc":{"start":{"line":95,"column":44},"end":{"line":103,"column":5}},"line":95},"3":{"name":"(anonymous_3)","decl":{"start":{"line":96,"column":33},"end":{"line":96,"column":34}},"loc":{"start":{"line":96,"column":48},"end":{"line":102,"column":7}},"line":96},"4":{"name":"(anonymous_4)","decl":{"start":{"line":109,"column":2},"end":{"line":109,"column":3}},"loc":{"start":{"line":109,"column":90},"end":{"line":148,"column":3}},"line":109},"5":{"name":"(anonymous_5)","decl":{"start":{"line":110,"column":23},"end":{"line":110,"column":24}},"loc":{"start":{"line":110,"column":44},"end":{"line":147,"column":5}},"line":110},"6":{"name":"(anonymous_6)","decl":{"start":{"line":140,"column":33},"end":{"line":140,"column":34}},"loc":{"start":{"line":140,"column":48},"end":{"line":146,"column":7}},"line":140},"7":{"name":"(anonymous_7)","decl":{"start":{"line":153,"column":2},"end":{"line":153,"column":3}},"loc":{"start":{"line":153,"column":78},"end":{"line":177,"column":3}},"line":153},"8":{"name":"(anonymous_8)","decl":{"start":{"line":154,"column":23},"end":{"line":154,"column":24}},"loc":{"start":{"line":154,"column":44},"end":{"line":176,"column":5}},"line":154},"9":{"name":"(anonymous_9)","decl":{"start":{"line":169,"column":33},"end":{"line":169,"column":34}},"loc":{"start":{"line":169,"column":47},"end":{"line":175,"column":7}},"line":169},"10":{"name":"(anonymous_10)","decl":{"start":{"line":182,"column":2},"end":{"line":182,"column":3}},"loc":{"start":{"line":182,"column":49},"end":{"line":203,"column":3}},"line":182},"11":{"name":"(anonymous_11)","decl":{"start":{"line":194,"column":23},"end":{"line":194,"column":24}},"loc":{"start":{"line":194,"column":44},"end":{"line":202,"column":5}},"line":194},"12":{"name":"(anonymous_12)","decl":{"start":{"line":195,"column":33},"end":{"line":195,"column":34}},"loc":{"start":{"line":195,"column":48},"end":{"line":201,"column":7}},"line":195},"13":{"name":"(anonymous_13)","decl":{"start":{"line":210,"column":2},"end":{"line":210,"column":3}},"loc":{"start":{"line":210,"column":35},"end":{"line":225,"column":3}},"line":210},"14":{"name":"(anonymous_14)","decl":{"start":{"line":232,"column":2},"end":{"line":232,"column":3}},"loc":{"start":{"line":232,"column":31},"end":{"line":236,"column":3}},"line":232},"15":{"name":"(anonymous_15)","decl":{"start":{"line":238,"column":2},"end":{"line":238,"column":3}},"loc":{"start":{"line":238,"column":15},"end":{"line":262,"column":3}},"line":238},"16":{"name":"(anonymous_16)","decl":{"start":{"line":239,"column":23},"end":{"line":239,"column":24}},"loc":{"start":{"line":239,"column":44},"end":{"line":261,"column":5}},"line":239},"17":{"name":"(anonymous_17)","decl":{"start":{"line":240,"column":46},"end":{"line":240,"column":47}},"loc":{"start":{"line":240,"column":55},"end":{"line":260,"column":7}},"line":240},"18":{"name":"(anonymous_18)","decl":{"start":{"line":249,"column":47},"end":{"line":249,"column":48}},"loc":{"start":{"line":249,"column":59},"end":{"line":259,"column":9}},"line":249},"19":{"name":"(anonymous_19)","decl":{"start":{"line":264,"column":2},"end":{"line":264,"column":3}},"loc":{"start":{"line":264,"column":17},"end":{"line":405,"column":3}},"line":264},"20":{"name":"(anonymous_20)","decl":{"start":{"line":265,"column":23},"end":{"line":265,"column":24}},"loc":{"start":{"line":265,"column":44},"end":{"line":404,"column":5}},"line":265},"21":{"name":"(anonymous_21)","decl":{"start":{"line":266,"column":24},"end":{"line":266,"column":25}},"loc":{"start":{"line":266,"column":30},"end":{"line":403,"column":7}},"line":266},"22":{"name":"(anonymous_22)","decl":{"start":{"line":282,"column":11},"end":{"line":282,"column":12}},"loc":{"start":{"line":282,"column":20},"end":{"line":288,"column":9}},"line":282},"23":{"name":"(anonymous_23)","decl":{"start":{"line":302,"column":11},"end":{"line":302,"column":12}},"loc":{"start":{"line":302,"column":20},"end":{"line":308,"column":9}},"line":302},"24":{"name":"(anonymous_24)","decl":{"start":{"line":337,"column":11},"end":{"line":337,"column":12}},"loc":{"start":{"line":337,"column":20},"end":{"line":343,"column":9}},"line":337},"25":{"name":"(anonymous_25)","decl":{"start":{"line":387,"column":11},"end":{"line":387,"column":12}},"loc":{"start":{"line":387,"column":20},"end":{"line":402,"column":9}},"line":387},"26":{"name":"(anonymous_26)","decl":{"start":{"line":393,"column":20},"end":{"line":393,"column":21}},"loc":{"start":{"line":393,"column":26},"end":{"line":396,"column":15}},"line":393},"27":{"name":"(anonymous_27)","decl":{"start":{"line":397,"column":21},"end":{"line":397,"column":22}},"loc":{"start":{"line":397,"column":28},"end":{"line":400,"column":15}},"line":397},"28":{"name":"(anonymous_28)","decl":{"start":{"line":407,"column":2},"end":{"line":407,"column":3}},"loc":{"start":{"line":407,"column":31},"end":{"line":437,"column":3}},"line":407},"29":{"name":"(anonymous_29)","decl":{"start":{"line":408,"column":23},"end":{"line":408,"column":24}},"loc":{"start":{"line":408,"column":44},"end":{"line":436,"column":5}},"line":408},"30":{"name":"(anonymous_30)","decl":{"start":{"line":409,"column":50},"end":{"line":409,"column":51}},"loc":{"start":{"line":409,"column":65},"end":{"line":435,"column":7}},"line":409},"31":{"name":"(anonymous_31)","decl":{"start":{"line":414,"column":59},"end":{"line":414,"column":60}},"loc":{"start":{"line":414,"column":66},"end":{"line":414,"column":90}},"line":414},"32":{"name":"(anonymous_32)","decl":{"start":{"line":424,"column":32},"end":{"line":424,"column":33}},"loc":{"start":{"line":424,"column":46},"end":{"line":434,"column":9}},"line":424},"33":{"name":"(anonymous_33)","decl":{"start":{"line":440,"column":2},"end":{"line":440,"column":3}},"loc":{"start":{"line":440,"column":67},"end":{"line":486,"column":3}},"line":440},"34":{"name":"(anonymous_34)","decl":{"start":{"line":449,"column":23},"end":{"line":449,"column":24}},"loc":{"start":{"line":449,"column":44},"end":{"line":485,"column":5}},"line":449},"35":{"name":"(anonymous_35)","decl":{"start":{"line":478,"column":33},"end":{"line":478,"column":34}},"loc":{"start":{"line":478,"column":48},"end":{"line":484,"column":7}},"line":478},"36":{"name":"(anonymous_36)","decl":{"start":{"line":490,"column":2},"end":{"line":490,"column":3}},"loc":{"start":{"line":490,"column":69},"end":{"line":521,"column":3}},"line":490},"37":{"name":"(anonymous_37)","decl":{"start":{"line":491,"column":23},"end":{"line":491,"column":24}},"loc":{"start":{"line":491,"column":44},"end":{"line":520,"column":5}},"line":491},"38":{"name":"(anonymous_38)","decl":{"start":{"line":513,"column":33},"end":{"line":513,"column":34}},"loc":{"start":{"line":513,"column":48},"end":{"line":519,"column":7}},"line":513},"39":{"name":"(anonymous_39)","decl":{"start":{"line":532,"column":2},"end":{"line":532,"column":3}},"loc":{"start":{"line":532,"column":74},"end":{"line":566,"column":3}},"line":532},"40":{"name":"(anonymous_40)","decl":{"start":{"line":533,"column":23},"end":{"line":533,"column":24}},"loc":{"start":{"line":533,"column":44},"end":{"line":565,"column":5}},"line":533},"41":{"name":"(anonymous_41)","decl":{"start":{"line":558,"column":33},"end":{"line":558,"column":34}},"loc":{"start":{"line":558,"column":48},"end":{"line":564,"column":7}},"line":558},"42":{"name":"(anonymous_42)","decl":{"start":{"line":569,"column":2},"end":{"line":569,"column":3}},"loc":{"start":{"line":569,"column":52},"end":{"line":592,"column":3}},"line":569},"43":{"name":"(anonymous_43)","decl":{"start":{"line":570,"column":23},"end":{"line":570,"column":24}},"loc":{"start":{"line":570,"column":44},"end":{"line":591,"column":5}},"line":570},"44":{"name":"(anonymous_44)","decl":{"start":{"line":577,"column":8},"end":{"line":577,"column":9}},"loc":{"start":{"line":577,"column":22},"end":{"line":589,"column":9}},"line":577},"45":{"name":"(anonymous_45)","decl":{"start":{"line":595,"column":2},"end":{"line":595,"column":3}},"loc":{"start":{"line":595,"column":56},"end":{"line":626,"column":3}},"line":595},"46":{"name":"(anonymous_46)","decl":{"start":{"line":596,"column":23},"end":{"line":596,"column":24}},"loc":{"start":{"line":596,"column":44},"end":{"line":625,"column":5}},"line":596},"47":{"name":"(anonymous_47)","decl":{"start":{"line":612,"column":33},"end":{"line":612,"column":34}},"loc":{"start":{"line":612,"column":47},"end":{"line":624,"column":7}},"line":612},"48":{"name":"(anonymous_48)","decl":{"start":{"line":629,"column":2},"end":{"line":629,"column":3}},"loc":{"start":{"line":629,"column":78},"end":{"line":644,"column":3}},"line":629},"49":{"name":"(anonymous_49)","decl":{"start":{"line":630,"column":23},"end":{"line":630,"column":24}},"loc":{"start":{"line":630,"column":44},"end":{"line":643,"column":5}},"line":630},"50":{"name":"(anonymous_50)","decl":{"start":{"line":635,"column":8},"end":{"line":635,"column":9}},"loc":{"start":{"line":635,"column":23},"end":{"line":641,"column":9}},"line":635},"51":{"name":"(anonymous_51)","decl":{"start":{"line":647,"column":2},"end":{"line":647,"column":3}},"loc":{"start":{"line":647,"column":37},"end":{"line":663,"column":3}},"line":647},"52":{"name":"(anonymous_52)","decl":{"start":{"line":648,"column":23},"end":{"line":648,"column":24}},"loc":{"start":{"line":648,"column":44},"end":{"line":662,"column":5}},"line":648},"53":{"name":"(anonymous_53)","decl":{"start":{"line":654,"column":8},"end":{"line":654,"column":9}},"loc":{"start":{"line":654,"column":17},"end":{"line":660,"column":9}},"line":654},"54":{"name":"(anonymous_54)","decl":{"start":{"line":666,"column":2},"end":{"line":666,"column":3}},"loc":{"start":{"line":666,"column":44},"end":{"line":693,"column":3}},"line":666},"55":{"name":"(anonymous_55)","decl":{"start":{"line":667,"column":23},"end":{"line":667,"column":24}},"loc":{"start":{"line":667,"column":44},"end":{"line":692,"column":5}},"line":667},"56":{"name":"(anonymous_56)","decl":{"start":{"line":685,"column":33},"end":{"line":685,"column":34}},"loc":{"start":{"line":685,"column":48},"end":{"line":691,"column":7}},"line":685},"57":{"name":"(anonymous_57)","decl":{"start":{"line":696,"column":2},"end":{"line":696,"column":3}},"loc":{"start":{"line":696,"column":59},"end":{"line":713,"column":3}},"line":696},"58":{"name":"(anonymous_58)","decl":{"start":{"line":697,"column":23},"end":{"line":697,"column":24}},"loc":{"start":{"line":697,"column":44},"end":{"line":712,"column":5}},"line":697},"59":{"name":"(anonymous_59)","decl":{"start":{"line":704,"column":8},"end":{"line":704,"column":9}},"loc":{"start":{"line":704,"column":22},"end":{"line":710,"column":9}},"line":704},"60":{"name":"(anonymous_60)","decl":{"start":{"line":716,"column":2},"end":{"line":716,"column":3}},"loc":{"start":{"line":716,"column":39},"end":{"line":742,"column":3}},"line":716},"61":{"name":"(anonymous_61)","decl":{"start":{"line":717,"column":23},"end":{"line":717,"column":24}},"loc":{"start":{"line":717,"column":44},"end":{"line":741,"column":5}},"line":717},"62":{"name":"(anonymous_62)","decl":{"start":{"line":734,"column":33},"end":{"line":734,"column":34}},"loc":{"start":{"line":734,"column":48},"end":{"line":740,"column":7}},"line":734},"63":{"name":"(anonymous_63)","decl":{"start":{"line":745,"column":2},"end":{"line":745,"column":3}},"loc":{"start":{"line":745,"column":20},"end":{"line":768,"column":3}},"line":745},"64":{"name":"(anonymous_64)","decl":{"start":{"line":746,"column":23},"end":{"line":746,"column":24}},"loc":{"start":{"line":746,"column":44},"end":{"line":767,"column":5}},"line":746},"65":{"name":"(anonymous_65)","decl":{"start":{"line":748,"column":24},"end":{"line":748,"column":25}},"loc":{"start":{"line":748,"column":30},"end":{"line":766,"column":7}},"line":748},"66":{"name":"(anonymous_66)","decl":{"start":{"line":756,"column":10},"end":{"line":756,"column":11}},"loc":{"start":{"line":756,"column":19},"end":{"line":764,"column":11}},"line":756},"67":{"name":"(anonymous_67)","decl":{"start":{"line":771,"column":2},"end":{"line":771,"column":3}},"loc":{"start":{"line":771,"column":63},"end":{"line":798,"column":3}},"line":771},"68":{"name":"(anonymous_68)","decl":{"start":{"line":772,"column":23},"end":{"line":772,"column":24}},"loc":{"start":{"line":772,"column":44},"end":{"line":797,"column":5}},"line":772},"69":{"name":"(anonymous_69)","decl":{"start":{"line":780,"column":29},"end":{"line":780,"column":30}},"loc":{"start":{"line":780,"column":44},"end":{"line":796,"column":7}},"line":780},"70":{"name":"(anonymous_70)","decl":{"start":{"line":801,"column":2},"end":{"line":801,"column":3}},"loc":{"start":{"line":801,"column":41},"end":{"line":844,"column":3}},"line":801},"71":{"name":"(anonymous_71)","decl":{"start":{"line":802,"column":23},"end":{"line":802,"column":24}},"loc":{"start":{"line":802,"column":44},"end":{"line":843,"column":5}},"line":802},"72":{"name":"(anonymous_72)","decl":{"start":{"line":813,"column":29},"end":{"line":813,"column":30}},"loc":{"start":{"line":813,"column":44},"end":{"line":842,"column":7}},"line":813},"73":{"name":"(anonymous_73)","decl":{"start":{"line":829,"column":49},"end":{"line":829,"column":50}},"loc":{"start":{"line":829,"column":70},"end":{"line":841,"column":9}},"line":829},"74":{"name":"(anonymous_74)","decl":{"start":{"line":847,"column":2},"end":{"line":847,"column":3}},"loc":{"start":{"line":847,"column":28},"end":{"line":866,"column":3}},"line":847},"75":{"name":"(anonymous_75)","decl":{"start":{"line":848,"column":23},"end":{"line":848,"column":24}},"loc":{"start":{"line":848,"column":44},"end":{"line":865,"column":5}},"line":848},"76":{"name":"(anonymous_76)","decl":{"start":{"line":855,"column":29},"end":{"line":855,"column":30}},"loc":{"start":{"line":855,"column":43},"end":{"line":864,"column":7}},"line":855},"77":{"name":"(anonymous_77)","decl":{"start":{"line":869,"column":2},"end":{"line":869,"column":3}},"loc":{"start":{"line":869,"column":28},"end":{"line":900,"column":3}},"line":869},"78":{"name":"(anonymous_78)","decl":{"start":{"line":870,"column":23},"end":{"line":870,"column":24}},"loc":{"start":{"line":870,"column":44},"end":{"line":899,"column":5}},"line":870},"79":{"name":"(anonymous_79)","decl":{"start":{"line":879,"column":29},"end":{"line":879,"column":30}},"loc":{"start":{"line":879,"column":44},"end":{"line":898,"column":7}},"line":879},"80":{"name":"(anonymous_80)","decl":{"start":{"line":903,"column":2},"end":{"line":903,"column":3}},"loc":{"start":{"line":903,"column":55},"end":{"line":920,"column":3}},"line":903},"81":{"name":"(anonymous_81)","decl":{"start":{"line":904,"column":23},"end":{"line":904,"column":24}},"loc":{"start":{"line":904,"column":44},"end":{"line":919,"column":5}},"line":904},"82":{"name":"(anonymous_82)","decl":{"start":{"line":912,"column":40},"end":{"line":912,"column":41}},"loc":{"start":{"line":912,"column":54},"end":{"line":918,"column":7}},"line":912},"83":{"name":"(anonymous_83)","decl":{"start":{"line":923,"column":2},"end":{"line":923,"column":3}},"loc":{"start":{"line":923,"column":47},"end":{"line":940,"column":3}},"line":923},"84":{"name":"(anonymous_84)","decl":{"start":{"line":924,"column":23},"end":{"line":924,"column":24}},"loc":{"start":{"line":924,"column":44},"end":{"line":939,"column":5}},"line":924},"85":{"name":"(anonymous_85)","decl":{"start":{"line":932,"column":39},"end":{"line":932,"column":40}},"loc":{"start":{"line":932,"column":53},"end":{"line":938,"column":7}},"line":932},"86":{"name":"(anonymous_86)","decl":{"start":{"line":948,"column":2},"end":{"line":948,"column":3}},"loc":{"start":{"line":948,"column":51},"end":{"line":1106,"column":3}},"line":948},"87":{"name":"(anonymous_87)","decl":{"start":{"line":949,"column":23},"end":{"line":949,"column":24}},"loc":{"start":{"line":949,"column":50},"end":{"line":1105,"column":5}},"line":949},"88":{"name":"(anonymous_88)","decl":{"start":{"line":954,"column":45},"end":{"line":954,"column":46}},"loc":{"start":{"line":954,"column":59},"end":{"line":966,"column":9}},"line":954},"89":{"name":"(anonymous_89)","decl":{"start":{"line":964,"column":12},"end":{"line":964,"column":13}},"loc":{"start":{"line":964,"column":26},"end":{"line":964,"column":51}},"line":964},"90":{"name":"(anonymous_90)","decl":{"start":{"line":969,"column":48},"end":{"line":969,"column":49}},"loc":{"start":{"line":969,"column":62},"end":{"line":980,"column":9}},"line":969},"91":{"name":"(anonymous_91)","decl":{"start":{"line":978,"column":12},"end":{"line":978,"column":13}},"loc":{"start":{"line":978,"column":26},"end":{"line":978,"column":51}},"line":978},"92":{"name":"(anonymous_92)","decl":{"start":{"line":983,"column":47},"end":{"line":983,"column":48}},"loc":{"start":{"line":983,"column":61},"end":{"line":992,"column":9}},"line":983},"93":{"name":"(anonymous_93)","decl":{"start":{"line":990,"column":12},"end":{"line":990,"column":13}},"loc":{"start":{"line":990,"column":27},"end":{"line":990,"column":53}},"line":990},"94":{"name":"(anonymous_94)","decl":{"start":{"line":1002,"column":48},"end":{"line":1002,"column":49}},"loc":{"start":{"line":1002,"column":62},"end":{"line":1013,"column":9}},"line":1002},"95":{"name":"(anonymous_95)","decl":{"start":{"line":1011,"column":12},"end":{"line":1011,"column":13}},"loc":{"start":{"line":1011,"column":26},"end":{"line":1011,"column":51}},"line":1011},"96":{"name":"(anonymous_96)","decl":{"start":{"line":1033,"column":44},"end":{"line":1033,"column":45}},"loc":{"start":{"line":1033,"column":58},"end":{"line":1045,"column":9}},"line":1033},"97":{"name":"(anonymous_97)","decl":{"start":{"line":1043,"column":12},"end":{"line":1043,"column":13}},"loc":{"start":{"line":1043,"column":26},"end":{"line":1043,"column":51}},"line":1043},"98":{"name":"(anonymous_98)","decl":{"start":{"line":1113,"column":2},"end":{"line":1113,"column":3}},"loc":{"start":{"line":1113,"column":30},"end":{"line":1129,"column":3}},"line":1113},"99":{"name":"(anonymous_99)","decl":{"start":{"line":1119,"column":23},"end":{"line":1119,"column":24}},"loc":{"start":{"line":1119,"column":44},"end":{"line":1128,"column":5}},"line":1119},"100":{"name":"(anonymous_100)","decl":{"start":{"line":1121,"column":29},"end":{"line":1121,"column":30}},"loc":{"start":{"line":1121,"column":43},"end":{"line":1127,"column":7}},"line":1121},"101":{"name":"(anonymous_101)","decl":{"start":{"line":1131,"column":2},"end":{"line":1131,"column":3}},"loc":{"start":{"line":1131,"column":10},"end":{"line":1147,"column":3}},"line":1131},"102":{"name":"(anonymous_102)","decl":{"start":{"line":1132,"column":23},"end":{"line":1132,"column":24}},"loc":{"start":{"line":1132,"column":44},"end":{"line":1146,"column":5}},"line":1132},"103":{"name":"(anonymous_103)","decl":{"start":{"line":1134,"column":22},"end":{"line":1134,"column":23}},"loc":{"start":{"line":1134,"column":31},"end":{"line":1142,"column":9}},"line":1134}},"branchMap":{"0":{"loc":{"start":{"line":25,"column":6},"end":{"line":25,"column":34}},"type":"default-arg","locations":[{"start":{"line":25,"column":17},"end":{"line":25,"column":34}}],"line":25},"1":{"loc":{"start":{"line":27,"column":6},"end":{"line":27,"column":28}},"type":"default-arg","lo
[...]
29},"end":{"line":45,"column":1}},"5":{"start":{"line":20,"column":8},"end":{"line":22,"column":9}},"6":{"start":{"line":21,"column":12},"end":{"line":21,"column":24}},"7":{"start":{"line":24,"column":8},"end":{"line":26,"column":9}},"8":{"start":{"line":25,"column":12},"end":{"line":25,"column":24}},"9":{"start":{"line":28,"column":8},"end":{"line":30,"column":9}},"10":{"start":{"line":29,"column":12},"end":{"line":29,"column":24}},"11":{"start":{"line":32,"column":27},"end":{"line":32,"column":98}},"12":{"start":{"line":33,"column":8},"end":{"line":35,"column":9}},"13":{"start":{"line":34,"column":12},"end":{"line":34,"column":24}},"14":{"start":{"line":36,"column":8},"end":{"line":36,"column":21}},"15":{"start":{"line":39,"column":8},"end":{"line":43,"column":11}},"16":{"start":{"line":57,"column":21},"end":{"line":60,"column":6}},"17":{"start":{"line":62,"column":24},"end":{"line":67,"column":5}},"18":{"start":{"line":69,"column":4},"end":{"line":69,"column":38}},"19":{"start":{"line":72,"column":4},"end":{"line":81,"column":6}},"20":{"start":{"line":74,"column":12},"end":{"line":74,"column":88}},"21":{"start":{"line":75,"column":12},"end":{"line":75,"column":26}},"22":{"start":{"line":78,"column":12},"end":{"line":78,"column":73}},"23":{"start":{"line":79,"column":12},"end":{"line":79,"column":41}},"24":{"start":{"line":84,"column":4},"end":{"line":95,"column":6}},"25":{"start":{"line":86,"column":12},"end":{"line":86,"column":85}},"26":{"start":{"line":87,"column":12},"end":{"line":87,"column":28}},"27":{"start":{"line":90,"column":12},"end":{"line":92,"column":13}},"28":{"start":{"line":91,"column":16},"end":{"line":91,"column":99}},"29":{"start":{"line":93,"column":12},"end":{"line":93,"column":41}},"30":{"start":{"line":97,"column":4},"end":{"line":97,"column":20}},"31":{"start":{"line":106,"column":21},"end":{"line":109,"column":2}},"32":{"start":{"line":116,"column":22},"end":{"line":119,"column":2}},"33":{"start":{"line":127,"column":4},"end":{"line":127,"column":50}},"34":{"start":{"line":130,"column":0},"end":{"line":136,"column":2}}},"fnMap":{"0":{"name":"(anonymous_0)","decl":{"start":{"line":18,"column":20},"end":{"line":18,"column":21}},"loc":{"start":{"line":18,"column":31},"end":{"line":37,"column":5}},"line":18},"1":{"name":"(anonymous_1)","decl":{"start":{"line":38,"column":13},"end":{"line":38,"column":14}},"loc":{"start":{"line":38,"column":51},"end":{"line":44,"column":5}},"line":38},"2":{"name":"createHttpClient","decl":{"start":{"line":56,"column":9},"end":{"line":56,"column":25}},"loc":{"start":{"line":56,"column":40},"end":{"line":98,"column":1}},"line":56},"3":{"name":"(anonymous_3)","decl":{"start":{"line":73,"column":8},"end":{"line":73,"column":9}},"loc":{"start":{"line":73,"column":20},"end":{"line":76,"column":9}},"line":73},"4":{"name":"(anonymous_4)","decl":{"start":{"line":77,"column":8},"end":{"line":77,"column":9}},"loc":{"start":{"line":77,"column":19},"end":{"line":80,"column":9}},"line":77},"5":{"name":"(anonymous_5)","decl":{"start":{"line":85,"column":8},"end":{"line":85,"column":9}},"loc":{"start":{"line":85,"column":22},"end":{"line":88,"column":9}},"line":85},"6":{"name":"(anonymous_6)","decl":{"start":{"line":89,"column":8},"end":{"line":89,"column":9}},"loc":{"start":{"line":89,"column":19},"end":{"line":94,"column":9}},"line":89},"7":{"name":"getRetryCount","decl":{"start":{"line":126,"column":9},"end":{"line":126,"column":22}},"loc":{"start":{"line":126,"column":31},"end":{"line":128,"column":1}},"line":126}},"branchMap":{"0":{"loc":{"start":{"line":20,"column":8},"end":{"line":22,"column":9}},"type":"if","locations":[{"start":{"line":20,"column":8},"end":{"line":22,"column":9}},{"start":{},"end":{}}],"line":20},"1":{"loc":{"start":{"line":24,"column":8},"end":{"line":26,"column":9}},"type":"if","locations":[{"start":{"line":24,"column":8},"end":{"line":26,"column":9}},{"start":{},"end":{}}],"line":24},"2":{"loc":{"start":{"line":28,"column":8},"end":{"line":30,"column":9}},"type":"if","locations":[{"start":{"line":28,"column":8},"end":{"line":30,"column":9}},{"start":{},"end":{}}],"line":28},"3":{"loc":{"start":{"line":33,"column":8},"end":{"line":35,"column":9}},"type":"if","locations":[{"start":{"line":33,"column":8},"end":{"line":35,"column":9}},{"start":{},"end":{}}],"line":33},"4":{"loc":{"start":{"line":33,"column":12},"end":{"line":33,"column":57}},"type":"binary-expr","locations":[{"start":{"line":33,"column":12},"end":{"line":33,"column":22}},{"start":{"line":33,"column":26},"end":{"line":33,"column":57}}],"line":33},"5":{"loc":{"start":{"line":56,"column":26},"end":{"line":56,"column":38}},"type":"default-arg","locations":[{"start":{"line":56,"column":36},"end":{"line":56,"column":38}}],"line":56},"6":{"loc":{"start":{"line":58,"column":17},"end":{"line":58,"column":41}},"type":"binary-expr","locations":[{"start":{"line":58,"column":17},"end":{"line":58,"column":32}},{"start":{"line":58,"column":36},"end":{"line":58,"column":41}}],"line":58},"7":{"loc":{"start":{"line":64,"column":17},"end":{"line":64,"column":64}},"type":"binary-expr","locations":[{"start":{"line":64,"column":17},"end":{"line":64,"column":32}},{"start":{"line":64,"column":36},"end":{"line":64,"column":64}}],"line":64},"8":{"loc":{"start":{"line":65,"column":12},"end":{"line":65,"column":80}},"type":"binary-expr","locations":[{"start":{"line":65,"column":12},"end":{"line":65,"column":34}},{"start":{"line":65,"column":38},"end":{"line":65,"column":80}}],"line":65},"9":{"loc":{"start":{"line":66,"column":12},"end":{"line":66,"column":68}},"type":"binary-expr","locations":[{"start":{"line":66,"column":12},"end":{"line":66,"column":30}},{"start":{"line":66,"column":34},"end":{"line":66,"column":68}}],"line":66},"10":{"loc":{"start":{"line":90,"column":12},"end":{"line":92,"column":13}},"type":"if","locations":[{"start":{"line":90,"column":12},"end":{"line":92,"column":13}},{"start":{},"end":{}}],"line":90},"11":{"loc":{"start":{"line":127,"column":11},"end":{"line":127,"column":49}},"type":"binary-expr","locations":[{"start":{"line":127,"column":11},"end":{"line":127,"column":44}},{"start":{"line":127,"column":48},"end":{"line":127,"column":49}}],"line":127}},"s":{"0":0,"1":0,"2":0,"3":0,"4":0,"5":0,"6":0,"7":0,"8":0,"9":0,"10":0,"11":0,"12":0,"13":0,"14":0,"15":0,"16":0,"17":0,"18":0,"19":0,"20":0,"21":0,"22":0,"23":0,"24":0,"25":0,"26":0,"27":0,"28":0,"29":0,"30":0,"31":0,"32":0,"33":0,"34":0},"f":{"0":0,"1":0,"2":0,"3":0,"4":0,"5":0,"6":0,"7":0},"b":{"0":[0,0],"1":[0,0],"2":[0,0],"3":[0,0],"4":[0,0],"5":[0],"6":[0,0],"7":[0,0],"8":[0,0],"9":[0,0],"10":[0,0],"11":[0,0]}}
,"/Users/nicklaye/Desktop/Cursor Projects/Health Check amoCRM/server/utils/http-helpers.js": {"path":"/Users/nicklaye/Desktop/Cursor Projects/Health Check amoCRM/server/utils/http-helpers.js","statementMap":{"0":{"start":{"line":6,"column":24},"end":{"line":6,"column":54}},"1":{"start":{"line":14,"column":2},"end":{"line":14,"column":88}},"2":{"start":{"line":23,"column":2},"end":{"line":23,"column":97}},"3":{"start":{"line":32,"column":2},"end":{"line":32,"column":52}},"4":{"start":{"line":42,"column":19},"end":{"line":42,"column":59}},"5":{"start":{"line":43,"column":2},"end":{"line":43,"column":40}},"6":{"start":{"line":53,"column":2},"end":{"line":60,"column":4}},"7":{"start":{"line":59,"column":26},"end":{"line":59,"column":30}},"8":{"start":{"line":69,"column":2},"end":{"line":77,"column":3}},"9":{"start":{"line":70,"column":19},"end":{"line":70,"column":40}},"10":{"start":{"line":71,"column":23},"end":{"line":75,"column":13}},"11":{"start":{"line":76,"column":4},"end":{"line":76,"column":75}},"12":{"start":{"line":78,"column":2},"end":{"line":80,"column":3}},"13":{"start":{"line":79,"column":4},"end":{"line":79,"column":29}},"14":{"start":{"line":81,"column":2},"end":{"line":83,"column":3}},"15":{"start":{"line":82,"column":4},"end":{"line":82,"column":42}},"16":{"start":{"line":84,"column":2},"end":{"line":86,"column":3}},"17":{"start":{"line":85,"column":4},"end":{"line":85,"column":46}},"18":{"start":{"line":87,"column":2},"end":{"line":87,"column":42}},"19":{"start":{"line":90,"column":0},"end":{"line":97,"column":2}}},"fnMap":{"0":{"name":"isSuccessStatus","decl":{"start":{"line":13,"column":9},"end":{"line":13,"column":24}},"loc":{"start":{"line":13,"column":37},"end":{"line":15,"column":1}},"line":13},"1":{"name":"isClientError","decl":{"start":{"line":22,"column":9},"end":{"line":22,"column":22}},"loc":{"start":{"line":22,"column":35},"end":{"line":24,"column":1}},"line":22},"2":{"name":"isServerError","decl":{"start":{"line":31,"column":9},"end":{"line":31,"column":22}},"loc":{"start":{"line":31,"column":35},"end":{"line":33,"column":1}},"line":31},"3":{"name":"buildAmoCRMUrl","decl":{"start":{"line":41,"column":9},"end":{"line":41,"column":23}},"loc":{"start":{"line":41,"column":38},"end":{"line":44,"column":1}},"line":41},"4":{"name":"createAuthConfig","decl":{"start":{"line":52,"column":9},"end":{"line":52,"column":25}},"loc":{"start":{"line":52,"column":56},"end":{"line":61,"column":1}},"line":52},"5":{"name":"(anonymous_5)","decl":{"start":{"line":59,"column":20},"end":{"line":59,"column":21}},"loc":{"start":{"line":59,"column":26},"end":{"line":59,"column":30}},"line":59},"6":{"name":"extractErrorMessage","decl":{"start":{"line":68,"column":9},"end":{"line":68,"column":28}},"loc":{"start":{"line":68,"column":36},"end":{"line":88,"column":1}},"line":68}},"branchMap":{"0":{"loc":{"start":{"line":14,"column":9},"end":{"line":14,"column":87}},"type":"binary-expr","locations":[{"start":{"line":14,"column":9},"end":{"line":14,"column":46}},{"start":{"line":14,"column":50},"end":{"line":14,"column":87}}],"line":14},"1":{"loc":{"start":{"line":23,"column":9},"end":{"line":23,"column":96}},"type":"binary-expr","locations":[{"start":{"line":23,"column":9},"end":{"line":23,"column":51}},{"start":{"line":23,"column":55},"end":{"line":23,"column":96}}],"line":23},"2":{"loc":{"start":{"line":42,"column":19},"end":{"line":42,"column":59}},"type":"cond-expr","locations":[{"start":{"line":42,"column":42},"end":{"line":42,"column":46}},{"start":{"line":42,"column":49},"end":{"line":42,"column":59}}],"line":42},"3":{"loc":{"start":{"line":52,"column":39},"end":{"line":52,"column":54}},"type":"default-arg","locations":[{"start":{"line":52,"column":49},"end":{"line":52,"column":54}}],"line":52},"4":{"loc":{"start":{"line":69,"column":2},"end":{"line":77,"column":3}},"type":"if","locations":[{"start":{"line":69,"column":2},"end":{"line":77,"column":3}},{"start":{},"end":{}}],"line":69},"5":{"loc":{"start":{"line":71,"column":23},"end":{"line":75,"column":13}},"type":"binary-expr","locations":[{"start":{"line":71,"column":23},"end":{"line":71,"column":48}},{"start":{"line":72,"column":9},"end":{"line":72,"column":35}},{"start":{"line":73,"column":9},"end":{"line":73,"column":37}},{"start":{"line":74,"column":9},"end":{"line":74,"column":22}},{"start":{"line":75,"column":9},"end":{"line":75,"column":13}}],"line":71},"6":{"loc":{"start":{"line":76,"column":11},"end":{"line":76,"column":74}},"type":"cond-expr","locations":[{"start":{"line":76,"column":24},"end":{"line":76,"column":55}},{"start":{"line":76,"column":58},"end":{"line":76,"column":74}}],"line":76},"7":{"loc":{"start":{"line":78,"column":2},"end":{"line":80,"column":3}},"type":"if","locations":[{"start":{"line":78,"column":2},"end":{"line":80,"column":3}},{"start":{},"end":{}}],"line":78},"8":{"loc":{"start":{"line":81,"column":2},"end":{"line":83,"column":3}},"type":"if","locations":[{"start":{"line":81,"column":2},"end":{"line":83,"column":3}},{"start":{},"end":{}}],"line":81},"9":{"loc":{"start":{"line":84,"column":2},"end":{"line":86,"column":3}},"type":"if","locations":[{"start":{"line":84,"column":2},"end":{"line":86,"column":3}},{"start":{},"end":{}}],"line":84},"10":{"loc":{"start":{"line":87,"column":9},"end":{"line":87,"column":41}},"type":"binary-expr","locations":[{"start":{"line":87,"column":9},"end":{"line":87,"column":22}},{"start":{"line":87,"column":26},"end":{"line":87,"column":41}}],"line":87}},"s":{"0":0,"1":0,"2":0,"3":0,"4":0,"5":0,"6":0,"7":0,"8":0,"9":0,"10":0,"11":0,"12":0,"13":0,"14":0,"15":0,"16":0,"17":0,"18":0,"19":0},"f":{"0":0,"1":0,"2":0,"3":0,"4":0,"5":0,"6":0},"b":{"0":[0,0],"1":[0,0],"2":[0,0],"3":[0],"4":[0,0],"5":[0,0,0,0,0],"6":[0,0],"7":[0,0],"8":[0,0],"9":[0,0],"10":[0,0]}}
,"/Users/nicklaye/Desktop/Cursor Projects/Health Check amoCRM/server/utils/logger.js": {"path":"/Users/nicklaye/Desktop/Cursor Projects/Health Check amoCRM/server/utils/logger.js","statementMap":{"0":{"start":{"line":6,"column":16},"end":{"line":6,"column":34}},"1":{"start":{"line":7,"column":24},"end":{"line":7,"column":60}},"2":{"start":{"line":8,"column":13},"end":{"line":8,"column":28}},"3":{"start":{"line":9,"column":11},"end":{"line":9,"column":24}},"4":{"start":{"line":12,"column":16},"end":{"line":12,"column":50}},"5":{"start":{"line":13,"column":0},"end":{"line":15,"column":1}},"6":{"start":{"line":14,"column":2},"end":{"line":14,"column":45}},"7":{"start":{"line":18,"column":18},"end":{"line":37,"column":1}},"8":{"start":{"line":23,"column":14},"end":{"line":23,"column":55}},"9":{"start":{"line":24,"column":4},"end":{"line":26,"column":5}},"10":{"start":{"line":25,"column":6},"end":{"line":25,"column":29}},"11":{"start":{"line":27,"column":4},"end":{"line":27,"column":25}},"12":{"start":{"line":30,"column":21},"end":{"line":30,"column":38}},"13":{"start":{"line":31,"column":4},"end":{"line":33,"column":5}},"14":{"start":{"line":32,"column":6},"end":{"line":32,"column":40}},"15":{"start":{"line":35,"column":4},"end":{"line":35,"column":15}},"16":{"start":{"line":40,"column":23},"end":{"line":47,"column":2}},"17":{"start":{"line":50,"column":26},"end":{"line":56,"column":2}},"18":{"start":{"line":59,"column":25},"end":{"line":64,"column":2}},"19":{"start":{"line":67,"column":19},"end":{"line":76,"column":2}},"20":{"start":{"line":79,"column":0},"end":{"line":81,"column":1}},"21":{"start":{"line":80,"column":2},"end":{"line":80,"column":35}},"22":{"start":{"line":84,"column":0},"end":{"line":92,"column":2}},"23":{"start":{"line":95,"column":0},"end":{"line":103,"column":2}},"24":{"start":{"line":110,"column":4},"end":{"line":110,"column":27}},"25":{"start":{"line":119,"column":4},"end":{"line":119,"column":65}},"26":{"start":{"line":128,"column":4},"end":{"line":128,"column":65}},"27":{"start":{"line":137,"column":4},"end":{"line":147,"column":5}},"28":{"start":{"line":138,"column":6},"end":{"line":142,"column":9}},"29":{"start":{"line":143,"column":11},"end":{"line":147,"column":5}},"30":{"start":{"line":144,"column":6},"end":{"line":144,"column":69}},"31":{"start":{"line":146,"column":6},"end":{"line":146,"column":59}},"32":{"start":{"line":156,"column":4},"end":{"line":156,"column":66}},"33":{"start":{"line":167,"column":4},"end":{"line":173,"column":7}},"34":{"start":{"line":183,"column":2},"end":{"line":183,"column":29}},"35":{"start":{"line":192,"column":2},"end":{"line":192,"column":20}},"36":{"start":{"line":195,"column":0},"end":{"line":199,"column":2}}},"fnMap":{"0":{"name":"(anonymous_0)","decl":{"start":{"line":22,"column":24},"end":{"line":22,"column":25}},"loc":{"start":{"line":22,"column":77},"end":{"line":36,"column":3}},"line":22},"1":{"name":"(anonymous_1)","decl":{"start":{"line":109,"column":2},"end":{"line":109,"column":3}},"loc":{"start":{"line":109,"column":23},"end":{"line":111,"column":3}},"line":109},"2":{"name":"(anonymous_2)","decl":{"start":{"line":118,"column":2},"end":{"line":118,"column":3}},"loc":{"start":{"line":118,"column":27},"end":{"line":120,"column":3}},"line":118},"3":{"name":"(anonymous_3)","decl":{"start":{"line":127,"column":2},"end":{"line":127,"column":3}},"loc":{"start":{"line":127,"column":27},"end":{"line":129,"column":3}},"line":127},"4":{"name":"(anonymous_4)","decl":{"start":{"line":136,"column":2},"end":{"line":136,"column":3}},"loc":{"start":{"line":136,"column":31},"end":{"line":148,"column":3}},"line":136},"5":{"name":"(anonymous_5)","decl":{"start":{"line":155,"column":2},"end":{"line":155,"column":3}},"loc":{"start":{"line":155,"column":28},"end":{"line":157,"column":3}},"line":155},"6":{"name":"(anonymous_6)","decl":{"start":{"line":166,"column":2},"end":{"line":166,"column":3}},"loc":{"start":{"line":166,"column":46},"end":{"line":174,"column":3}},"line":166},"7":{"name":"createLogger","decl":{"start":{"line":182,"column":9},"end":{"line":182,"column":21}},"loc":{"start":{"line":182,"column":31},"end":{"line":184,"column":1}},"line":182},"8":{"name":"getWinstonLogger","decl":{"start":{"line":191,"column":9},"end":{"line":191,"column":25}},"loc":{"start":{"line":191,"column":28},"end":{"line":193,"column":1}},"line":191}},"branchMap":{"0":{"loc":{"start":{"line":13,"column":0},"end":{"line":15,"column":1}},"type":"if","locations":[{"start":{"line":13,"column":0},"end":{"line":15,"column":1}},{"start":{},"end":{}}],"line":13},"1":{"loc":{"start":{"line":24,"column":4},"end":{"line":26,"column":5}},"type":"if","locations":[{"start":{"line":24,"column":4},"end":{"line":26,"column":5}},{"start":{},"end":{}}],"line":24},"2":{"loc":{"start":{"line":31,"column":4},"end":{"line":33,"column":5}},"type":"if","locations":[{"start":{"line":31,"column":4},"end":{"line":33,"column":5}},{"start":{},"end":{}}],"line":31},"3":{"loc":{"start":{"line":68,"column":9},"end":{"line":68,"column":92}},"type":"binary-expr","locations":[{"start":{"line":68,"column":9},"end":{"line":68,"column":30}},{"start":{"line":68,"column":35},"end":{"line":68,"column":91}}],"line":68},"4":{"loc":{"start":{"line":68,"column":35},"end":{"line":68,"column":91}},"type":"cond-expr","locations":[{"start":{"line":68,"column":75},"end":{"line":68,"column":81}},{"start":{"line":68,"column":84},"end":{"line":68,"column":91}}],"line":68},"5":{"loc":{"start":{"line":79,"column":0},"end":{"line":81,"column":1}},"type":"if","locations":[{"start":{"line":79,"column":0},"end":{"line":81,"column":1}},{"start":{},"end":{}}],"line":79},"6":{"loc":{"start":{"line":79,"column":4},"end":{"line":79,"column":80}},"type":"binary-expr","locations":[{"start":{"line":79,"column":4},"end":{"line":79,"column":41}},{"start":{"line":79,"column":45},"end":{"line":79,"column":80}}],"line":79},"7":{"loc":{"start":{"line":118,"column":16},"end":{"line":118,"column":25}},"type":"default-arg","locations":[{"start":{"line":118,"column":23},"end":{"line":118,"column":25}}],"line":118},"8":{"loc":{"start":{"line":127,"column":16},"end":{"line":127,"column":25}},"type":"default-arg","locations":[{"start":{"line":127,"column":23},"end":{"line":127,"column":25}}],"line":127},"9":{"loc":{"start":{"line":136,"column":17},"end":{"line":136,"column":29}},"type":"default-arg","locations":[{"start":{"line":136,"column":25},"end":{"line":136,"column":29}}],"line":136},"10":{"loc":{"start":{"line":137,"column":4},"end":{"line":147,"column":5}},"type":"if","locations":[{"start":{"line":137,"column":4},"end":{"line":147,"column":5}},{"start":{"line":143,"column":11},"end":{"line":147,"column":5}}],"line":137},"11":{"loc":{"start":{"line":143,"column":11},"end":{"line":147,"column":5}},"type":"if","locations":[{"start":{"line":143,"column":11},"end":{"line":147,"column":5}},{"start":{"line":145,"column":11},"end":{"line":147,"column":5}}],"line":143},"12":{"loc":{"start":{"line":155,"column":17},"end":{"line":155,"column":26}},"type":"default-arg","locations":[{"start":{"line":155,"column":24},"end":{"line":155,"column":26}}],"line":155}},"s":{"0":0,"1":0,"2":0,"3":0,"4":0,"5":0,"6":0,"7":0,"8":0,"9":0,"10":0,"11":0,"12":0,"13":0,"14":0,"15":0,"16":0,"17":0,"18":0,"19":0,"20":0,"21":0,"22":0,"23":0,"24":0,"25":0,"26":0,"27":0,"28":0,"29":0,"30":0,"31":0,"32":0,"33":0,"34":0,"35":0,"36":0},"f":{"0":0,"1":0,"2":0,"3":0,"4":0,"5":0,"6":0,"7":0,"8":0},"b":{"0":[0,0],"1":[0,0],"2":[0,0],"3":[0,0],"4":[0,0],"5":[0,0],"6":[0,0],"7":[0],"8":[0],"9":[0],"10":[0,0],"11":[0,0],"12":[0]}}
}
