TN:
SF:server/api.js
FN:21,(anonymous_0)
FN:34,(anonymous_1)
FN:44,(anonymous_2)
FN:57,(anonymous_3)
FN:69,(anonymous_4)
FN:160,(anonymous_5)
FN:191,(anonymous_6)
FN:198,(anonymous_7)
FN:221,(anonymous_8)
FN:222,(anonymous_9)
FN:240,startHeartbeat
FN:241,(anonymous_11)
FN:245,(anonymous_12)
FN:256,(anonymous_13)
FN:273,broadcastUpdate
FN:284,(anonymous_15)
FN:294,(anonymous_16)
FN:301,(anonymous_17)
FN:308,(anonymous_18)
FN:323,(anonymous_19)
FN:338,(anonymous_20)
FN:342,(anonymous_21)
FN:352,(anonymous_22)
FN:353,(anonymous_23)
FN:358,(anonymous_24)
FN:373,(anonymous_25)
FN:380,(anonymous_26)
FN:383,(anonymous_27)
FN:390,(anonymous_28)
FN:391,(anonymous_29)
FN:396,(anonymous_30)
FNF:31
FNH:5
FNDA:0,(anonymous_0)
FNDA:1,(anonymous_1)
FNDA:4,(anonymous_2)
FNDA:2,(anonymous_3)
FNDA:2,(anonymous_4)
FNDA:2,(anonymous_5)
FNDA:0,(anonymous_6)
FNDA:0,(anonymous_7)
FNDA:0,(anonymous_8)
FNDA:0,(anonymous_9)
FNDA:0,startHeartbeat
FNDA:0,(anonymous_11)
FNDA:0,(anonymous_12)
FNDA:0,(anonymous_13)
FNDA:0,broadcastUpdate
FNDA:0,(anonymous_15)
FNDA:0,(anonymous_16)
FNDA:0,(anonymous_17)
FNDA:0,(anonymous_18)
FNDA:0,(anonymous_19)
FNDA:0,(anonymous_20)
FNDA:0,(anonymous_21)
FNDA:0,(anonymous_22)
FNDA:0,(anonymous_23)
FNDA:0,(anonymous_24)
FNDA:0,(anonymous_25)
FNDA:0,(anonymous_26)
FNDA:0,(anonymous_27)
FNDA:0,(anonymous_28)
FNDA:0,(anonymous_29)
FNDA:0,(anonymous_30)
DA:1,1
DA:2,1
DA:3,1
DA:4,1
DA:5,1
DA:6,1
DA:7,1
DA:8,1
DA:10,1
DA:11,1
DA:14,1
DA:17,1
DA:18,1
DA:21,1
DA:22,0
DA:34,1
DA:35,1
DA:36,1
DA:44,1
DA:45,4
DA:47,4
DA:49,3
DA:57,1
DA:58,2
DA:59,2
DA:61,2
DA:69,1
DA:70,2
DA:72,2
DA:73,2
DA:75,2
DA:77,10
DA:80,10
DA:81,10
DA:82,10
DA:106,10
DA:109,0
DA:152,2
DA:160,1
DA:161,2
DA:162,2
DA:163,2
DA:165,2
DA:168,2
DA:170,2
DA:179,2
DA:180,2
DA:185,2
DA:186,1
DA:191,1
DA:192,0
DA:193,0
DA:194,0
DA:198,1
DA:200,0
DA:201,0
DA:202,0
DA:203,0
DA:206,0
DA:209,0
DA:210,0
DA:211,0
DA:213,0
DA:216,0
DA:217,0
DA:221,0
DA:222,0
DA:223,0
DA:224,0
DA:226,0
DA:229,0
DA:230,0
DA:231,0
DA:232,0
DA:241,0
DA:242,0
DA:243,0
DA:245,0
DA:246,0
DA:247,0
DA:248,0
DA:250,0
DA:251,0
DA:256,0
DA:257,0
DA:258,0
DA:259,0
DA:262,0
DA:263,0
DA:267,0
DA:274,0
DA:276,0
DA:283,0
DA:284,0
DA:285,0
DA:286,0
DA:288,0
DA:289,0
DA:294,0
DA:295,0
DA:296,0
DA:301,1
DA:302,0
DA:306,1
DA:308,1
DA:309,0
DA:311,0
DA:313,0
DA:314,0
DA:315,0
DA:316,0
DA:317,0
DA:319,0
DA:323,1
DA:324,0
DA:326,0
DA:328,0
DA:329,0
DA:330,0
DA:331,0
DA:332,0
DA:334,0
DA:338,1
DA:339,0
DA:341,0
DA:342,0
DA:343,0
DA:344,0
DA:345,0
DA:347,0
DA:352,0
DA:353,0
DA:357,0
DA:358,0
DA:359,0
DA:360,0
DA:363,0
DA:364,0
DA:365,0
DA:366,0
DA:367,0
DA:369,0
DA:373,1
DA:374,0
DA:376,0
DA:377,0
DA:379,0
DA:380,0
DA:381,0
DA:382,0
DA:383,0
DA:385,0
DA:390,0
DA:391,0
DA:395,0
DA:396,0
DA:397,0
DA:398,0
DA:401,0
DA:408,0
DA:411,1
LF:161
LH:56
BRDA:25,0,0,0
BRDA:25,0,1,0
BRDA:26,1,0,0
BRDA:26,1,1,0
BRDA:27,2,0,0
BRDA:27,2,1,0
BRDA:45,3,0,3
BRDA:47,4,0,4
BRDA:47,4,1,3
BRDA:58,5,0,1
BRDA:70,6,0,1
BRDA:80,7,0,10
BRDA:80,7,1,0
BRDA:144,8,0,0
BRDA:144,8,1,0
BRDA:165,9,0,1
BRDA:165,9,1,1
BRDA:171,10,0,1
BRDA:171,10,1,1
BRDA:179,11,0,1
BRDA:179,11,1,1
BRDA:185,12,0,1
BRDA:185,12,1,1
BRDA:216,13,0,0
BRDA:216,13,1,0
BRDA:216,14,0,0
BRDA:216,14,1,0
BRDA:223,15,0,0
BRDA:223,15,1,0
BRDA:229,16,0,0
BRDA:229,16,1,0
BRDA:229,17,0,0
BRDA:229,17,1,0
BRDA:262,18,0,0
BRDA:262,18,1,0
BRDA:274,19,0,0
BRDA:274,19,1,0
BRDA:309,20,0,0
BRDA:309,21,0,0
BRDA:311,22,0,0
BRDA:311,22,1,0
BRDA:313,23,0,0
BRDA:313,23,1,0
BRDA:324,24,0,0
BRDA:324,25,0,0
BRDA:328,26,0,0
BRDA:328,26,1,0
BRDA:339,27,0,0
BRDA:339,28,0,0
BRDA:363,29,0,0
BRDA:363,29,1,0
BRDA:374,30,0,0
BRF:52
BRH:14
end_of_record
TN:
SF:server/database.js
FN:12,(anonymous_0)
FN:21,(anonymous_1)
FN:27,(anonymous_2)
FN:28,(anonymous_3)
FN:29,(anonymous_4)
FN:43,(anonymous_5)
FN:44,(anonymous_6)
FN:45,(anonymous_7)
FN:57,(anonymous_8)
FN:76,(anonymous_9)
FN:118,(anonymous_10)
FN:132,(anonymous_11)
FN:133,(anonymous_12)
FN:141,(anonymous_13)
FN:153,(anonymous_14)
FN:154,(anonymous_15)
FN:171,(anonymous_16)
FN:182,(anonymous_17)
FN:183,(anonymous_18)
FN:190,(anonymous_19)
FN:208,(anonymous_20)
FN:209,(anonymous_21)
FN:225,(anonymous_22)
FN:242,(anonymous_23)
FN:243,(anonymous_24)
FN:248,(anonymous_25)
FN:260,(anonymous_26)
FN:261,(anonymous_27)
FN:267,(anonymous_28)
FN:279,(anonymous_29)
FN:280,(anonymous_30)
FN:286,(anonymous_31)
FN:298,(anonymous_32)
FN:299,(anonymous_33)
FN:306,(anonymous_34)
FN:318,(anonymous_35)
FN:319,(anonymous_36)
FN:325,(anonymous_37)
FN:337,(anonymous_38)
FN:338,(anonymous_39)
FN:340,(anonymous_40)
FN:348,(anonymous_41)
FN:363,(anonymous_42)
FN:364,(anonymous_43)
FN:372,(anonymous_44)
FN:393,(anonymous_45)
FN:394,(anonymous_46)
FN:405,(anonymous_47)
FN:421,(anonymous_48)
FN:439,(anonymous_49)
FN:440,(anonymous_50)
FN:447,(anonymous_51)
FN:461,(anonymous_52)
FN:462,(anonymous_53)
FN:471,(anonymous_54)
FN:495,(anonymous_55)
FN:496,(anonymous_56)
FN:504,(anonymous_57)
FN:515,(anonymous_58)
FN:516,(anonymous_59)
FN:524,(anonymous_60)
FN:540,(anonymous_61)
FN:541,(anonymous_62)
FN:546,(anonymous_63)
FN:555,(anonymous_64)
FN:560,(anonymous_65)
FN:569,(anonymous_66)
FN:574,(anonymous_67)
FN:581,(anonymous_68)
FN:593,(anonymous_69)
FN:602,(anonymous_70)
FN:624,(anonymous_71)
FN:634,(anonymous_72)
FN:698,(anonymous_73)
FN:699,(anonymous_74)
FN:701,(anonymous_75)
FNF:76
FNH:1
FNDA:2,(anonymous_0)
FNDA:0,(anonymous_1)
FNDA:0,(anonymous_2)
FNDA:0,(anonymous_3)
FNDA:0,(anonymous_4)
FNDA:0,(anonymous_5)
FNDA:0,(anonymous_6)
FNDA:0,(anonymous_7)
FNDA:0,(anonymous_8)
FNDA:0,(anonymous_9)
FNDA:0,(anonymous_10)
FNDA:0,(anonymous_11)
FNDA:0,(anonymous_12)
FNDA:0,(anonymous_13)
FNDA:0,(anonymous_14)
FNDA:0,(anonymous_15)
FNDA:0,(anonymous_16)
FNDA:0,(anonymous_17)
FNDA:0,(anonymous_18)
FNDA:0,(anonymous_19)
FNDA:0,(anonymous_20)
FNDA:0,(anonymous_21)
FNDA:0,(anonymous_22)
FNDA:0,(anonymous_23)
FNDA:0,(anonymous_24)
FNDA:0,(anonymous_25)
FNDA:0,(anonymous_26)
FNDA:0,(anonymous_27)
FNDA:0,(anonymous_28)
FNDA:0,(anonymous_29)
FNDA:0,(anonymous_30)
FNDA:0,(anonymous_31)
FNDA:0,(anonymous_32)
FNDA:0,(anonymous_33)
FNDA:0,(anonymous_34)
FNDA:0,(anonymous_35)
FNDA:0,(anonymous_36)
FNDA:0,(anonymous_37)
FNDA:0,(anonymous_38)
FNDA:0,(anonymous_39)
FNDA:0,(anonymous_40)
FNDA:0,(anonymous_41)
FNDA:0,(anonymous_42)
FNDA:0,(anonymous_43)
FNDA:0,(anonymous_44)
FNDA:0,(anonymous_45)
FNDA:0,(anonymous_46)
FNDA:0,(anonymous_47)
FNDA:0,(anonymous_48)
FNDA:0,(anonymous_49)
FNDA:0,(anonymous_50)
FNDA:0,(anonymous_51)
FNDA:0,(anonymous_52)
FNDA:0,(anonymous_53)
FNDA:0,(anonymous_54)
FNDA:0,(anonymous_55)
FNDA:0,(anonymous_56)
FNDA:0,(anonymous_57)
FNDA:0,(anonymous_58)
FNDA:0,(anonymous_59)
FNDA:0,(anonymous_60)
FNDA:0,(anonymous_61)
FNDA:0,(anonymous_62)
FNDA:0,(anonymous_63)
FNDA:0,(anonymous_64)
FNDA:0,(anonymous_65)
FNDA:0,(anonymous_66)
FNDA:0,(anonymous_67)
FNDA:0,(anonymous_68)
FNDA:0,(anonymous_69)
FNDA:0,(anonymous_70)
FNDA:0,(anonymous_71)
FNDA:0,(anonymous_72)
FNDA:0,(anonymous_73)
FNDA:0,(anonymous_74)
FNDA:0,(anonymous_75)
DA:1,2
DA:2,2
DA:3,2
DA:5,2
DA:6,2
DA:9,2
DA:13,2
DA:22,0
DA:23,0
DA:28,0
DA:29,0
DA:30,0
DA:31,0
DA:32,0
DA:33,0
DA:35,0
DA:36,0
DA:44,0
DA:45,0
DA:47,0
DA:58,0
DA:59,0
DA:60,0
DA:61,0
DA:66,0
DA:77,0
DA:78,0
DA:79,0
DA:80,0
DA:86,0
DA:91,0
DA:96,0
DA:103,0
DA:109,0
DA:115,0
DA:119,0
DA:120,0
DA:121,0
DA:123,0
DA:124,0
DA:133,0
DA:134,0
DA:135,0
DA:137,0
DA:139,0
DA:141,0
DA:142,0
DA:143,0
DA:145,0
DA:154,0
DA:155,0
DA:156,0
DA:160,0
DA:162,0
DA:163,0
DA:164,0
DA:167,0
DA:169,0
DA:171,0
DA:172,0
DA:173,0
DA:175,0
DA:183,0
DA:184,0
DA:185,0
DA:191,0
DA:192,0
DA:195,0
DA:196,0
DA:197,0
DA:209,0
DA:210,0
DA:211,0
DA:218,0
DA:220,0
DA:221,0
DA:222,0
DA:225,0
DA:226,0
DA:227,0
DA:229,0
DA:230,0
DA:243,0
DA:244,0
DA:249,0
DA:250,0
DA:252,0
DA:261,0
DA:262,0
DA:268,0
DA:269,0
DA:271,0
DA:280,0
DA:281,0
DA:287,0
DA:288,0
DA:290,0
DA:299,0
DA:300,0
DA:307,0
DA:308,0
DA:310,0
DA:319,0
DA:320,0
DA:326,0
DA:327,0
DA:329,0
DA:338,0
DA:339,0
DA:340,0
DA:341,0
DA:345,0
DA:349,0
DA:350,0
DA:351,0
DA:353,0
DA:354,0
DA:364,0
DA:365,0
DA:367,0
DA:373,0
DA:374,0
DA:375,0
DA:378,0
DA:379,0
DA:380,0
DA:383,0
DA:384,0
DA:394,0
DA:395,0
DA:397,0
DA:406,0
DA:407,0
DA:408,0
DA:412,0
DA:422,0
DA:423,0
DA:424,0
DA:426,0
DA:440,0
DA:441,0
DA:443,0
DA:448,0
DA:449,0
DA:450,0
DA:452,0
DA:462,0
DA:463,0
DA:465,0
DA:472,0
DA:473,0
DA:474,0
DA:477,0
DA:478,0
DA:479,0
DA:480,0
DA:483,0
DA:484,0
DA:486,0
DA:496,0
DA:497,0
DA:499,0
DA:505,0
DA:506,0
DA:507,0
DA:509,0
DA:516,0
DA:517,0
DA:519,0
DA:525,0
DA:526,0
DA:527,0
DA:529,0
DA:541,0
DA:542,0
DA:543,0
DA:546,0
DA:547,0
DA:555,0
DA:560,0
DA:561,0
DA:569,0
DA:574,0
DA:575,0
DA:581,0
DA:585,0
DA:588,0
DA:593,0
DA:594,0
DA:602,0
DA:607,0
DA:613,0
DA:614,0
DA:615,0
DA:618,0
DA:619,0
DA:624,0
DA:625,0
DA:634,0
DA:638,0
DA:643,0
DA:644,0
DA:645,0
DA:647,0
DA:651,0
DA:654,0
DA:659,0
DA:692,0
DA:693,0
DA:699,0
DA:700,0
DA:701,0
DA:702,0
DA:703,0
DA:704,0
DA:706,0
DA:707,0
DA:711,0
DA:717,2
LF:219
LH:8
BRDA:21,0,0,0
BRDA:22,1,0,0
BRDA:22,1,1,0
BRDA:30,2,0,0
BRDA:30,2,1,0
BRDA:58,3,0,0
BRDA:58,3,1,0
BRDA:77,4,0,0
BRDA:77,4,1,0
BRDA:119,5,0,0
BRDA:119,5,1,0
BRDA:132,6,0,0
BRDA:142,7,0,0
BRDA:142,7,1,0
BRDA:153,8,0,0
BRDA:153,9,0,0
BRDA:162,10,0,0
BRDA:162,10,1,0
BRDA:172,11,0,0
BRDA:172,11,1,0
BRDA:182,12,0,0
BRDA:191,13,0,0
BRDA:191,13,1,0
BRDA:195,14,0,0
BRDA:195,14,1,0
BRDA:208,15,0,0
BRDA:208,16,0,0
BRDA:220,17,0,0
BRDA:220,17,1,0
BRDA:226,18,0,0
BRDA:226,18,1,0
BRDA:229,19,0,0
BRDA:229,19,1,0
BRDA:249,20,0,0
BRDA:249,20,1,0
BRDA:268,21,0,0
BRDA:268,21,1,0
BRDA:279,22,0,0
BRDA:287,23,0,0
BRDA:287,23,1,0
BRDA:307,24,0,0
BRDA:307,24,1,0
BRDA:326,25,0,0
BRDA:326,25,1,0
BRDA:329,26,0,0
BRDA:329,26,1,0
BRDA:349,27,0,0
BRDA:349,27,1,0
BRDA:363,28,0,0
BRDA:373,29,0,0
BRDA:373,29,1,0
BRDA:378,30,0,0
BRDA:378,30,1,0
BRDA:406,31,0,0
BRDA:406,31,1,0
BRDA:422,32,0,0
BRDA:422,32,1,0
BRDA:427,33,0,0
BRDA:427,33,1,0
BRDA:428,34,0,0
BRDA:428,34,1,0
BRDA:429,35,0,0
BRDA:429,35,1,0
BRDA:430,36,0,0
BRDA:430,36,1,0
BRDA:431,37,0,0
BRDA:431,37,1,0
BRDA:448,38,0,0
BRDA:448,38,1,0
BRDA:453,39,0,0
BRDA:453,39,1,0
BRDA:454,40,0,0
BRDA:454,40,1,0
BRDA:472,41,0,0
BRDA:472,41,1,0
BRDA:477,42,0,0
BRDA:477,42,1,0
BRDA:478,43,0,0
BRDA:478,43,1,0
BRDA:505,44,0,0
BRDA:505,44,1,0
BRDA:509,45,0,0
BRDA:509,45,1,0
BRDA:525,46,0,0
BRDA:525,46,1,0
BRDA:529,47,0,0
BRDA:529,47,1,0
BRDA:540,48,0,0
BRDA:555,49,0,0
BRDA:555,49,1,0
BRDA:569,50,0,0
BRDA:569,50,1,0
BRDA:581,51,0,0
BRDA:581,51,1,0
BRDA:585,52,0,0
BRDA:585,52,1,0
BRDA:586,53,0,0
BRDA:586,53,1,0
BRDA:588,54,0,0
BRDA:588,54,1,0
BRDA:589,55,0,0
BRDA:589,55,1,0
BRDA:602,56,0,0
BRDA:602,56,1,0
BRDA:607,57,0,0
BRDA:607,57,1,0
BRDA:607,58,0,0
BRDA:607,58,1,0
BRDA:613,59,0,0
BRDA:613,59,1,0
BRDA:614,60,0,0
BRDA:614,60,1,0
BRDA:615,61,0,0
BRDA:615,61,1,0
BRDA:618,62,0,0
BRDA:618,62,1,0
BRDA:618,62,2,0
BRDA:619,63,0,0
BRDA:619,63,1,0
BRDA:634,64,0,0
BRDA:634,64,1,0
BRDA:638,65,0,0
BRDA:638,65,1,0
BRDA:638,66,0,0
BRDA:638,66,1,0
BRDA:639,67,0,0
BRDA:639,67,1,0
BRDA:639,68,0,0
BRDA:639,68,1,0
BRDA:643,69,0,0
BRDA:643,69,1,0
BRDA:644,70,0,0
BRDA:644,70,1,0
BRDA:645,71,0,0
BRDA:645,71,1,0
BRDA:647,72,0,0
BRDA:647,72,1,0
BRDA:654,73,0,0
BRDA:654,73,1,0
BRDA:676,74,0,0
BRDA:676,74,1,0
BRDA:679,75,0,0
BRDA:679,75,1,0
BRDA:680,76,0,0
BRDA:680,76,1,0
BRDA:685,77,0,0
BRDA:685,77,1,0
BRDA:685,77,2,0
BRDA:700,78,0,0
BRDA:700,78,1,0
BRDA:702,79,0,0
BRDA:702,79,1,0
BRF:152
BRH:0
end_of_record
TN:
SF:server/monitor.js
FN:23,(anonymous_0)
FN:32,(anonymous_1)
FN:53,(anonymous_2)
FN:63,(anonymous_3)
FN:64,(anonymous_4)
FN:74,(anonymous_5)
FN:89,(anonymous_6)
FN:101,(anonymous_7)
FN:126,(anonymous_8)
FN:140,(anonymous_9)
FN:167,(anonymous_10)
FN:175,(anonymous_11)
FN:199,(anonymous_12)
FN:211,(anonymous_13)
FN:234,(anonymous_14)
FN:242,(anonymous_15)
FN:265,(anonymous_16)
FN:303,(anonymous_17)
FN:320,(anonymous_18)
FN:348,(anonymous_19)
FN:368,(anonymous_20)
FN:373,(anonymous_21)
FN:378,(anonymous_22)
FN:379,(anonymous_23)
FN:389,(anonymous_24)
FN:401,(anonymous_25)
FN:409,(anonymous_26)
FN:411,(anonymous_27)
FN:412,(anonymous_28)
FN:421,(anonymous_29)
FNF:30
FNH:12
FNDA:20,(anonymous_0)
FNDA:100,(anonymous_1)
FNDA:2,(anonymous_2)
FNDA:9,(anonymous_3)
FNDA:1,(anonymous_4)
FNDA:0,(anonymous_5)
FNDA:0,(anonymous_6)
FNDA:0,(anonymous_7)
FNDA:0,(anonymous_8)
FNDA:0,(anonymous_9)
FNDA:0,(anonymous_10)
FNDA:0,(anonymous_11)
FNDA:0,(anonymous_12)
FNDA:0,(anonymous_13)
FNDA:0,(anonymous_14)
FNDA:0,(anonymous_15)
FNDA:9,(anonymous_16)
FNDA:0,(anonymous_17)
FNDA:4,(anonymous_18)
FNDA:0,(anonymous_19)
FNDA:0,(anonymous_20)
FNDA:0,(anonymous_21)
FNDA:0,(anonymous_22)
FNDA:0,(anonymous_23)
FNDA:0,(anonymous_24)
FNDA:3,(anonymous_25)
FNDA:5,(anonymous_26)
FNDA:25,(anonymous_27)
FNDA:25,(anonymous_28)
FNDA:3,(anonymous_29)
DA:1,20
DA:4,20
DA:5,20
DA:6,20
DA:7,20
DA:10,20
DA:11,20
DA:12,20
DA:13,20
DA:16,20
DA:24,20
DA:25,20
DA:26,20
DA:27,20
DA:28,20
DA:29,20
DA:32,20
DA:33,100
DA:41,20
DA:54,2
DA:55,2
DA:64,9
DA:65,1
DA:66,1
DA:68,0
DA:75,0
DA:76,0
DA:78,0
DA:80,0
DA:90,0
DA:91,0
DA:92,0
DA:94,0
DA:101,0
DA:105,0
DA:106,0
DA:108,0
DA:109,0
DA:111,0
DA:113,0
DA:114,0
DA:116,0
DA:117,0
DA:119,0
DA:127,0
DA:128,0
DA:129,0
DA:132,0
DA:140,0
DA:144,0
DA:145,0
DA:147,0
DA:148,0
DA:150,0
DA:152,0
DA:153,0
DA:155,0
DA:156,0
DA:158,0
DA:168,0
DA:169,0
DA:170,0
DA:175,0
DA:179,0
DA:181,0
DA:183,0
DA:184,0
DA:186,0
DA:188,0
DA:189,0
DA:191,0
DA:192,0
DA:194,0
DA:200,0
DA:201,0
DA:202,0
DA:204,0
DA:211,0
DA:215,0
DA:216,0
DA:218,0
DA:219,0
DA:221,0
DA:223,0
DA:224,0
DA:226,0
DA:227,0
DA:229,0
DA:235,0
DA:236,0
DA:238,0
DA:242,0
DA:246,0
DA:247,0
DA:249,0
DA:250,0
DA:252,0
DA:254,0
DA:255,0
DA:257,0
DA:258,0
DA:260,0
DA:266,9
DA:268,9
DA:276,9
DA:279,9
DA:281,1
DA:288,1
DA:290,1
DA:291,8
DA:293,2
DA:294,2
DA:295,1
DA:296,1
DA:297,1
DA:304,0
DA:306,0
DA:307,0
DA:315,0
DA:321,4
DA:322,4
DA:323,3
DA:324,1
DA:327,2
DA:329,2
DA:330,3
DA:331,3
DA:333,2
DA:334,2
DA:337,2
DA:339,2
DA:343,1
DA:349,0
DA:352,0
DA:353,0
DA:354,0
DA:355,0
DA:356,0
DA:359,0
DA:361,0
DA:365,0
DA:368,0
DA:369,0
DA:373,0
DA:374,0
DA:378,0
DA:379,0
DA:380,0
DA:390,0
DA:391,0
DA:392,0
DA:393,0
DA:402,3
DA:410,5
DA:411,25
DA:412,25
DA:414,5
DA:422,3
DA:423,3
DA:425,2
DA:427,2
DA:429,2
DA:433,20
LF:163
LH:61
BRDA:106,0,0,0
BRDA:106,0,1,0
BRDA:114,1,0,0
BRDA:114,1,1,0
BRDA:145,2,0,0
BRDA:145,2,1,0
BRDA:153,3,0,0
BRDA:153,3,1,0
BRDA:181,4,0,0
BRDA:181,4,1,0
BRDA:189,5,0,0
BRDA:189,5,1,0
BRDA:216,6,0,0
BRDA:216,6,1,0
BRDA:224,7,0,0
BRDA:224,7,1,0
BRDA:247,8,0,0
BRDA:247,8,1,0
BRDA:255,9,0,0
BRDA:255,9,1,0
BRDA:279,10,0,1
BRDA:279,10,1,8
BRDA:279,11,0,9
BRDA:279,11,1,2
BRDA:284,12,0,1
BRDA:284,12,1,0
BRDA:291,13,0,2
BRDA:291,13,1,6
BRDA:291,14,0,8
BRDA:291,14,1,7
BRDA:294,15,0,1
BRDA:294,15,1,1
BRDA:323,16,0,1
BRDA:323,16,1,2
BRDA:323,17,0,3
BRDA:323,17,1,3
BRDA:331,18,0,2
BRDA:331,18,1,1
BRDA:331,19,0,3
BRDA:331,19,1,3
BRDA:354,20,0,0
BRDA:354,20,1,0
BRDA:390,21,0,0
BRDA:390,21,1,0
BRDA:414,22,0,3
BRDA:414,22,1,2
BRDA:423,23,0,1
BRDA:423,23,1,2
BRF:48
BRH:23
end_of_record
TN:
SF:server/notifications.js
FN:8,(anonymous_0)
FN:25,(anonymous_1)
FN:65,(anonymous_2)
FN:102,(anonymous_3)
FN:110,(anonymous_4)
FNF:5
FNH:5
FNDA:26,(anonymous_0)
FNDA:12,(anonymous_1)
FNDA:5,(anonymous_2)
FNDA:4,(anonymous_3)
FNDA:5,(anonymous_4)
DA:1,26
DA:2,26
DA:3,26
DA:5,26
DA:9,26
DA:10,26
DA:11,26
DA:13,26
DA:14,6
DA:16,20
DA:26,12
DA:27,1
DA:28,1
DA:32,11
DA:33,11
DA:35,11
DA:36,1
DA:37,1
DA:40,10
DA:41,10
DA:42,10
DA:44,10
DA:45,10
DA:51,10
DA:52,10
DA:53,9
DA:54,9
DA:56,1
DA:66,5
DA:67,1
DA:68,1
DA:71,4
DA:72,4
DA:73,4
DA:74,4
DA:76,4
DA:77,4
DA:78,4
DA:82,4
DA:83,4
DA:89,4
DA:90,4
DA:91,3
DA:92,3
DA:94,1
DA:103,4
DA:104,1
DA:105,1
DA:108,3
DA:109,3
DA:111,5
DA:112,5
DA:113,5
DA:114,5
DA:118,3
DA:119,3
DA:125,3
DA:126,3
DA:127,2
DA:129,1
DA:134,26
LF:61
LH:61
BRDA:10,0,0,26
BRDA:10,0,1,3
BRDA:13,1,0,6
BRDA:13,1,1,20
BRDA:26,2,0,1
BRDA:26,2,1,11
BRDA:33,3,0,11
BRDA:33,3,1,10
BRDA:35,4,0,1
BRDA:35,4,1,10
BRDA:40,5,0,10
BRDA:40,5,1,0
BRDA:42,6,0,10
BRDA:42,6,1,0
BRDA:44,7,0,10
BRDA:44,7,1,0
BRDA:66,8,0,1
BRDA:66,8,1,4
BRDA:76,9,0,4
BRDA:76,9,1,0
BRDA:78,10,0,2
BRDA:78,10,1,2
BRDA:82,11,0,4
BRDA:82,11,1,0
BRDA:103,12,0,1
BRDA:103,12,1,3
BRDA:111,13,0,5
BRDA:111,13,1,0
BRDA:118,14,0,3
BRDA:118,14,1,0
BRF:30
BRH:23
end_of_record
TN:
SF:server/token-manager.js
FN:9,(anonymous_0)
FN:27,(anonymous_1)
FN:43,(anonymous_2)
FN:57,(anonymous_3)
FN:73,(anonymous_4)
FN:118,(anonymous_5)
FN:141,(anonymous_6)
FN:166,(anonymous_7)
FN:168,(anonymous_8)
FNF:9
FNH:1
FNDA:2,(anonymous_0)
FNDA:0,(anonymous_1)
FNDA:0,(anonymous_2)
FNDA:0,(anonymous_3)
FNDA:0,(anonymous_4)
FNDA:0,(anonymous_5)
FNDA:0,(anonymous_6)
FNDA:0,(anonymous_7)
FNDA:0,(anonymous_8)
DA:1,2
DA:2,2
DA:3,2
DA:4,2
DA:6,2
DA:10,2
DA:11,2
DA:12,2
DA:13,2
DA:14,2
DA:15,2
DA:18,2
DA:19,2
DA:20,0
DA:28,0
DA:29,0
DA:30,0
DA:31,0
DA:32,0
DA:35,0
DA:37,0
DA:44,0
DA:45,0
DA:46,0
DA:47,0
DA:49,0
DA:50,0
DA:58,0
DA:59,0
DA:63,0
DA:64,0
DA:65,0
DA:67,0
DA:74,0
DA:75,0
DA:78,0
DA:80,0
DA:81,0
DA:97,0
DA:100,0
DA:103,0
DA:105,0
DA:106,0
DA:108,0
DA:110,0
DA:111,0
DA:120,0
DA:121,0
DA:125,0
DA:126,0
DA:130,0
DA:131,0
DA:132,0
DA:135,0
DA:142,0
DA:143,0
DA:145,0
DA:146,0
DA:147,0
DA:150,0
DA:158,0
DA:159,0
DA:160,0
DA:168,0
DA:169,0
DA:170,0
DA:171,0
DA:172,0
DA:175,0
DA:179,0
DA:183,2
LF:71
LH:14
BRDA:19,0,0,0
BRDA:19,0,1,2
BRDA:29,1,0,0
BRDA:29,1,1,0
BRDA:58,2,0,0
BRDA:58,2,1,0
BRDA:58,3,0,0
BRDA:58,3,1,0
BRDA:74,4,0,0
BRDA:74,4,1,0
BRDA:74,5,0,0
BRDA:74,5,1,0
BRDA:110,6,0,0
BRDA:110,6,1,0
BRDA:120,7,0,0
BRDA:120,7,1,0
BRDA:125,8,0,0
BRDA:125,8,1,0
BRDA:130,9,0,0
BRDA:130,9,1,0
BRDA:145,10,0,0
BRDA:145,10,1,0
BRDA:145,11,0,0
BRDA:145,11,1,0
BRDA:170,12,0,0
BRDA:170,12,1,0
BRF:26
BRH:1
end_of_record
TN:
SF:server/config/constants.js
FNF:0
FNH:0
DA:10,49
DA:22,49
DA:34,49
DA:43,49
DA:54,49
DA:61,49
LF:6
LH:6
BRF:0
BRH:0
end_of_record
TN:
SF:server/config/env-validator.js
FN:33,validateEnv
FN:34,(anonymous_1)
FN:57,getEnvOrDefault
FN:67,getIntEnvOrDefault
FN:83,logConfiguration
FNF:5
FNH:1
FNDA:0,validateEnv
FNDA:0,(anonymous_1)
FNDA:0,getEnvOrDefault
FNDA:40,getIntEnvOrDefault
FNDA:0,logConfiguration
DA:6,20
DA:11,20
DA:23,20
DA:34,0
DA:36,0
DA:37,0
DA:44,0
DA:45,0
DA:48,0
DA:58,0
DA:68,40
DA:69,40
DA:71,38
DA:72,38
DA:73,0
DA:74,0
DA:77,38
DA:84,0
DA:85,0
DA:86,0
DA:87,0
DA:88,0
DA:89,0
DA:92,20
LF:24
LH:9
BRDA:36,0,0,0
BRDA:36,0,1,0
BRDA:44,1,0,0
BRDA:44,1,1,0
BRDA:44,2,0,0
BRDA:44,2,1,0
BRDA:58,3,0,0
BRDA:58,3,1,0
BRDA:69,4,0,2
BRDA:69,4,1,38
BRDA:72,5,0,0
BRDA:72,5,1,38
BRF:12
BRH:3
end_of_record
TN:
SF:server/config/environment.js
FNF:0
FNH:0
DA:6,0
DA:7,0
DA:9,0
DA:14,0
DA:37,0
DA:62,0
DA:85,0
DA:91,0
DA:93,0
DA:95,0
LF:10
LH:0
BRDA:9,0,0,0
BRDA:9,0,1,0
BRDA:52,1,0,0
BRDA:52,1,1,0
BRDA:91,2,0,0
BRDA:91,2,1,0
BRF:6
BRH:0
end_of_record
TN:
SF:server/middleware/auth.js
FN:13,authenticateSSE
FN:39,authenticateAPI
FN:65,asyncHandler
FN:66,(anonymous_3)
FNF:4
FNH:2
FNDA:0,authenticateSSE
FNDA:0,authenticateAPI
FNDA:10,asyncHandler
FNDA:9,(anonymous_3)
DA:6,1
DA:7,1
DA:14,0
DA:15,0
DA:18,0
DA:19,0
DA:20,0
DA:23,0
DA:24,0
DA:25,0
DA:27,0
DA:28,0
DA:40,0
DA:41,0
DA:44,0
DA:45,0
DA:48,0
DA:49,0
DA:51,0
DA:52,0
DA:66,10
DA:67,9
DA:71,1
LF:23
LH:5
BRDA:14,0,0,0
BRDA:14,0,1,0
BRDA:18,1,0,0
BRDA:18,1,1,0
BRDA:23,2,0,0
BRDA:23,2,1,0
BRDA:44,3,0,0
BRDA:44,3,1,0
BRDA:48,4,0,0
BRDA:48,4,1,0
BRF:10
BRH:0
end_of_record
TN:
SF:server/middleware/validation.js
FN:16,validate
FNF:1
FNH:1
FNDA:13,validate
DA:6,1
DA:7,1
DA:8,1
DA:10,1
DA:17,13
DA:19,13
DA:20,5
DA:25,5
DA:32,8
DA:38,1
DA:56,1
DA:69,1
DA:79,1
LF:13
LH:13
BRDA:19,0,0,5
BRDA:19,0,1,8
BRF:2
BRH:2
end_of_record
TN:
SF:server/utils/export-helpers.js
FN:11,toCSV
FN:20,(anonymous_1)
FN:21,(anonymous_2)
FN:39,exportHealthChecksToCSV
FN:42,(anonymous_4)
FN:58,exportIncidentsToCSV
FN:61,(anonymous_6)
FN:78,exportStatsToCSV
FN:81,(anonymous_8)
FN:99,toJSON
FN:112,generateReport
FN:138,calculateOverallUptime
FN:139,(anonymous_12)
FN:141,(anonymous_13)
FN:150,calculateAvgResponseTime
FN:151,(anonymous_15)
FN:153,(anonymous_16)
FNF:17
FNH:0
FNDA:0,toCSV
FNDA:0,(anonymous_1)
FNDA:0,(anonymous_2)
FNDA:0,exportHealthChecksToCSV
FNDA:0,(anonymous_4)
FNDA:0,exportIncidentsToCSV
FNDA:0,(anonymous_6)
FNDA:0,exportStatsToCSV
FNDA:0,(anonymous_8)
FNDA:0,toJSON
FNDA:0,generateReport
FNDA:0,calculateOverallUptime
FNDA:0,(anonymous_12)
FNDA:0,(anonymous_13)
FNDA:0,calculateAvgResponseTime
FNDA:0,(anonymous_15)
FNDA:0,(anonymous_16)
DA:12,0
DA:13,0
DA:17,0
DA:20,0
DA:21,0
DA:22,0
DA:24,0
DA:25,0
DA:27,0
DA:31,0
DA:40,0
DA:42,0
DA:50,0
DA:59,0
DA:61,0
DA:70,0
DA:79,0
DA:81,0
DA:90,0
DA:100,0
DA:113,0
DA:115,0
DA:139,0
DA:140,0
DA:141,0
DA:151,0
DA:152,0
DA:153,0
DA:157,1
LF:29
LH:1
BRDA:12,0,0,0
BRDA:12,0,1,0
BRDA:12,1,0,0
BRDA:12,1,1,0
BRDA:24,2,0,0
BRDA:24,2,1,0
BRDA:24,3,0,0
BRDA:24,3,1,0
BRDA:24,3,2,0
BRDA:27,4,0,0
BRDA:27,4,1,0
BRDA:47,5,0,0
BRDA:47,5,1,0
BRDA:65,6,0,0
BRDA:65,6,1,0
BRDA:66,7,0,0
BRDA:66,7,1,0
BRDA:67,8,0,0
BRDA:67,8,1,0
BRDA:85,9,0,0
BRDA:85,9,1,0
BRDA:86,10,0,0
BRDA:86,10,1,0
BRDA:87,11,0,0
BRDA:87,11,1,0
BRDA:99,12,0,0
BRDA:100,13,0,0
BRDA:100,13,1,0
BRDA:139,14,0,0
BRDA:139,14,1,0
BRDA:140,15,0,0
BRDA:140,15,1,0
BRDA:151,16,0,0
BRDA:151,16,1,0
BRDA:152,17,0,0
BRDA:152,17,1,0
BRF:36
BRH:0
end_of_record
TN:
SF:server/utils/http-helpers.js
FN:13,isSuccessStatus
FN:22,isClientError
FN:31,isServerError
FN:41,buildAmoCRMUrl
FN:52,createAuthConfig
FN:59,(anonymous_5)
FN:68,extractErrorMessage
FNF:7
FNH:4
FNDA:0,isSuccessStatus
FNDA:0,isClientError
FNDA:6,isServerError
FNDA:2,buildAmoCRMUrl
FNDA:1,createAuthConfig
FNDA:0,(anonymous_5)
FNDA:3,extractErrorMessage
DA:6,21
DA:14,0
DA:23,0
DA:32,6
DA:42,2
DA:43,2
DA:53,1
DA:59,0
DA:69,3
DA:70,1
DA:72,2
DA:73,1
DA:75,1
DA:76,0
DA:78,1
DA:81,21
LF:16
LH:12
BRDA:14,0,0,0
BRDA:14,0,1,0
BRDA:23,1,0,0
BRDA:23,1,1,0
BRDA:42,2,0,1
BRDA:42,2,1,1
BRDA:52,3,0,0
BRDA:69,4,0,1
BRDA:69,4,1,2
BRDA:72,5,0,1
BRDA:72,5,1,1
BRDA:75,6,0,0
BRDA:75,6,1,1
BRDA:78,7,0,1
BRDA:78,7,1,0
BRF:15
BRH:8
end_of_record
TN:
SF:server/utils/logger.js
FN:22,(anonymous_0)
FN:109,(anonymous_1)
FN:118,(anonymous_2)
FN:127,(anonymous_3)
FN:136,(anonymous_4)
FN:155,(anonymous_5)
FN:166,(anonymous_6)
FN:182,createLogger
FN:191,getWinstonLogger
FNF:9
FNH:8
FNDA:0,(anonymous_0)
FNDA:9,(anonymous_1)
FNDA:2,(anonymous_2)
FNDA:1,(anonymous_3)
FNDA:2,(anonymous_4)
FNDA:1,(anonymous_5)
FNDA:1,(anonymous_6)
FNDA:9,createLogger
FNDA:9,getWinstonLogger
DA:6,1
DA:7,1
DA:8,1
DA:9,1
DA:12,1
DA:13,1
DA:14,0
DA:18,1
DA:23,0
DA:24,0
DA:25,0
DA:27,0
DA:30,0
DA:31,0
DA:32,0
DA:35,0
DA:40,1
DA:50,1
DA:59,1
DA:67,1
DA:79,1
DA:80,1
DA:84,1
DA:95,1
DA:110,9
DA:119,2
DA:128,1
DA:137,2
DA:138,1
DA:143,1
DA:144,0
DA:146,1
DA:156,1
DA:167,1
DA:183,9
DA:192,9
DA:195,1
LF:37
LH:27
BRDA:13,0,0,0
BRDA:13,0,1,1
BRDA:24,1,0,0
BRDA:24,1,1,0
BRDA:31,2,0,0
BRDA:31,2,1,0
BRDA:68,3,0,1
BRDA:68,3,1,1
BRDA:68,4,0,0
BRDA:68,4,1,1
BRDA:79,5,0,1
BRDA:79,5,1,0
BRDA:79,6,0,1
BRDA:79,6,1,0
BRDA:118,7,0,1
BRDA:127,8,0,1
BRDA:136,9,0,1
BRDA:137,10,0,1
BRDA:137,10,1,1
BRDA:143,11,0,0
BRDA:143,11,1,1
BRDA:155,12,0,1
BRF:22
BRH:13
end_of_record
