TN:
SF:server/api.js
FN:21,(anonymous_0)
FN:31,(anonymous_1)
FN:44,(anonymous_2)
FN:56,(anonymous_3)
FN:119,(anonymous_4)
FN:150,(anonymous_5)
FN:157,(anonymous_6)
FN:180,(anonymous_7)
FN:181,(anonymous_8)
FN:199,startHeartbeat
FN:200,(anonymous_10)
FN:204,(anonymous_11)
FN:215,(anonymous_12)
FN:232,broadcastUpdate
FN:243,(anonymous_14)
FN:253,(anonymous_15)
FN:260,(anonymous_16)
FNF:17
FNH:5
FNDA:1,(anonymous_0)
FNDA:4,(anonymous_1)
FNDA:2,(anonymous_2)
FNDA:2,(anonymous_3)
FNDA:2,(anonymous_4)
FNDA:0,(anonymous_5)
FNDA:0,(anonymous_6)
FNDA:0,(anonymous_7)
FNDA:0,(anonymous_8)
FNDA:0,startHeartbeat
FNDA:0,(anonymous_10)
FNDA:0,(anonymous_11)
FNDA:0,(anonymous_12)
FNDA:0,broadcastUpdate
FNDA:0,(anonymous_14)
FNDA:0,(anonymous_15)
FNDA:0,(anonymous_16)
DA:1,1
DA:2,1
DA:3,1
DA:4,1
DA:5,1
DA:6,1
DA:7,1
DA:8,1
DA:10,1
DA:11,1
DA:14,1
DA:17,1
DA:18,1
DA:21,1
DA:22,1
DA:23,1
DA:31,1
DA:32,4
DA:34,4
DA:36,3
DA:44,1
DA:45,2
DA:46,2
DA:48,2
DA:56,1
DA:57,2
DA:59,2
DA:60,2
DA:62,2
DA:63,10
DA:73,10
DA:75,10
DA:78,10
DA:79,10
DA:80,10
DA:83,10
DA:111,2
DA:119,1
DA:120,2
DA:121,2
DA:122,2
DA:124,2
DA:127,2
DA:129,2
DA:138,2
DA:139,2
DA:144,2
DA:145,1
DA:150,1
DA:151,0
DA:152,0
DA:153,0
DA:157,1
DA:159,0
DA:160,0
DA:161,0
DA:162,0
DA:165,0
DA:168,0
DA:169,0
DA:170,0
DA:172,0
DA:175,0
DA:176,0
DA:180,0
DA:181,0
DA:182,0
DA:183,0
DA:185,0
DA:188,0
DA:189,0
DA:190,0
DA:191,0
DA:200,0
DA:201,0
DA:202,0
DA:204,0
DA:205,0
DA:206,0
DA:207,0
DA:209,0
DA:210,0
DA:215,0
DA:216,0
DA:217,0
DA:218,0
DA:221,0
DA:222,0
DA:226,0
DA:233,0
DA:235,0
DA:242,0
DA:243,0
DA:244,0
DA:245,0
DA:247,0
DA:248,0
DA:253,0
DA:254,0
DA:255,0
DA:260,1
DA:261,0
DA:264,1
LF:103
LH:52
BRDA:32,0,0,3
BRDA:34,1,0,4
BRDA:34,1,1,3
BRDA:45,2,0,1
BRDA:57,3,0,1
BRDA:73,4,0,10
BRDA:73,4,1,0
BRDA:80,5,0,10
BRDA:80,5,1,0
BRDA:124,6,0,1
BRDA:124,6,1,1
BRDA:130,7,0,1
BRDA:130,7,1,1
BRDA:138,8,0,1
BRDA:138,8,1,1
BRDA:144,9,0,1
BRDA:144,9,1,1
BRDA:175,10,0,0
BRDA:175,10,1,0
BRDA:175,11,0,0
BRDA:175,11,1,0
BRDA:182,12,0,0
BRDA:182,12,1,0
BRDA:188,13,0,0
BRDA:188,13,1,0
BRDA:188,14,0,0
BRDA:188,14,1,0
BRDA:221,15,0,0
BRDA:221,15,1,0
BRDA:233,16,0,0
BRDA:233,16,1,0
BRF:31
BRH:15
end_of_record
TN:
SF:server/database.js
FN:9,(anonymous_0)
FN:13,(anonymous_1)
FN:14,(anonymous_2)
FN:15,(anonymous_3)
FN:29,(anonymous_4)
FN:30,(anonymous_5)
FN:31,(anonymous_6)
FN:43,(anonymous_7)
FN:62,(anonymous_8)
FN:84,(anonymous_9)
FN:98,(anonymous_10)
FN:99,(anonymous_11)
FN:105,(anonymous_12)
FN:117,(anonymous_13)
FN:118,(anonymous_14)
FN:133,(anonymous_15)
FN:144,(anonymous_16)
FN:145,(anonymous_17)
FN:152,(anonymous_18)
FN:170,(anonymous_19)
FN:171,(anonymous_20)
FN:187,(anonymous_21)
FN:204,(anonymous_22)
FN:205,(anonymous_23)
FN:210,(anonymous_24)
FN:222,(anonymous_25)
FN:223,(anonymous_26)
FN:229,(anonymous_27)
FN:241,(anonymous_28)
FN:242,(anonymous_29)
FN:248,(anonymous_30)
FN:260,(anonymous_31)
FN:261,(anonymous_32)
FN:268,(anonymous_33)
FN:280,(anonymous_34)
FN:281,(anonymous_35)
FN:287,(anonymous_36)
FN:299,(anonymous_37)
FN:300,(anonymous_38)
FN:302,(anonymous_39)
FN:310,(anonymous_40)
FN:325,(anonymous_41)
FN:326,(anonymous_42)
FN:334,(anonymous_43)
FN:355,(anonymous_44)
FN:356,(anonymous_45)
FN:367,(anonymous_46)
FN:383,(anonymous_47)
FN:401,(anonymous_48)
FN:402,(anonymous_49)
FN:409,(anonymous_50)
FN:423,(anonymous_51)
FN:424,(anonymous_52)
FN:433,(anonymous_53)
FN:457,(anonymous_54)
FN:458,(anonymous_55)
FN:466,(anonymous_56)
FN:477,(anonymous_57)
FN:478,(anonymous_58)
FN:486,(anonymous_59)
FN:496,(anonymous_60)
FN:497,(anonymous_61)
FN:499,(anonymous_62)
FNF:63
FNH:1
FNDA:2,(anonymous_0)
FNDA:0,(anonymous_1)
FNDA:0,(anonymous_2)
FNDA:0,(anonymous_3)
FNDA:0,(anonymous_4)
FNDA:0,(anonymous_5)
FNDA:0,(anonymous_6)
FNDA:0,(anonymous_7)
FNDA:0,(anonymous_8)
FNDA:0,(anonymous_9)
FNDA:0,(anonymous_10)
FNDA:0,(anonymous_11)
FNDA:0,(anonymous_12)
FNDA:0,(anonymous_13)
FNDA:0,(anonymous_14)
FNDA:0,(anonymous_15)
FNDA:0,(anonymous_16)
FNDA:0,(anonymous_17)
FNDA:0,(anonymous_18)
FNDA:0,(anonymous_19)
FNDA:0,(anonymous_20)
FNDA:0,(anonymous_21)
FNDA:0,(anonymous_22)
FNDA:0,(anonymous_23)
FNDA:0,(anonymous_24)
FNDA:0,(anonymous_25)
FNDA:0,(anonymous_26)
FNDA:0,(anonymous_27)
FNDA:0,(anonymous_28)
FNDA:0,(anonymous_29)
FNDA:0,(anonymous_30)
FNDA:0,(anonymous_31)
FNDA:0,(anonymous_32)
FNDA:0,(anonymous_33)
FNDA:0,(anonymous_34)
FNDA:0,(anonymous_35)
FNDA:0,(anonymous_36)
FNDA:0,(anonymous_37)
FNDA:0,(anonymous_38)
FNDA:0,(anonymous_39)
FNDA:0,(anonymous_40)
FNDA:0,(anonymous_41)
FNDA:0,(anonymous_42)
FNDA:0,(anonymous_43)
FNDA:0,(anonymous_44)
FNDA:0,(anonymous_45)
FNDA:0,(anonymous_46)
FNDA:0,(anonymous_47)
FNDA:0,(anonymous_48)
FNDA:0,(anonymous_49)
FNDA:0,(anonymous_50)
FNDA:0,(anonymous_51)
FNDA:0,(anonymous_52)
FNDA:0,(anonymous_53)
FNDA:0,(anonymous_54)
FNDA:0,(anonymous_55)
FNDA:0,(anonymous_56)
FNDA:0,(anonymous_57)
FNDA:0,(anonymous_58)
FNDA:0,(anonymous_59)
FNDA:0,(anonymous_60)
FNDA:0,(anonymous_61)
FNDA:0,(anonymous_62)
DA:1,2
DA:2,2
DA:3,2
DA:5,2
DA:6,2
DA:10,2
DA:14,0
DA:15,0
DA:16,0
DA:17,0
DA:18,0
DA:19,0
DA:21,0
DA:22,0
DA:30,0
DA:31,0
DA:33,0
DA:44,0
DA:45,0
DA:46,0
DA:47,0
DA:52,0
DA:63,0
DA:64,0
DA:65,0
DA:66,0
DA:71,0
DA:76,0
DA:81,0
DA:85,0
DA:86,0
DA:87,0
DA:89,0
DA:90,0
DA:99,0
DA:100,0
DA:101,0
DA:106,0
DA:107,0
DA:109,0
DA:118,0
DA:119,0
DA:120,0
DA:124,0
DA:126,0
DA:127,0
DA:128,0
DA:131,0
DA:133,0
DA:134,0
DA:135,0
DA:137,0
DA:145,0
DA:146,0
DA:147,0
DA:153,0
DA:154,0
DA:157,0
DA:158,0
DA:159,0
DA:171,0
DA:172,0
DA:173,0
DA:180,0
DA:182,0
DA:183,0
DA:184,0
DA:187,0
DA:188,0
DA:189,0
DA:191,0
DA:192,0
DA:205,0
DA:206,0
DA:211,0
DA:212,0
DA:214,0
DA:223,0
DA:224,0
DA:230,0
DA:231,0
DA:233,0
DA:242,0
DA:243,0
DA:249,0
DA:250,0
DA:252,0
DA:261,0
DA:262,0
DA:269,0
DA:270,0
DA:272,0
DA:281,0
DA:282,0
DA:288,0
DA:289,0
DA:291,0
DA:300,0
DA:301,0
DA:302,0
DA:303,0
DA:307,0
DA:311,0
DA:312,0
DA:313,0
DA:315,0
DA:316,0
DA:326,0
DA:327,0
DA:329,0
DA:335,0
DA:336,0
DA:337,0
DA:340,0
DA:341,0
DA:342,0
DA:345,0
DA:346,0
DA:356,0
DA:357,0
DA:359,0
DA:368,0
DA:369,0
DA:370,0
DA:374,0
DA:384,0
DA:385,0
DA:386,0
DA:388,0
DA:402,0
DA:403,0
DA:405,0
DA:410,0
DA:411,0
DA:412,0
DA:414,0
DA:424,0
DA:425,0
DA:427,0
DA:434,0
DA:435,0
DA:436,0
DA:439,0
DA:440,0
DA:441,0
DA:442,0
DA:445,0
DA:446,0
DA:448,0
DA:458,0
DA:459,0
DA:461,0
DA:467,0
DA:468,0
DA:469,0
DA:471,0
DA:478,0
DA:479,0
DA:481,0
DA:487,0
DA:488,0
DA:489,0
DA:491,0
DA:497,0
DA:498,0
DA:499,0
DA:500,0
DA:501,0
DA:502,0
DA:504,0
DA:505,0
DA:509,0
DA:515,2
LF:173
LH:7
BRDA:16,0,0,0
BRDA:16,0,1,0
BRDA:44,1,0,0
BRDA:44,1,1,0
BRDA:63,2,0,0
BRDA:63,2,1,0
BRDA:85,3,0,0
BRDA:85,3,1,0
BRDA:98,4,0,0
BRDA:106,5,0,0
BRDA:106,5,1,0
BRDA:117,6,0,0
BRDA:117,7,0,0
BRDA:126,8,0,0
BRDA:126,8,1,0
BRDA:134,9,0,0
BRDA:134,9,1,0
BRDA:144,10,0,0
BRDA:153,11,0,0
BRDA:153,11,1,0
BRDA:157,12,0,0
BRDA:157,12,1,0
BRDA:170,13,0,0
BRDA:170,14,0,0
BRDA:182,15,0,0
BRDA:182,15,1,0
BRDA:188,16,0,0
BRDA:188,16,1,0
BRDA:191,17,0,0
BRDA:191,17,1,0
BRDA:211,18,0,0
BRDA:211,18,1,0
BRDA:230,19,0,0
BRDA:230,19,1,0
BRDA:241,20,0,0
BRDA:249,21,0,0
BRDA:249,21,1,0
BRDA:269,22,0,0
BRDA:269,22,1,0
BRDA:288,23,0,0
BRDA:288,23,1,0
BRDA:291,24,0,0
BRDA:291,24,1,0
BRDA:311,25,0,0
BRDA:311,25,1,0
BRDA:325,26,0,0
BRDA:335,27,0,0
BRDA:335,27,1,0
BRDA:340,28,0,0
BRDA:340,28,1,0
BRDA:368,29,0,0
BRDA:368,29,1,0
BRDA:384,30,0,0
BRDA:384,30,1,0
BRDA:389,31,0,0
BRDA:389,31,1,0
BRDA:390,32,0,0
BRDA:390,32,1,0
BRDA:391,33,0,0
BRDA:391,33,1,0
BRDA:392,34,0,0
BRDA:392,34,1,0
BRDA:393,35,0,0
BRDA:393,35,1,0
BRDA:410,36,0,0
BRDA:410,36,1,0
BRDA:415,37,0,0
BRDA:415,37,1,0
BRDA:416,38,0,0
BRDA:416,38,1,0
BRDA:434,39,0,0
BRDA:434,39,1,0
BRDA:439,40,0,0
BRDA:439,40,1,0
BRDA:440,41,0,0
BRDA:440,41,1,0
BRDA:467,42,0,0
BRDA:467,42,1,0
BRDA:471,43,0,0
BRDA:471,43,1,0
BRDA:487,44,0,0
BRDA:487,44,1,0
BRDA:491,45,0,0
BRDA:491,45,1,0
BRDA:498,46,0,0
BRDA:498,46,1,0
BRDA:500,47,0,0
BRDA:500,47,1,0
BRF:88
BRH:0
end_of_record
TN:
SF:server/monitor.js
FN:23,(anonymous_0)
FN:32,(anonymous_1)
FN:48,(anonymous_2)
FN:58,(anonymous_3)
FN:59,(anonymous_4)
FN:69,(anonymous_5)
FN:80,(anonymous_6)
FN:113,(anonymous_7)
FN:132,(anonymous_8)
FN:155,(anonymous_9)
FN:163,(anonymous_10)
FN:187,(anonymous_11)
FN:199,(anonymous_12)
FN:222,(anonymous_13)
FN:230,(anonymous_14)
FN:253,(anonymous_15)
FN:291,(anonymous_16)
FN:308,(anonymous_17)
FN:336,(anonymous_18)
FN:356,(anonymous_19)
FN:361,(anonymous_20)
FN:366,(anonymous_21)
FN:367,(anonymous_22)
FN:374,(anonymous_23)
FN:386,(anonymous_24)
FN:394,(anonymous_25)
FN:396,(anonymous_26)
FN:397,(anonymous_27)
FN:406,(anonymous_28)
FNF:29
FNH:12
FNDA:20,(anonymous_0)
FNDA:100,(anonymous_1)
FNDA:2,(anonymous_2)
FNDA:9,(anonymous_3)
FNDA:1,(anonymous_4)
FNDA:0,(anonymous_5)
FNDA:0,(anonymous_6)
FNDA:0,(anonymous_7)
FNDA:0,(anonymous_8)
FNDA:0,(anonymous_9)
FNDA:0,(anonymous_10)
FNDA:0,(anonymous_11)
FNDA:0,(anonymous_12)
FNDA:0,(anonymous_13)
FNDA:0,(anonymous_14)
FNDA:9,(anonymous_15)
FNDA:0,(anonymous_16)
FNDA:4,(anonymous_17)
FNDA:0,(anonymous_18)
FNDA:0,(anonymous_19)
FNDA:0,(anonymous_20)
FNDA:0,(anonymous_21)
FNDA:0,(anonymous_22)
FNDA:0,(anonymous_23)
FNDA:3,(anonymous_24)
FNDA:5,(anonymous_25)
FNDA:25,(anonymous_26)
FNDA:25,(anonymous_27)
FNDA:3,(anonymous_28)
DA:1,20
DA:4,20
DA:5,20
DA:6,20
DA:7,20
DA:10,20
DA:11,20
DA:12,20
DA:13,20
DA:16,20
DA:24,20
DA:25,20
DA:26,20
DA:27,20
DA:28,20
DA:29,20
DA:32,20
DA:33,100
DA:41,20
DA:49,2
DA:50,2
DA:59,9
DA:60,1
DA:61,1
DA:63,0
DA:70,0
DA:71,0
DA:73,0
DA:75,0
DA:81,0
DA:82,0
DA:83,0
DA:84,0
DA:94,0
DA:95,0
DA:97,0
DA:98,0
DA:100,0
DA:102,0
DA:103,0
DA:105,0
DA:106,0
DA:108,0
DA:114,0
DA:115,0
DA:116,0
DA:118,0
DA:132,0
DA:136,0
DA:137,0
DA:139,0
DA:140,0
DA:142,0
DA:144,0
DA:145,0
DA:147,0
DA:148,0
DA:150,0
DA:156,0
DA:157,0
DA:158,0
DA:163,0
DA:167,0
DA:169,0
DA:171,0
DA:172,0
DA:174,0
DA:176,0
DA:177,0
DA:179,0
DA:180,0
DA:182,0
DA:188,0
DA:189,0
DA:190,0
DA:192,0
DA:199,0
DA:203,0
DA:204,0
DA:206,0
DA:207,0
DA:209,0
DA:211,0
DA:212,0
DA:214,0
DA:215,0
DA:217,0
DA:223,0
DA:224,0
DA:226,0
DA:230,0
DA:234,0
DA:235,0
DA:237,0
DA:238,0
DA:240,0
DA:242,0
DA:243,0
DA:245,0
DA:246,0
DA:248,0
DA:254,9
DA:256,9
DA:264,9
DA:267,9
DA:269,1
DA:276,1
DA:278,1
DA:279,8
DA:281,2
DA:282,2
DA:283,0
DA:284,0
DA:285,0
DA:292,0
DA:294,0
DA:295,0
DA:303,0
DA:309,4
DA:310,4
DA:311,4
DA:312,0
DA:315,0
DA:317,0
DA:318,0
DA:319,0
DA:321,0
DA:322,0
DA:325,0
DA:327,0
DA:331,4
DA:337,0
DA:340,0
DA:341,0
DA:342,0
DA:343,0
DA:344,0
DA:347,0
DA:349,0
DA:353,0
DA:356,0
DA:357,0
DA:361,0
DA:362,0
DA:366,0
DA:367,0
DA:368,0
DA:375,0
DA:376,0
DA:377,0
DA:378,0
DA:387,3
DA:395,5
DA:396,25
DA:397,25
DA:399,5
DA:407,3
DA:408,3
DA:410,2
DA:412,2
DA:414,2
DA:418,20
LF:162
LH:49
BRDA:95,0,0,0
BRDA:95,0,1,0
BRDA:103,1,0,0
BRDA:103,1,1,0
BRDA:137,2,0,0
BRDA:137,2,1,0
BRDA:145,3,0,0
BRDA:145,3,1,0
BRDA:169,4,0,0
BRDA:169,4,1,0
BRDA:177,5,0,0
BRDA:177,5,1,0
BRDA:204,6,0,0
BRDA:204,6,1,0
BRDA:212,7,0,0
BRDA:212,7,1,0
BRDA:235,8,0,0
BRDA:235,8,1,0
BRDA:243,9,0,0
BRDA:243,9,1,0
BRDA:267,10,0,1
BRDA:267,10,1,8
BRDA:267,11,0,9
BRDA:267,11,1,2
BRDA:272,12,0,1
BRDA:272,12,1,0
BRDA:279,13,0,2
BRDA:279,13,1,6
BRDA:279,14,0,8
BRDA:279,14,1,7
BRDA:282,15,0,0
BRDA:282,15,1,2
BRDA:311,16,0,0
BRDA:311,16,1,0
BRDA:319,17,0,0
BRDA:319,17,1,0
BRDA:319,18,0,0
BRDA:319,18,1,0
BRDA:342,19,0,0
BRDA:342,19,1,0
BRDA:375,20,0,0
BRDA:375,20,1,0
BRDA:399,21,0,3
BRDA:399,21,1,2
BRDA:408,22,0,1
BRDA:408,22,1,2
BRF:46
BRH:14
end_of_record
TN:
SF:server/notifications.js
FN:8,(anonymous_0)
FN:25,(anonymous_1)
FN:65,(anonymous_2)
FN:102,(anonymous_3)
FN:110,(anonymous_4)
FNF:5
FNH:1
FNDA:2,(anonymous_0)
FNDA:0,(anonymous_1)
FNDA:0,(anonymous_2)
FNDA:0,(anonymous_3)
FNDA:0,(anonymous_4)
DA:1,2
DA:2,2
DA:3,2
DA:5,2
DA:9,2
DA:10,2
DA:11,2
DA:13,2
DA:14,2
DA:16,0
DA:26,0
DA:27,0
DA:28,0
DA:32,0
DA:33,0
DA:35,0
DA:36,0
DA:37,0
DA:40,0
DA:41,0
DA:42,0
DA:44,0
DA:45,0
DA:51,0
DA:52,0
DA:53,0
DA:54,0
DA:56,0
DA:66,0
DA:67,0
DA:68,0
DA:71,0
DA:72,0
DA:73,0
DA:74,0
DA:76,0
DA:77,0
DA:78,0
DA:82,0
DA:83,0
DA:89,0
DA:90,0
DA:91,0
DA:92,0
DA:94,0
DA:103,0
DA:104,0
DA:105,0
DA:108,0
DA:109,0
DA:111,0
DA:112,0
DA:113,0
DA:114,0
DA:118,0
DA:119,0
DA:125,0
DA:126,0
DA:127,0
DA:129,0
DA:134,2
LF:61
LH:10
BRDA:10,0,0,2
BRDA:10,0,1,2
BRDA:13,1,0,2
BRDA:13,1,1,0
BRDA:26,2,0,0
BRDA:26,2,1,0
BRDA:33,3,0,0
BRDA:33,3,1,0
BRDA:35,4,0,0
BRDA:35,4,1,0
BRDA:40,5,0,0
BRDA:40,5,1,0
BRDA:42,6,0,0
BRDA:42,6,1,0
BRDA:44,7,0,0
BRDA:44,7,1,0
BRDA:66,8,0,0
BRDA:66,8,1,0
BRDA:76,9,0,0
BRDA:76,9,1,0
BRDA:78,10,0,0
BRDA:78,10,1,0
BRDA:82,11,0,0
BRDA:82,11,1,0
BRDA:103,12,0,0
BRDA:103,12,1,0
BRDA:111,13,0,0
BRDA:111,13,1,0
BRDA:118,14,0,0
BRDA:118,14,1,0
BRF:30
BRH:3
end_of_record
TN:
SF:server/token-manager.js
FN:6,(anonymous_0)
FN:24,(anonymous_1)
FN:40,(anonymous_2)
FN:54,(anonymous_3)
FN:70,(anonymous_4)
FN:115,(anonymous_5)
FN:138,(anonymous_6)
FN:163,(anonymous_7)
FN:165,(anonymous_8)
FNF:9
FNH:7
FNDA:20,(anonymous_0)
FNDA:6,(anonymous_1)
FNDA:3,(anonymous_2)
FNDA:5,(anonymous_3)
FNDA:3,(anonymous_4)
FNDA:3,(anonymous_5)
FNDA:2,(anonymous_6)
FNDA:0,(anonymous_7)
FNDA:0,(anonymous_8)
DA:1,20
DA:2,20
DA:3,20
DA:7,20
DA:8,20
DA:9,20
DA:10,20
DA:11,20
DA:12,20
DA:15,20
DA:16,20
DA:17,18
DA:25,6
DA:26,6
DA:27,0
DA:28,0
DA:29,0
DA:32,0
DA:34,6
DA:41,3
DA:42,3
DA:43,3
DA:44,3
DA:46,0
DA:47,0
DA:55,5
DA:56,2
DA:60,3
DA:61,3
DA:62,3
DA:64,3
DA:71,3
DA:72,1
DA:75,2
DA:77,2
DA:78,2
DA:94,2
DA:97,0
DA:100,0
DA:102,0
DA:103,0
DA:105,0
DA:107,2
DA:108,2
DA:117,3
DA:118,3
DA:122,3
DA:123,3
DA:127,0
DA:128,0
DA:129,0
DA:132,0
DA:139,2
DA:140,2
DA:142,2
DA:143,1
DA:144,1
DA:147,1
DA:155,1
DA:156,1
DA:157,1
DA:165,0
DA:166,0
DA:167,0
DA:168,0
DA:169,0
DA:172,0
DA:176,0
DA:180,20
LF:69
LH:47
BRDA:16,0,0,18
BRDA:16,0,1,2
BRDA:26,1,0,0
BRDA:26,1,1,6
BRDA:55,2,0,2
BRDA:55,2,1,3
BRDA:55,3,0,5
BRDA:55,3,1,4
BRDA:71,4,0,1
BRDA:71,4,1,2
BRDA:71,5,0,3
BRDA:71,5,1,2
BRDA:107,6,0,2
BRDA:107,6,1,2
BRDA:117,7,0,3
BRDA:117,7,1,0
BRDA:122,8,0,3
BRDA:122,8,1,0
BRDA:127,9,0,0
BRDA:127,9,1,0
BRDA:142,10,0,1
BRDA:142,10,1,1
BRDA:142,11,0,2
BRDA:142,11,1,1
BRDA:167,12,0,0
BRDA:167,12,1,0
BRF:26
BRH:19
end_of_record
TN:
SF:server/config/constants.js
FNF:0
FNH:0
DA:10,24
DA:22,24
DA:34,24
DA:43,24
DA:54,24
DA:61,24
LF:6
LH:6
BRF:0
BRH:0
end_of_record
TN:
SF:server/config/env-validator.js
FN:33,validateEnv
FN:34,(anonymous_1)
FN:57,getEnvOrDefault
FN:67,getIntEnvOrDefault
FN:83,logConfiguration
FNF:5
FNH:1
FNDA:0,validateEnv
FNDA:0,(anonymous_1)
FNDA:0,getEnvOrDefault
FNDA:40,getIntEnvOrDefault
FNDA:0,logConfiguration
DA:6,20
DA:11,20
DA:23,20
DA:34,0
DA:36,0
DA:37,0
DA:44,0
DA:45,0
DA:48,0
DA:58,0
DA:68,40
DA:69,40
DA:71,38
DA:72,38
DA:73,0
DA:74,0
DA:77,38
DA:84,0
DA:85,0
DA:86,0
DA:87,0
DA:88,0
DA:89,0
DA:92,20
LF:24
LH:9
BRDA:36,0,0,0
BRDA:36,0,1,0
BRDA:44,1,0,0
BRDA:44,1,1,0
BRDA:44,2,0,0
BRDA:44,2,1,0
BRDA:58,3,0,0
BRDA:58,3,1,0
BRDA:69,4,0,2
BRDA:69,4,1,38
BRDA:72,5,0,0
BRDA:72,5,1,38
BRF:12
BRH:3
end_of_record
TN:
SF:server/config/environment.js
FNF:0
FNH:0
DA:6,0
DA:7,0
DA:9,0
DA:14,0
DA:37,0
DA:62,0
DA:85,0
DA:91,0
DA:93,0
DA:95,0
LF:10
LH:0
BRDA:9,0,0,0
BRDA:9,0,1,0
BRDA:52,1,0,0
BRDA:52,1,1,0
BRDA:91,2,0,0
BRDA:91,2,1,0
BRF:6
BRH:0
end_of_record
TN:
SF:server/middleware/auth.js
FN:13,authenticateSSE
FN:39,authenticateAPI
FN:65,asyncHandler
FN:66,(anonymous_3)
FNF:4
FNH:2
FNDA:0,authenticateSSE
FNDA:0,authenticateAPI
FNDA:5,asyncHandler
FNDA:9,(anonymous_3)
DA:6,1
DA:7,1
DA:14,0
DA:15,0
DA:18,0
DA:19,0
DA:20,0
DA:23,0
DA:24,0
DA:25,0
DA:27,0
DA:28,0
DA:40,0
DA:41,0
DA:44,0
DA:45,0
DA:48,0
DA:49,0
DA:51,0
DA:52,0
DA:66,5
DA:67,9
DA:71,1
LF:23
LH:5
BRDA:14,0,0,0
BRDA:14,0,1,0
BRDA:18,1,0,0
BRDA:18,1,1,0
BRDA:23,2,0,0
BRDA:23,2,1,0
BRDA:44,3,0,0
BRDA:44,3,1,0
BRDA:48,4,0,0
BRDA:48,4,1,0
BRF:10
BRH:0
end_of_record
TN:
SF:server/middleware/validation.js
FN:16,validate
FNF:1
FNH:1
FNDA:13,validate
DA:6,1
DA:7,1
DA:8,1
DA:10,1
DA:17,13
DA:19,13
DA:20,5
DA:25,5
DA:32,8
DA:38,1
DA:56,1
DA:69,1
DA:79,1
LF:13
LH:13
BRDA:19,0,0,5
BRDA:19,0,1,8
BRF:2
BRH:2
end_of_record
TN:
SF:server/utils/http-helpers.js
FN:13,isSuccessStatus
FN:22,isClientError
FN:31,isServerError
FN:41,buildAmoCRMUrl
FN:52,createAuthConfig
FN:59,(anonymous_5)
FN:68,extractErrorMessage
FNF:7
FNH:4
FNDA:0,isSuccessStatus
FNDA:0,isClientError
FNDA:6,isServerError
FNDA:2,buildAmoCRMUrl
FNDA:1,createAuthConfig
FNDA:0,(anonymous_5)
FNDA:3,extractErrorMessage
DA:6,21
DA:14,0
DA:23,0
DA:32,6
DA:42,2
DA:43,2
DA:53,1
DA:59,0
DA:69,3
DA:70,1
DA:72,2
DA:73,1
DA:75,1
DA:76,0
DA:78,1
DA:81,21
LF:16
LH:12
BRDA:14,0,0,0
BRDA:14,0,1,0
BRDA:23,1,0,0
BRDA:23,1,1,0
BRDA:42,2,0,1
BRDA:42,2,1,1
BRDA:52,3,0,0
BRDA:69,4,0,1
BRDA:69,4,1,2
BRDA:72,5,0,1
BRDA:72,5,1,1
BRDA:75,6,0,0
BRDA:75,6,1,1
BRDA:78,7,0,1
BRDA:78,7,1,1
BRF:15
BRH:9
end_of_record
TN:
SF:server/utils/logger.js
FN:20,getTimestamp
FN:31,formatMessage
FN:39,(anonymous_2)
FN:48,(anonymous_3)
FN:58,(anonymous_4)
FN:68,(anonymous_5)
FN:85,(anonymous_6)
FN:98,createLogger
FNF:8
FNH:7
FNDA:4,getTimestamp
FNDA:4,formatMessage
FNDA:5,(anonymous_2)
FNDA:2,(anonymous_3)
FNDA:1,(anonymous_4)
FNDA:1,(anonymous_5)
FNDA:0,(anonymous_6)
FNDA:5,createLogger
DA:9,1
DA:21,4
DA:32,4
DA:40,5
DA:49,2
DA:50,2
DA:59,1
DA:60,1
DA:69,1
DA:70,1
DA:71,0
DA:72,0
DA:73,0
DA:75,0
DA:86,0
DA:87,0
DA:88,0
DA:99,5
DA:102,1
LF:19
LH:12
BRDA:48,0,0,2
BRDA:50,1,0,0
BRDA:50,1,1,2
BRDA:58,2,0,1
BRDA:60,3,0,0
BRDA:60,3,1,1
BRDA:68,4,0,1
BRDA:70,5,0,0
BRDA:70,5,1,1
BRDA:71,6,0,0
BRDA:71,6,1,0
BRDA:73,7,0,0
BRDA:73,7,1,0
BRDA:85,8,0,0
BRDA:86,9,0,0
BRDA:86,9,1,0
BRDA:88,10,0,0
BRDA:88,10,1,0
BRF:18
BRH:6
end_of_record
